<?xml version="1.0" encoding="UTF-8"?>
<testsuite xmlns:xsi="http://www.w3.org/2001/XMLSchema-instance" xsi:noNamespaceSchemaLocation="https://maven.apache.org/surefire/maven-surefire-plugin/xsd/surefire-test-report-3.0.xsd" version="3.0" name="com.tongji.microservice.teamsphere.taskservice.impl.TaskServiceImplTest" time="1.203" tests="29" errors="0" skipped="0" failures="0">
  <properties>
    <property name="java.specification.version" value="17"/>
    <property name="sun.cpu.isalist" value="amd64"/>
    <property name="sun.jnu.encoding" value="GBK"/>
    <property name="java.class.path" value="D:\Files\Code\CoursesProjects\SoftwareTestPlatform\test-targets\Microservices\task-service\target\test-classes;D:\Files\Code\CoursesProjects\SoftwareTestPlatform\test-targets\Microservices\task-service\target\classes;D:\Applications\Editors\TOOLS\apache-maven-3.9.6\repository\org\springframework\boot\spring-boot-starter-amqp\3.1.2\spring-boot-starter-amqp-3.1.2.jar;D:\Applications\Editors\TOOLS\apache-maven-3.9.6\repository\org\springframework\boot\spring-boot-starter\3.1.2\spring-boot-starter-3.1.2.jar;D:\Applications\Editors\TOOLS\apache-maven-3.9.6\repository\org\springframework\boot\spring-boot\3.1.2\spring-boot-3.1.2.jar;D:\Applications\Editors\TOOLS\apache-maven-3.9.6\repository\org\springframework\boot\spring-boot-starter-logging\3.1.2\spring-boot-starter-logging-3.1.2.jar;D:\Applications\Editors\TOOLS\apache-maven-3.9.6\repository\ch\qos\logback\logback-classic\1.4.8\logback-classic-1.4.8.jar;D:\Applications\Editors\TOOLS\apache-maven-3.9.6\repository\ch\qos\logback\logback-core\1.4.8\logback-core-1.4.8.jar;D:\Applications\Editors\TOOLS\apache-maven-3.9.6\repository\org\apache\logging\log4j\log4j-to-slf4j\2.20.0\log4j-to-slf4j-2.20.0.jar;D:\Applications\Editors\TOOLS\apache-maven-3.9.6\repository\org\apache\logging\log4j\log4j-api\2.20.0\log4j-api-2.20.0.jar;D:\Applications\Editors\TOOLS\apache-maven-3.9.6\repository\org\slf4j\jul-to-slf4j\2.0.7\jul-to-slf4j-2.0.7.jar;D:\Applications\Editors\TOOLS\apache-maven-3.9.6\repository\jakarta\annotation\jakarta.annotation-api\2.1.1\jakarta.annotation-api-2.1.1.jar;D:\Applications\Editors\TOOLS\apache-maven-3.9.6\repository\org\springframework\spring-messaging\6.0.11\spring-messaging-6.0.11.jar;D:\Applications\Editors\TOOLS\apache-maven-3.9.6\repository\org\springframework\spring-beans\6.0.11\spring-beans-6.0.11.jar;D:\Applications\Editors\TOOLS\apache-maven-3.9.6\repository\org\springframework\amqp\spring-rabbit\3.0.6\spring-rabbit-3.0.6.jar;D:\Applications\Editors\TOOLS\apache-maven-3.9.6\repository\org\springframework\amqp\spring-amqp\3.0.6\spring-amqp-3.0.6.jar;D:\Applications\Editors\TOOLS\apache-maven-3.9.6\repository\org\springframework\retry\spring-retry\2.0.2\spring-retry-2.0.2.jar;D:\Applications\Editors\TOOLS\apache-maven-3.9.6\repository\com\rabbitmq\amqp-client\5.17.1\amqp-client-5.17.1.jar;D:\Applications\Editors\TOOLS\apache-maven-3.9.6\repository\org\springframework\spring-context\6.0.11\spring-context-6.0.11.jar;D:\Applications\Editors\TOOLS\apache-maven-3.9.6\repository\org\springframework\spring-tx\6.0.11\spring-tx-6.0.11.jar;D:\Applications\Editors\TOOLS\apache-maven-3.9.6\repository\io\micrometer\micrometer-observation\1.11.2\micrometer-observation-1.11.2.jar;D:\Applications\Editors\TOOLS\apache-maven-3.9.6\repository\io\micrometer\micrometer-commons\1.11.2\micrometer-commons-1.11.2.jar;D:\Applications\Editors\TOOLS\apache-maven-3.9.6\repository\org\springframework\boot\spring-boot-starter-web\3.1.2\spring-boot-starter-web-3.1.2.jar;D:\Applications\Editors\TOOLS\apache-maven-3.9.6\repository\org\springframework\boot\spring-boot-starter-json\3.1.2\spring-boot-starter-json-3.1.2.jar;D:\Applications\Editors\TOOLS\apache-maven-3.9.6\repository\com\fasterxml\jackson\datatype\jackson-datatype-jdk8\2.15.2\jackson-datatype-jdk8-2.15.2.jar;D:\Applications\Editors\TOOLS\apache-maven-3.9.6\repository\com\fasterxml\jackson\datatype\jackson-datatype-jsr310\2.15.2\jackson-datatype-jsr310-2.15.2.jar;D:\Applications\Editors\TOOLS\apache-maven-3.9.6\repository\com\fasterxml\jackson\module\jackson-module-parameter-names\2.15.2\jackson-module-parameter-names-2.15.2.jar;D:\Applications\Editors\TOOLS\apache-maven-3.9.6\repository\org\springframework\boot\spring-boot-starter-tomcat\3.1.2\spring-boot-starter-tomcat-3.1.2.jar;D:\Applications\Editors\TOOLS\apache-maven-3.9.6\repository\org\apache\tomcat\embed\tomcat-embed-core\10.1.11\tomcat-embed-core-10.1.11.jar;D:\Applications\Editors\TOOLS\apache-maven-3.9.6\repository\org\apache\tomcat\embed\tomcat-embed-el\10.1.11\tomcat-embed-el-10.1.11.jar;D:\Applications\Editors\TOOLS\apache-maven-3.9.6\repository\org\apache\tomcat\embed\tomcat-embed-websocket\10.1.11\tomcat-embed-websocket-10.1.11.jar;D:\Applications\Editors\TOOLS\apache-maven-3.9.6\repository\org\springframework\spring-web\6.0.11\spring-web-6.0.11.jar;D:\Applications\Editors\TOOLS\apache-maven-3.9.6\repository\org\springframework\spring-webmvc\6.0.11\spring-webmvc-6.0.11.jar;D:\Applications\Editors\TOOLS\apache-maven-3.9.6\repository\org\springframework\spring-aop\6.0.11\spring-aop-6.0.11.jar;D:\Applications\Editors\TOOLS\apache-maven-3.9.6\repository\org\springframework\spring-expression\6.0.11\spring-expression-6.0.11.jar;D:\Applications\Editors\TOOLS\apache-maven-3.9.6\repository\com\alibaba\nacos\nacos-client\2.2.1\nacos-client-2.2.1.jar;D:\Applications\Editors\TOOLS\apache-maven-3.9.6\repository\com\alibaba\nacos\nacos-auth-plugin\2.2.1\nacos-auth-plugin-2.2.1.jar;D:\Applications\Editors\TOOLS\apache-maven-3.9.6\repository\com\alibaba\nacos\nacos-encryption-plugin\2.2.1\nacos-encryption-plugin-2.2.1.jar;D:\Applications\Editors\TOOLS\apache-maven-3.9.6\repository\commons-codec\commons-codec\1.15\commons-codec-1.15.jar;D:\Applications\Editors\TOOLS\apache-maven-3.9.6\repository\com\fasterxml\jackson\core\jackson-core\2.15.2\jackson-core-2.15.2.jar;D:\Applications\Editors\TOOLS\apache-maven-3.9.6\repository\com\fasterxml\jackson\core\jackson-databind\2.15.2\jackson-databind-2.15.2.jar;D:\Applications\Editors\TOOLS\apache-maven-3.9.6\repository\com\fasterxml\jackson\core\jackson-annotations\2.15.2\jackson-annotations-2.15.2.jar;D:\Applications\Editors\TOOLS\apache-maven-3.9.6\repository\org\apache\httpcomponents\httpasyncclient\4.1.5\httpasyncclient-4.1.5.jar;D:\Applications\Editors\TOOLS\apache-maven-3.9.6\repository\org\apache\httpcomponents\httpcore\4.4.16\httpcore-4.4.16.jar;D:\Applications\Editors\TOOLS\apache-maven-3.9.6\repository\org\apache\httpcomponents\httpcore-nio\4.4.16\httpcore-nio-4.4.16.jar;D:\Applications\Editors\TOOLS\apache-maven-3.9.6\repository\org\apache\httpcomponents\httpclient\4.5.13\httpclient-4.5.13.jar;D:\Applications\Editors\TOOLS\apache-maven-3.9.6\repository\io\prometheus\simpleclient\0.16.0\simpleclient-0.16.0.jar;D:\Applications\Editors\TOOLS\apache-maven-3.9.6\repository\io\prometheus\simpleclient_tracer_otel\0.16.0\simpleclient_tracer_otel-0.16.0.jar;D:\Applications\Editors\TOOLS\apache-maven-3.9.6\repository\io\prometheus\simpleclient_tracer_common\0.16.0\simpleclient_tracer_common-0.16.0.jar;D:\Applications\Editors\TOOLS\apache-maven-3.9.6\repository\io\prometheus\simpleclient_tracer_otel_agent\0.16.0\simpleclient_tracer_otel_agent-0.16.0.jar;D:\Applications\Editors\TOOLS\apache-maven-3.9.6\repository\org\yaml\snakeyaml\1.33\snakeyaml-1.33.jar;D:\Files\Code\CoursesProjects\SoftwareTestPlatform\test-targets\Microservices\teamsphere-api\target\teamsphere-api-0.0.1-SNAPSHOT.jar;D:\Applications\Editors\TOOLS\apache-maven-3.9.6\repository\org\apache\dubbo\dubbo-spring-boot-starter\3.2.9\dubbo-spring-boot-starter-3.2.9.jar;D:\Applications\Editors\TOOLS\apache-maven-3.9.6\repository\org\apache\dubbo\dubbo-spring-boot-autoconfigure\3.2.9\dubbo-spring-boot-autoconfigure-3.2.9.jar;D:\Applications\Editors\TOOLS\apache-maven-3.9.6\repository\org\apache\dubbo\dubbo-spring-boot-autoconfigure-compatible\3.2.9\dubbo-spring-boot-autoconfigure-compatible-3.2.9.jar;D:\Applications\Editors\TOOLS\apache-maven-3.9.6\repository\org\apache\dubbo\dubbo\3.2.9\dubbo-3.2.9.jar;D:\Applications\Editors\TOOLS\apache-maven-3.9.6\repository\com\alibaba\spring\spring-context-support\1.0.11\spring-context-support-1.0.11.jar;D:\Applications\Editors\TOOLS\apache-maven-3.9.6\repository\org\javassist\javassist\3.29.2-GA\javassist-3.29.2-GA.jar;D:\Applications\Editors\TOOLS\apache-maven-3.9.6\repository\io\netty\netty-all\4.1.94.Final\netty-all-4.1.94.Final.jar;D:\Applications\Editors\TOOLS\apache-maven-3.9.6\repository\io\netty\netty-buffer\4.1.94.Final\netty-buffer-4.1.94.Final.jar;D:\Applications\Editors\TOOLS\apache-maven-3.9.6\repository\io\netty\netty-codec\4.1.94.Final\netty-codec-4.1.94.Final.jar;D:\Applications\Editors\TOOLS\apache-maven-3.9.6\repository\io\netty\netty-codec-dns\4.1.94.Final\netty-codec-dns-4.1.94.Final.jar;D:\Applications\Editors\TOOLS\apache-maven-3.9.6\repository\io\netty\netty-codec-haproxy\4.1.94.Final\netty-codec-haproxy-4.1.94.Final.jar;D:\Applications\Editors\TOOLS\apache-maven-3.9.6\repository\io\netty\netty-codec-http\4.1.94.Final\netty-codec-http-4.1.94.Final.jar;D:\Applications\Editors\TOOLS\apache-maven-3.9.6\repository\io\netty\netty-codec-http2\4.1.94.Final\netty-codec-http2-4.1.94.Final.jar;D:\Applications\Editors\TOOLS\apache-maven-3.9.6\repository\io\netty\netty-codec-memcache\4.1.94.Final\netty-codec-memcache-4.1.94.Final.jar;D:\Applications\Editors\TOOLS\apache-maven-3.9.6\repository\io\netty\netty-codec-mqtt\4.1.94.Final\netty-codec-mqtt-4.1.94.Final.jar;D:\Applications\Editors\TOOLS\apache-maven-3.9.6\repository\io\netty\netty-codec-redis\4.1.94.Final\netty-codec-redis-4.1.94.Final.jar;D:\Applications\Editors\TOOLS\apache-maven-3.9.6\repository\io\netty\netty-codec-smtp\4.1.94.Final\netty-codec-smtp-4.1.94.Final.jar;D:\Applications\Editors\TOOLS\apache-maven-3.9.6\repository\io\netty\netty-codec-socks\4.1.94.Final\netty-codec-socks-4.1.94.Final.jar;D:\Applications\Editors\TOOLS\apache-maven-3.9.6\repository\io\netty\netty-codec-stomp\4.1.94.Final\netty-codec-stomp-4.1.94.Final.jar;D:\Applications\Editors\TOOLS\apache-maven-3.9.6\repository\io\netty\netty-codec-xml\4.1.94.Final\netty-codec-xml-4.1.94.Final.jar;D:\Applications\Editors\TOOLS\apache-maven-3.9.6\repository\io\netty\netty-common\4.1.94.Final\netty-common-4.1.94.Final.jar;D:\Applications\Editors\TOOLS\apache-maven-3.9.6\repository\io\netty\netty-handler\4.1.94.Final\netty-handler-4.1.94.Final.jar;D:\Applications\Editors\TOOLS\apache-maven-3.9.6\repository\io\netty\netty-transport-native-unix-common\4.1.94.Final\netty-transport-native-unix-common-4.1.94.Final.jar;D:\Applications\Editors\TOOLS\apache-maven-3.9.6\repository\io\netty\netty-handler-proxy\4.1.94.Final\netty-handler-proxy-4.1.94.Final.jar;D:\Applications\Editors\TOOLS\apache-maven-3.9.6\repository\io\netty\netty-handler-ssl-ocsp\4.1.94.Final\netty-handler-ssl-ocsp-4.1.94.Final.jar;D:\Applications\Editors\TOOLS\apache-maven-3.9.6\repository\io\netty\netty-resolver\4.1.94.Final\netty-resolver-4.1.94.Final.jar;D:\Applications\Editors\TOOLS\apache-maven-3.9.6\repository\io\netty\netty-resolver-dns\4.1.94.Final\netty-resolver-dns-4.1.94.Final.jar;D:\Applications\Editors\TOOLS\apache-maven-3.9.6\repository\io\netty\netty-transport\4.1.94.Final\netty-transport-4.1.94.Final.jar;D:\Applications\Editors\TOOLS\apache-maven-3.9.6\repository\io\netty\netty-transport-rxtx\4.1.94.Final\netty-transport-rxtx-4.1.94.Final.jar;D:\Applications\Editors\TOOLS\apache-maven-3.9.6\repository\io\netty\netty-transport-sctp\4.1.94.Final\netty-transport-sctp-4.1.94.Final.jar;D:\Applications\Editors\TOOLS\apache-maven-3.9.6\repository\io\netty\netty-transport-udt\4.1.94.Final\netty-transport-udt-4.1.94.Final.jar;D:\Applications\Editors\TOOLS\apache-maven-3.9.6\repository\io\netty\netty-transport-classes-epoll\4.1.94.Final\netty-transport-classes-epoll-4.1.94.Final.jar;D:\Applications\Editors\TOOLS\apache-maven-3.9.6\repository\io\netty\netty-transport-classes-kqueue\4.1.94.Final\netty-transport-classes-kqueue-4.1.94.Final.jar;D:\Applications\Editors\TOOLS\apache-maven-3.9.6\repository\io\netty\netty-resolver-dns-classes-macos\4.1.94.Final\netty-resolver-dns-classes-macos-4.1.94.Final.jar;D:\Applications\Editors\TOOLS\apache-maven-3.9.6\repository\io\netty\netty-transport-native-epoll\4.1.94.Final\netty-transport-native-epoll-4.1.94.Final-linux-x86_64.jar;D:\Applications\Editors\TOOLS\apache-maven-3.9.6\repository\io\netty\netty-transport-native-epoll\4.1.94.Final\netty-transport-native-epoll-4.1.94.Final-linux-aarch_64.jar;D:\Applications\Editors\TOOLS\apache-maven-3.9.6\repository\io\netty\netty-transport-native-kqueue\4.1.94.Final\netty-transport-native-kqueue-4.1.94.Final-osx-x86_64.jar;D:\Applications\Editors\TOOLS\apache-maven-3.9.6\repository\io\netty\netty-transport-native-kqueue\4.1.94.Final\netty-transport-native-kqueue-4.1.94.Final-osx-aarch_64.jar;D:\Applications\Editors\TOOLS\apache-maven-3.9.6\repository\io\netty\netty-resolver-dns-native-macos\4.1.94.Final\netty-resolver-dns-native-macos-4.1.94.Final-osx-x86_64.jar;D:\Applications\Editors\TOOLS\apache-maven-3.9.6\repository\io\netty\netty-resolver-dns-native-macos\4.1.94.Final\netty-resolver-dns-native-macos-4.1.94.Final-osx-aarch_64.jar;D:\Applications\Editors\TOOLS\apache-maven-3.9.6\repository\com\alibaba\hessian-lite\3.2.13\hessian-lite-3.2.13.jar;D:\Applications\Editors\TOOLS\apache-maven-3.9.6\repository\com\alibaba\fastjson2\fastjson2\2.0.42\fastjson2-2.0.42.jar;D:\Applications\Editors\TOOLS\apache-maven-3.9.6\repository\org\springframework\boot\spring-boot-configuration-processor\3.1.2\spring-boot-configuration-processor-3.1.2.jar;D:\Applications\Editors\TOOLS\apache-maven-3.9.6\repository\org\projectlombok\lombok\1.18.28\lombok-1.18.28.jar;D:\Applications\Editors\TOOLS\apache-maven-3.9.6\repository\org\springframework\boot\spring-boot-starter-test\3.1.2\spring-boot-starter-test-3.1.2.jar;D:\Applications\Editors\TOOLS\apache-maven-3.9.6\repository\org\springframework\boot\spring-boot-test\3.1.2\spring-boot-test-3.1.2.jar;D:\Applications\Editors\TOOLS\apache-maven-3.9.6\repository\org\springframework\boot\spring-boot-test-autoconfigure\3.1.2\spring-boot-test-autoconfigure-3.1.2.jar;D:\Applications\Editors\TOOLS\apache-maven-3.9.6\repository\com\jayway\jsonpath\json-path\2.8.0\json-path-2.8.0.jar;D:\Applications\Editors\TOOLS\apache-maven-3.9.6\repository\org\slf4j\slf4j-api\2.0.7\slf4j-api-2.0.7.jar;D:\Applications\Editors\TOOLS\apache-maven-3.9.6\repository\jakarta\xml\bind\jakarta.xml.bind-api\4.0.0\jakarta.xml.bind-api-4.0.0.jar;D:\Applications\Editors\TOOLS\apache-maven-3.9.6\repository\jakarta\activation\jakarta.activation-api\2.1.2\jakarta.activation-api-2.1.2.jar;D:\Applications\Editors\TOOLS\apache-maven-3.9.6\repository\net\minidev\json-smart\2.4.11\json-smart-2.4.11.jar;D:\Applications\Editors\TOOLS\apache-maven-3.9.6\repository\net\minidev\accessors-smart\2.4.11\accessors-smart-2.4.11.jar;D:\Applications\Editors\TOOLS\apache-maven-3.9.6\repository\org\ow2\asm\asm\9.3\asm-9.3.jar;D:\Applications\Editors\TOOLS\apache-maven-3.9.6\repository\org\assertj\assertj-core\3.24.2\assertj-core-3.24.2.jar;D:\Applications\Editors\TOOLS\apache-maven-3.9.6\repository\net\bytebuddy\byte-buddy\1.14.5\byte-buddy-1.14.5.jar;D:\Applications\Editors\TOOLS\apache-maven-3.9.6\repository\org\hamcrest\hamcrest\2.2\hamcrest-2.2.jar;D:\Applications\Editors\TOOLS\apache-maven-3.9.6\repository\org\junit\jupiter\junit-jupiter\5.9.3\junit-jupiter-5.9.3.jar;D:\Applications\Editors\TOOLS\apache-maven-3.9.6\repository\org\junit\jupiter\junit-jupiter-api\5.9.3\junit-jupiter-api-5.9.3.jar;D:\Applications\Editors\TOOLS\apache-maven-3.9.6\repository\org\opentest4j\opentest4j\1.2.0\opentest4j-1.2.0.jar;D:\Applications\Editors\TOOLS\apache-maven-3.9.6\repository\org\junit\platform\junit-platform-commons\1.9.3\junit-platform-commons-1.9.3.jar;D:\Applications\Editors\TOOLS\apache-maven-3.9.6\repository\org\apiguardian\apiguardian-api\1.1.2\apiguardian-api-1.1.2.jar;D:\Applications\Editors\TOOLS\apache-maven-3.9.6\repository\org\junit\jupiter\junit-jupiter-params\5.9.3\junit-jupiter-params-5.9.3.jar;D:\Applications\Editors\TOOLS\apache-maven-3.9.6\repository\org\junit\jupiter\junit-jupiter-engine\5.9.3\junit-jupiter-engine-5.9.3.jar;D:\Applications\Editors\TOOLS\apache-maven-3.9.6\repository\org\junit\platform\junit-platform-engine\1.9.3\junit-platform-engine-1.9.3.jar;D:\Applications\Editors\TOOLS\apache-maven-3.9.6\repository\org\mockito\mockito-core\5.3.1\mockito-core-5.3.1.jar;D:\Applications\Editors\TOOLS\apache-maven-3.9.6\repository\net\bytebuddy\byte-buddy-agent\1.14.5\byte-buddy-agent-1.14.5.jar;D:\Applications\Editors\TOOLS\apache-maven-3.9.6\repository\org\objenesis\objenesis\3.3\objenesis-3.3.jar;D:\Applications\Editors\TOOLS\apache-maven-3.9.6\repository\org\mockito\mockito-junit-jupiter\5.3.1\mockito-junit-jupiter-5.3.1.jar;D:\Applications\Editors\TOOLS\apache-maven-3.9.6\repository\org\skyscreamer\jsonassert\1.5.1\jsonassert-1.5.1.jar;D:\Applications\Editors\TOOLS\apache-maven-3.9.6\repository\com\vaadin\external\google\android-json\0.0.20131108.vaadin1\android-json-0.0.20131108.vaadin1.jar;D:\Applications\Editors\TOOLS\apache-maven-3.9.6\repository\org\springframework\spring-core\6.0.11\spring-core-6.0.11.jar;D:\Applications\Editors\TOOLS\apache-maven-3.9.6\repository\org\springframework\spring-jcl\6.0.11\spring-jcl-6.0.11.jar;D:\Applications\Editors\TOOLS\apache-maven-3.9.6\repository\org\springframework\spring-test\6.0.11\spring-test-6.0.11.jar;D:\Applications\Editors\TOOLS\apache-maven-3.9.6\repository\org\xmlunit\xmlunit-core\2.9.1\xmlunit-core-2.9.1.jar;D:\Applications\Editors\TOOLS\apache-maven-3.9.6\repository\org\springframework\amqp\spring-rabbit-test\3.0.6\spring-rabbit-test-3.0.6.jar;D:\Applications\Editors\TOOLS\apache-maven-3.9.6\repository\org\springframework\amqp\spring-rabbit-junit\3.0.6\spring-rabbit-junit-3.0.6.jar;D:\Applications\Editors\TOOLS\apache-maven-3.9.6\repository\org\hamcrest\hamcrest-library\2.2\hamcrest-library-2.2.jar;D:\Applications\Editors\TOOLS\apache-maven-3.9.6\repository\org\hamcrest\hamcrest-core\2.2\hamcrest-core-2.2.jar;D:\Applications\Editors\TOOLS\apache-maven-3.9.6\repository\com\baomidou\mybatis-plus-annotation\3.5.4.1\mybatis-plus-annotation-3.5.4.1.jar;D:\Applications\Editors\TOOLS\apache-maven-3.9.6\repository\com\baomidou\mybatis-plus-core\3.5.4.1\mybatis-plus-core-3.5.4.1.jar;D:\Applications\Editors\TOOLS\apache-maven-3.9.6\repository\com\github\jsqlparser\jsqlparser\4.6\jsqlparser-4.6.jar;D:\Applications\Editors\TOOLS\apache-maven-3.9.6\repository\org\mybatis\mybatis\3.5.13\mybatis-3.5.13.jar;D:\Applications\Editors\TOOLS\apache-maven-3.9.6\repository\org\mybatis\mybatis-spring\3.0.2\mybatis-spring-3.0.2.jar;D:\Applications\Editors\TOOLS\apache-maven-3.9.6\repository\com\baomidou\mybatis-plus-spring-boot3-starter\3.5.4.1\mybatis-plus-spring-boot3-starter-3.5.4.1.jar;D:\Applications\Editors\TOOLS\apache-maven-3.9.6\repository\com\baomidou\mybatis-plus\3.5.4.1\mybatis-plus-3.5.4.1.jar;D:\Applications\Editors\TOOLS\apache-maven-3.9.6\repository\com\baomidou\mybatis-plus-extension\3.5.4.1\mybatis-plus-extension-3.5.4.1.jar;D:\Applications\Editors\TOOLS\apache-maven-3.9.6\repository\com\baomidou\mybatis-plus-spring-boot-autoconfigure\3.5.4.1\mybatis-plus-spring-boot-autoconfigure-3.5.4.1.jar;D:\Applications\Editors\TOOLS\apache-maven-3.9.6\repository\org\springframework\boot\spring-boot-autoconfigure\3.1.2\spring-boot-autoconfigure-3.1.2.jar;D:\Applications\Editors\TOOLS\apache-maven-3.9.6\repository\org\springframework\boot\spring-boot-starter-jdbc\3.1.2\spring-boot-starter-jdbc-3.1.2.jar;D:\Applications\Editors\TOOLS\apache-maven-3.9.6\repository\com\zaxxer\HikariCP\5.0.1\HikariCP-5.0.1.jar;D:\Applications\Editors\TOOLS\apache-maven-3.9.6\repository\org\springframework\spring-jdbc\6.0.11\spring-jdbc-6.0.11.jar;D:\Applications\Editors\TOOLS\apache-maven-3.9.6\repository\org\mariadb\jdbc\mariadb-java-client\3.1.4\mariadb-java-client-3.1.4.jar;D:\Applications\Editors\TOOLS\apache-maven-3.9.6\repository\com\github\waffle\waffle-jna\3.2.0\waffle-jna-3.2.0.jar;D:\Applications\Editors\TOOLS\apache-maven-3.9.6\repository\net\java\dev\jna\jna\5.12.1\jna-5.12.1.jar;D:\Applications\Editors\TOOLS\apache-maven-3.9.6\repository\net\java\dev\jna\jna-platform\5.12.1\jna-platform-5.12.1.jar;D:\Applications\Editors\TOOLS\apache-maven-3.9.6\repository\org\slf4j\jcl-over-slf4j\2.0.7\jcl-over-slf4j-2.0.7.jar;D:\Applications\Editors\TOOLS\apache-maven-3.9.6\repository\com\github\ben-manes\caffeine\caffeine\3.1.6\caffeine-3.1.6.jar;D:\Applications\Editors\TOOLS\apache-maven-3.9.6\repository\com\google\errorprone\error_prone_annotations\2.18.0\error_prone_annotations-2.18.0.jar;D:\Applications\Editors\TOOLS\apache-maven-3.9.6\repository\org\checkerframework\checker-qual\3.23.0\checker-qual-3.23.0.jar;"/>
    <property name="java.vm.vendor" value="Oracle Corporation"/>
    <property name="sun.arch.data.model" value="64"/>
    <property name="user.variant" value=""/>
    <property name="java.vendor.url" value="https://java.oracle.com/"/>
    <property name="user.timezone" value="Asia/Shanghai"/>
    <property name="os.name" value="Windows 11"/>
    <property name="java.vm.specification.version" value="17"/>
    <property name="sun.java.launcher" value="SUN_STANDARD"/>
    <property name="user.country" value="CN"/>
    <property name="sun.boot.library.path" value="D:\Applications\Editors\Languages\JDK\jdk-17\bin"/>
    <property name="sun.java.command" value="C:\Users\l\AppData\Local\Temp\surefire17258700686081117216\surefirebooter-20240601014732803_39.jar C:\Users\l\AppData\Local\Temp\surefire17258700686081117216 2024-06-01T01-46-00_640-jvmRun1 surefire-20240601014732803_37tmp surefire_6-20240601014732803_38tmp"/>
    <property name="jdk.debug" value="release"/>
    <property name="surefire.test.class.path" value="D:\Files\Code\CoursesProjects\SoftwareTestPlatform\test-targets\Microservices\task-service\target\test-classes;D:\Files\Code\CoursesProjects\SoftwareTestPlatform\test-targets\Microservices\task-service\target\classes;D:\Applications\Editors\TOOLS\apache-maven-3.9.6\repository\org\springframework\boot\spring-boot-starter-amqp\3.1.2\spring-boot-starter-amqp-3.1.2.jar;D:\Applications\Editors\TOOLS\apache-maven-3.9.6\repository\org\springframework\boot\spring-boot-starter\3.1.2\spring-boot-starter-3.1.2.jar;D:\Applications\Editors\TOOLS\apache-maven-3.9.6\repository\org\springframework\boot\spring-boot\3.1.2\spring-boot-3.1.2.jar;D:\Applications\Editors\TOOLS\apache-maven-3.9.6\repository\org\springframework\boot\spring-boot-starter-logging\3.1.2\spring-boot-starter-logging-3.1.2.jar;D:\Applications\Editors\TOOLS\apache-maven-3.9.6\repository\ch\qos\logback\logback-classic\1.4.8\logback-classic-1.4.8.jar;D:\Applications\Editors\TOOLS\apache-maven-3.9.6\repository\ch\qos\logback\logback-core\1.4.8\logback-core-1.4.8.jar;D:\Applications\Editors\TOOLS\apache-maven-3.9.6\repository\org\apache\logging\log4j\log4j-to-slf4j\2.20.0\log4j-to-slf4j-2.20.0.jar;D:\Applications\Editors\TOOLS\apache-maven-3.9.6\repository\org\apache\logging\log4j\log4j-api\2.20.0\log4j-api-2.20.0.jar;D:\Applications\Editors\TOOLS\apache-maven-3.9.6\repository\org\slf4j\jul-to-slf4j\2.0.7\jul-to-slf4j-2.0.7.jar;D:\Applications\Editors\TOOLS\apache-maven-3.9.6\repository\jakarta\annotation\jakarta.annotation-api\2.1.1\jakarta.annotation-api-2.1.1.jar;D:\Applications\Editors\TOOLS\apache-maven-3.9.6\repository\org\springframework\spring-messaging\6.0.11\spring-messaging-6.0.11.jar;D:\Applications\Editors\TOOLS\apache-maven-3.9.6\repository\org\springframework\spring-beans\6.0.11\spring-beans-6.0.11.jar;D:\Applications\Editors\TOOLS\apache-maven-3.9.6\repository\org\springframework\amqp\spring-rabbit\3.0.6\spring-rabbit-3.0.6.jar;D:\Applications\Editors\TOOLS\apache-maven-3.9.6\repository\org\springframework\amqp\spring-amqp\3.0.6\spring-amqp-3.0.6.jar;D:\Applications\Editors\TOOLS\apache-maven-3.9.6\repository\org\springframework\retry\spring-retry\2.0.2\spring-retry-2.0.2.jar;D:\Applications\Editors\TOOLS\apache-maven-3.9.6\repository\com\rabbitmq\amqp-client\5.17.1\amqp-client-5.17.1.jar;D:\Applications\Editors\TOOLS\apache-maven-3.9.6\repository\org\springframework\spring-context\6.0.11\spring-context-6.0.11.jar;D:\Applications\Editors\TOOLS\apache-maven-3.9.6\repository\org\springframework\spring-tx\6.0.11\spring-tx-6.0.11.jar;D:\Applications\Editors\TOOLS\apache-maven-3.9.6\repository\io\micrometer\micrometer-observation\1.11.2\micrometer-observation-1.11.2.jar;D:\Applications\Editors\TOOLS\apache-maven-3.9.6\repository\io\micrometer\micrometer-commons\1.11.2\micrometer-commons-1.11.2.jar;D:\Applications\Editors\TOOLS\apache-maven-3.9.6\repository\org\springframework\boot\spring-boot-starter-web\3.1.2\spring-boot-starter-web-3.1.2.jar;D:\Applications\Editors\TOOLS\apache-maven-3.9.6\repository\org\springframework\boot\spring-boot-starter-json\3.1.2\spring-boot-starter-json-3.1.2.jar;D:\Applications\Editors\TOOLS\apache-maven-3.9.6\repository\com\fasterxml\jackson\datatype\jackson-datatype-jdk8\2.15.2\jackson-datatype-jdk8-2.15.2.jar;D:\Applications\Editors\TOOLS\apache-maven-3.9.6\repository\com\fasterxml\jackson\datatype\jackson-datatype-jsr310\2.15.2\jackson-datatype-jsr310-2.15.2.jar;D:\Applications\Editors\TOOLS\apache-maven-3.9.6\repository\com\fasterxml\jackson\module\jackson-module-parameter-names\2.15.2\jackson-module-parameter-names-2.15.2.jar;D:\Applications\Editors\TOOLS\apache-maven-3.9.6\repository\org\springframework\boot\spring-boot-starter-tomcat\3.1.2\spring-boot-starter-tomcat-3.1.2.jar;D:\Applications\Editors\TOOLS\apache-maven-3.9.6\repository\org\apache\tomcat\embed\tomcat-embed-core\10.1.11\tomcat-embed-core-10.1.11.jar;D:\Applications\Editors\TOOLS\apache-maven-3.9.6\repository\org\apache\tomcat\embed\tomcat-embed-el\10.1.11\tomcat-embed-el-10.1.11.jar;D:\Applications\Editors\TOOLS\apache-maven-3.9.6\repository\org\apache\tomcat\embed\tomcat-embed-websocket\10.1.11\tomcat-embed-websocket-10.1.11.jar;D:\Applications\Editors\TOOLS\apache-maven-3.9.6\repository\org\springframework\spring-web\6.0.11\spring-web-6.0.11.jar;D:\Applications\Editors\TOOLS\apache-maven-3.9.6\repository\org\springframework\spring-webmvc\6.0.11\spring-webmvc-6.0.11.jar;D:\Applications\Editors\TOOLS\apache-maven-3.9.6\repository\org\springframework\spring-aop\6.0.11\spring-aop-6.0.11.jar;D:\Applications\Editors\TOOLS\apache-maven-3.9.6\repository\org\springframework\spring-expression\6.0.11\spring-expression-6.0.11.jar;D:\Applications\Editors\TOOLS\apache-maven-3.9.6\repository\com\alibaba\nacos\nacos-client\2.2.1\nacos-client-2.2.1.jar;D:\Applications\Editors\TOOLS\apache-maven-3.9.6\repository\com\alibaba\nacos\nacos-auth-plugin\2.2.1\nacos-auth-plugin-2.2.1.jar;D:\Applications\Editors\TOOLS\apache-maven-3.9.6\repository\com\alibaba\nacos\nacos-encryption-plugin\2.2.1\nacos-encryption-plugin-2.2.1.jar;D:\Applications\Editors\TOOLS\apache-maven-3.9.6\repository\commons-codec\commons-codec\1.15\commons-codec-1.15.jar;D:\Applications\Editors\TOOLS\apache-maven-3.9.6\repository\com\fasterxml\jackson\core\jackson-core\2.15.2\jackson-core-2.15.2.jar;D:\Applications\Editors\TOOLS\apache-maven-3.9.6\repository\com\fasterxml\jackson\core\jackson-databind\2.15.2\jackson-databind-2.15.2.jar;D:\Applications\Editors\TOOLS\apache-maven-3.9.6\repository\com\fasterxml\jackson\core\jackson-annotations\2.15.2\jackson-annotations-2.15.2.jar;D:\Applications\Editors\TOOLS\apache-maven-3.9.6\repository\org\apache\httpcomponents\httpasyncclient\4.1.5\httpasyncclient-4.1.5.jar;D:\Applications\Editors\TOOLS\apache-maven-3.9.6\repository\org\apache\httpcomponents\httpcore\4.4.16\httpcore-4.4.16.jar;D:\Applications\Editors\TOOLS\apache-maven-3.9.6\repository\org\apache\httpcomponents\httpcore-nio\4.4.16\httpcore-nio-4.4.16.jar;D:\Applications\Editors\TOOLS\apache-maven-3.9.6\repository\org\apache\httpcomponents\httpclient\4.5.13\httpclient-4.5.13.jar;D:\Applications\Editors\TOOLS\apache-maven-3.9.6\repository\io\prometheus\simpleclient\0.16.0\simpleclient-0.16.0.jar;D:\Applications\Editors\TOOLS\apache-maven-3.9.6\repository\io\prometheus\simpleclient_tracer_otel\0.16.0\simpleclient_tracer_otel-0.16.0.jar;D:\Applications\Editors\TOOLS\apache-maven-3.9.6\repository\io\prometheus\simpleclient_tracer_common\0.16.0\simpleclient_tracer_common-0.16.0.jar;D:\Applications\Editors\TOOLS\apache-maven-3.9.6\repository\io\prometheus\simpleclient_tracer_otel_agent\0.16.0\simpleclient_tracer_otel_agent-0.16.0.jar;D:\Applications\Editors\TOOLS\apache-maven-3.9.6\repository\org\yaml\snakeyaml\1.33\snakeyaml-1.33.jar;D:\Files\Code\CoursesProjects\SoftwareTestPlatform\test-targets\Microservices\teamsphere-api\target\teamsphere-api-0.0.1-SNAPSHOT.jar;D:\Applications\Editors\TOOLS\apache-maven-3.9.6\repository\org\apache\dubbo\dubbo-spring-boot-starter\3.2.9\dubbo-spring-boot-starter-3.2.9.jar;D:\Applications\Editors\TOOLS\apache-maven-3.9.6\repository\org\apache\dubbo\dubbo-spring-boot-autoconfigure\3.2.9\dubbo-spring-boot-autoconfigure-3.2.9.jar;D:\Applications\Editors\TOOLS\apache-maven-3.9.6\repository\org\apache\dubbo\dubbo-spring-boot-autoconfigure-compatible\3.2.9\dubbo-spring-boot-autoconfigure-compatible-3.2.9.jar;D:\Applications\Editors\TOOLS\apache-maven-3.9.6\repository\org\apache\dubbo\dubbo\3.2.9\dubbo-3.2.9.jar;D:\Applications\Editors\TOOLS\apache-maven-3.9.6\repository\com\alibaba\spring\spring-context-support\1.0.11\spring-context-support-1.0.11.jar;D:\Applications\Editors\TOOLS\apache-maven-3.9.6\repository\org\javassist\javassist\3.29.2-GA\javassist-3.29.2-GA.jar;D:\Applications\Editors\TOOLS\apache-maven-3.9.6\repository\io\netty\netty-all\4.1.94.Final\netty-all-4.1.94.Final.jar;D:\Applications\Editors\TOOLS\apache-maven-3.9.6\repository\io\netty\netty-buffer\4.1.94.Final\netty-buffer-4.1.94.Final.jar;D:\Applications\Editors\TOOLS\apache-maven-3.9.6\repository\io\netty\netty-codec\4.1.94.Final\netty-codec-4.1.94.Final.jar;D:\Applications\Editors\TOOLS\apache-maven-3.9.6\repository\io\netty\netty-codec-dns\4.1.94.Final\netty-codec-dns-4.1.94.Final.jar;D:\Applications\Editors\TOOLS\apache-maven-3.9.6\repository\io\netty\netty-codec-haproxy\4.1.94.Final\netty-codec-haproxy-4.1.94.Final.jar;D:\Applications\Editors\TOOLS\apache-maven-3.9.6\repository\io\netty\netty-codec-http\4.1.94.Final\netty-codec-http-4.1.94.Final.jar;D:\Applications\Editors\TOOLS\apache-maven-3.9.6\repository\io\netty\netty-codec-http2\4.1.94.Final\netty-codec-http2-4.1.94.Final.jar;D:\Applications\Editors\TOOLS\apache-maven-3.9.6\repository\io\netty\netty-codec-memcache\4.1.94.Final\netty-codec-memcache-4.1.94.Final.jar;D:\Applications\Editors\TOOLS\apache-maven-3.9.6\repository\io\netty\netty-codec-mqtt\4.1.94.Final\netty-codec-mqtt-4.1.94.Final.jar;D:\Applications\Editors\TOOLS\apache-maven-3.9.6\repository\io\netty\netty-codec-redis\4.1.94.Final\netty-codec-redis-4.1.94.Final.jar;D:\Applications\Editors\TOOLS\apache-maven-3.9.6\repository\io\netty\netty-codec-smtp\4.1.94.Final\netty-codec-smtp-4.1.94.Final.jar;D:\Applications\Editors\TOOLS\apache-maven-3.9.6\repository\io\netty\netty-codec-socks\4.1.94.Final\netty-codec-socks-4.1.94.Final.jar;D:\Applications\Editors\TOOLS\apache-maven-3.9.6\repository\io\netty\netty-codec-stomp\4.1.94.Final\netty-codec-stomp-4.1.94.Final.jar;D:\Applications\Editors\TOOLS\apache-maven-3.9.6\repository\io\netty\netty-codec-xml\4.1.94.Final\netty-codec-xml-4.1.94.Final.jar;D:\Applications\Editors\TOOLS\apache-maven-3.9.6\repository\io\netty\netty-common\4.1.94.Final\netty-common-4.1.94.Final.jar;D:\Applications\Editors\TOOLS\apache-maven-3.9.6\repository\io\netty\netty-handler\4.1.94.Final\netty-handler-4.1.94.Final.jar;D:\Applications\Editors\TOOLS\apache-maven-3.9.6\repository\io\netty\netty-transport-native-unix-common\4.1.94.Final\netty-transport-native-unix-common-4.1.94.Final.jar;D:\Applications\Editors\TOOLS\apache-maven-3.9.6\repository\io\netty\netty-handler-proxy\4.1.94.Final\netty-handler-proxy-4.1.94.Final.jar;D:\Applications\Editors\TOOLS\apache-maven-3.9.6\repository\io\netty\netty-handler-ssl-ocsp\4.1.94.Final\netty-handler-ssl-ocsp-4.1.94.Final.jar;D:\Applications\Editors\TOOLS\apache-maven-3.9.6\repository\io\netty\netty-resolver\4.1.94.Final\netty-resolver-4.1.94.Final.jar;D:\Applications\Editors\TOOLS\apache-maven-3.9.6\repository\io\netty\netty-resolver-dns\4.1.94.Final\netty-resolver-dns-4.1.94.Final.jar;D:\Applications\Editors\TOOLS\apache-maven-3.9.6\repository\io\netty\netty-transport\4.1.94.Final\netty-transport-4.1.94.Final.jar;D:\Applications\Editors\TOOLS\apache-maven-3.9.6\repository\io\netty\netty-transport-rxtx\4.1.94.Final\netty-transport-rxtx-4.1.94.Final.jar;D:\Applications\Editors\TOOLS\apache-maven-3.9.6\repository\io\netty\netty-transport-sctp\4.1.94.Final\netty-transport-sctp-4.1.94.Final.jar;D:\Applications\Editors\TOOLS\apache-maven-3.9.6\repository\io\netty\netty-transport-udt\4.1.94.Final\netty-transport-udt-4.1.94.Final.jar;D:\Applications\Editors\TOOLS\apache-maven-3.9.6\repository\io\netty\netty-transport-classes-epoll\4.1.94.Final\netty-transport-classes-epoll-4.1.94.Final.jar;D:\Applications\Editors\TOOLS\apache-maven-3.9.6\repository\io\netty\netty-transport-classes-kqueue\4.1.94.Final\netty-transport-classes-kqueue-4.1.94.Final.jar;D:\Applications\Editors\TOOLS\apache-maven-3.9.6\repository\io\netty\netty-resolver-dns-classes-macos\4.1.94.Final\netty-resolver-dns-classes-macos-4.1.94.Final.jar;D:\Applications\Editors\TOOLS\apache-maven-3.9.6\repository\io\netty\netty-transport-native-epoll\4.1.94.Final\netty-transport-native-epoll-4.1.94.Final-linux-x86_64.jar;D:\Applications\Editors\TOOLS\apache-maven-3.9.6\repository\io\netty\netty-transport-native-epoll\4.1.94.Final\netty-transport-native-epoll-4.1.94.Final-linux-aarch_64.jar;D:\Applications\Editors\TOOLS\apache-maven-3.9.6\repository\io\netty\netty-transport-native-kqueue\4.1.94.Final\netty-transport-native-kqueue-4.1.94.Final-osx-x86_64.jar;D:\Applications\Editors\TOOLS\apache-maven-3.9.6\repository\io\netty\netty-transport-native-kqueue\4.1.94.Final\netty-transport-native-kqueue-4.1.94.Final-osx-aarch_64.jar;D:\Applications\Editors\TOOLS\apache-maven-3.9.6\repository\io\netty\netty-resolver-dns-native-macos\4.1.94.Final\netty-resolver-dns-native-macos-4.1.94.Final-osx-x86_64.jar;D:\Applications\Editors\TOOLS\apache-maven-3.9.6\repository\io\netty\netty-resolver-dns-native-macos\4.1.94.Final\netty-resolver-dns-native-macos-4.1.94.Final-osx-aarch_64.jar;D:\Applications\Editors\TOOLS\apache-maven-3.9.6\repository\com\alibaba\hessian-lite\3.2.13\hessian-lite-3.2.13.jar;D:\Applications\Editors\TOOLS\apache-maven-3.9.6\repository\com\alibaba\fastjson2\fastjson2\2.0.42\fastjson2-2.0.42.jar;D:\Applications\Editors\TOOLS\apache-maven-3.9.6\repository\org\springframework\boot\spring-boot-configuration-processor\3.1.2\spring-boot-configuration-processor-3.1.2.jar;D:\Applications\Editors\TOOLS\apache-maven-3.9.6\repository\org\projectlombok\lombok\1.18.28\lombok-1.18.28.jar;D:\Applications\Editors\TOOLS\apache-maven-3.9.6\repository\org\springframework\boot\spring-boot-starter-test\3.1.2\spring-boot-starter-test-3.1.2.jar;D:\Applications\Editors\TOOLS\apache-maven-3.9.6\repository\org\springframework\boot\spring-boot-test\3.1.2\spring-boot-test-3.1.2.jar;D:\Applications\Editors\TOOLS\apache-maven-3.9.6\repository\org\springframework\boot\spring-boot-test-autoconfigure\3.1.2\spring-boot-test-autoconfigure-3.1.2.jar;D:\Applications\Editors\TOOLS\apache-maven-3.9.6\repository\com\jayway\jsonpath\json-path\2.8.0\json-path-2.8.0.jar;D:\Applications\Editors\TOOLS\apache-maven-3.9.6\repository\org\slf4j\slf4j-api\2.0.7\slf4j-api-2.0.7.jar;D:\Applications\Editors\TOOLS\apache-maven-3.9.6\repository\jakarta\xml\bind\jakarta.xml.bind-api\4.0.0\jakarta.xml.bind-api-4.0.0.jar;D:\Applications\Editors\TOOLS\apache-maven-3.9.6\repository\jakarta\activation\jakarta.activation-api\2.1.2\jakarta.activation-api-2.1.2.jar;D:\Applications\Editors\TOOLS\apache-maven-3.9.6\repository\net\minidev\json-smart\2.4.11\json-smart-2.4.11.jar;D:\Applications\Editors\TOOLS\apache-maven-3.9.6\repository\net\minidev\accessors-smart\2.4.11\accessors-smart-2.4.11.jar;D:\Applications\Editors\TOOLS\apache-maven-3.9.6\repository\org\ow2\asm\asm\9.3\asm-9.3.jar;D:\Applications\Editors\TOOLS\apache-maven-3.9.6\repository\org\assertj\assertj-core\3.24.2\assertj-core-3.24.2.jar;D:\Applications\Editors\TOOLS\apache-maven-3.9.6\repository\net\bytebuddy\byte-buddy\1.14.5\byte-buddy-1.14.5.jar;D:\Applications\Editors\TOOLS\apache-maven-3.9.6\repository\org\hamcrest\hamcrest\2.2\hamcrest-2.2.jar;D:\Applications\Editors\TOOLS\apache-maven-3.9.6\repository\org\junit\jupiter\junit-jupiter\5.9.3\junit-jupiter-5.9.3.jar;D:\Applications\Editors\TOOLS\apache-maven-3.9.6\repository\org\junit\jupiter\junit-jupiter-api\5.9.3\junit-jupiter-api-5.9.3.jar;D:\Applications\Editors\TOOLS\apache-maven-3.9.6\repository\org\opentest4j\opentest4j\1.2.0\opentest4j-1.2.0.jar;D:\Applications\Editors\TOOLS\apache-maven-3.9.6\repository\org\junit\platform\junit-platform-commons\1.9.3\junit-platform-commons-1.9.3.jar;D:\Applications\Editors\TOOLS\apache-maven-3.9.6\repository\org\apiguardian\apiguardian-api\1.1.2\apiguardian-api-1.1.2.jar;D:\Applications\Editors\TOOLS\apache-maven-3.9.6\repository\org\junit\jupiter\junit-jupiter-params\5.9.3\junit-jupiter-params-5.9.3.jar;D:\Applications\Editors\TOOLS\apache-maven-3.9.6\repository\org\junit\jupiter\junit-jupiter-engine\5.9.3\junit-jupiter-engine-5.9.3.jar;D:\Applications\Editors\TOOLS\apache-maven-3.9.6\repository\org\junit\platform\junit-platform-engine\1.9.3\junit-platform-engine-1.9.3.jar;D:\Applications\Editors\TOOLS\apache-maven-3.9.6\repository\org\mockito\mockito-core\5.3.1\mockito-core-5.3.1.jar;D:\Applications\Editors\TOOLS\apache-maven-3.9.6\repository\net\bytebuddy\byte-buddy-agent\1.14.5\byte-buddy-agent-1.14.5.jar;D:\Applications\Editors\TOOLS\apache-maven-3.9.6\repository\org\objenesis\objenesis\3.3\objenesis-3.3.jar;D:\Applications\Editors\TOOLS\apache-maven-3.9.6\repository\org\mockito\mockito-junit-jupiter\5.3.1\mockito-junit-jupiter-5.3.1.jar;D:\Applications\Editors\TOOLS\apache-maven-3.9.6\repository\org\skyscreamer\jsonassert\1.5.1\jsonassert-1.5.1.jar;D:\Applications\Editors\TOOLS\apache-maven-3.9.6\repository\com\vaadin\external\google\android-json\0.0.20131108.vaadin1\android-json-0.0.20131108.vaadin1.jar;D:\Applications\Editors\TOOLS\apache-maven-3.9.6\repository\org\springframework\spring-core\6.0.11\spring-core-6.0.11.jar;D:\Applications\Editors\TOOLS\apache-maven-3.9.6\repository\org\springframework\spring-jcl\6.0.11\spring-jcl-6.0.11.jar;D:\Applications\Editors\TOOLS\apache-maven-3.9.6\repository\org\springframework\spring-test\6.0.11\spring-test-6.0.11.jar;D:\Applications\Editors\TOOLS\apache-maven-3.9.6\repository\org\xmlunit\xmlunit-core\2.9.1\xmlunit-core-2.9.1.jar;D:\Applications\Editors\TOOLS\apache-maven-3.9.6\repository\org\springframework\amqp\spring-rabbit-test\3.0.6\spring-rabbit-test-3.0.6.jar;D:\Applications\Editors\TOOLS\apache-maven-3.9.6\repository\org\springframework\amqp\spring-rabbit-junit\3.0.6\spring-rabbit-junit-3.0.6.jar;D:\Applications\Editors\TOOLS\apache-maven-3.9.6\repository\org\hamcrest\hamcrest-library\2.2\hamcrest-library-2.2.jar;D:\Applications\Editors\TOOLS\apache-maven-3.9.6\repository\org\hamcrest\hamcrest-core\2.2\hamcrest-core-2.2.jar;D:\Applications\Editors\TOOLS\apache-maven-3.9.6\repository\com\baomidou\mybatis-plus-annotation\3.5.4.1\mybatis-plus-annotation-3.5.4.1.jar;D:\Applications\Editors\TOOLS\apache-maven-3.9.6\repository\com\baomidou\mybatis-plus-core\3.5.4.1\mybatis-plus-core-3.5.4.1.jar;D:\Applications\Editors\TOOLS\apache-maven-3.9.6\repository\com\github\jsqlparser\jsqlparser\4.6\jsqlparser-4.6.jar;D:\Applications\Editors\TOOLS\apache-maven-3.9.6\repository\org\mybatis\mybatis\3.5.13\mybatis-3.5.13.jar;D:\Applications\Editors\TOOLS\apache-maven-3.9.6\repository\org\mybatis\mybatis-spring\3.0.2\mybatis-spring-3.0.2.jar;D:\Applications\Editors\TOOLS\apache-maven-3.9.6\repository\com\baomidou\mybatis-plus-spring-boot3-starter\3.5.4.1\mybatis-plus-spring-boot3-starter-3.5.4.1.jar;D:\Applications\Editors\TOOLS\apache-maven-3.9.6\repository\com\baomidou\mybatis-plus\3.5.4.1\mybatis-plus-3.5.4.1.jar;D:\Applications\Editors\TOOLS\apache-maven-3.9.6\repository\com\baomidou\mybatis-plus-extension\3.5.4.1\mybatis-plus-extension-3.5.4.1.jar;D:\Applications\Editors\TOOLS\apache-maven-3.9.6\repository\com\baomidou\mybatis-plus-spring-boot-autoconfigure\3.5.4.1\mybatis-plus-spring-boot-autoconfigure-3.5.4.1.jar;D:\Applications\Editors\TOOLS\apache-maven-3.9.6\repository\org\springframework\boot\spring-boot-autoconfigure\3.1.2\spring-boot-autoconfigure-3.1.2.jar;D:\Applications\Editors\TOOLS\apache-maven-3.9.6\repository\org\springframework\boot\spring-boot-starter-jdbc\3.1.2\spring-boot-starter-jdbc-3.1.2.jar;D:\Applications\Editors\TOOLS\apache-maven-3.9.6\repository\com\zaxxer\HikariCP\5.0.1\HikariCP-5.0.1.jar;D:\Applications\Editors\TOOLS\apache-maven-3.9.6\repository\org\springframework\spring-jdbc\6.0.11\spring-jdbc-6.0.11.jar;D:\Applications\Editors\TOOLS\apache-maven-3.9.6\repository\org\mariadb\jdbc\mariadb-java-client\3.1.4\mariadb-java-client-3.1.4.jar;D:\Applications\Editors\TOOLS\apache-maven-3.9.6\repository\com\github\waffle\waffle-jna\3.2.0\waffle-jna-3.2.0.jar;D:\Applications\Editors\TOOLS\apache-maven-3.9.6\repository\net\java\dev\jna\jna\5.12.1\jna-5.12.1.jar;D:\Applications\Editors\TOOLS\apache-maven-3.9.6\repository\net\java\dev\jna\jna-platform\5.12.1\jna-platform-5.12.1.jar;D:\Applications\Editors\TOOLS\apache-maven-3.9.6\repository\org\slf4j\jcl-over-slf4j\2.0.7\jcl-over-slf4j-2.0.7.jar;D:\Applications\Editors\TOOLS\apache-maven-3.9.6\repository\com\github\ben-manes\caffeine\caffeine\3.1.6\caffeine-3.1.6.jar;D:\Applications\Editors\TOOLS\apache-maven-3.9.6\repository\com\google\errorprone\error_prone_annotations\2.18.0\error_prone_annotations-2.18.0.jar;D:\Applications\Editors\TOOLS\apache-maven-3.9.6\repository\org\checkerframework\checker-qual\3.23.0\checker-qual-3.23.0.jar;"/>
    <property name="sun.cpu.endian" value="little"/>
    <property name="user.home" value="C:\Users\l"/>
    <property name="user.language" value="zh"/>
    <property name="java.specification.vendor" value="Oracle Corporation"/>
    <property name="java.version.date" value="2024-04-16"/>
    <property name="java.home" value="D:\Applications\Editors\Languages\JDK\jdk-17"/>
    <property name="file.separator" value="\"/>
    <property name="basedir" value="D:\Files\Code\CoursesProjects\SoftwareTestPlatform\test-targets\Microservices\task-service"/>
    <property name="java.vm.compressedOopsMode" value="Zero based"/>
    <property name="line.separator" value="&#10;"/>
    <property name="java.vm.specification.vendor" value="Oracle Corporation"/>
    <property name="java.specification.name" value="Java Platform API Specification"/>
    <property name="surefire.real.class.path" value="C:\Users\l\AppData\Local\Temp\surefire17258700686081117216\surefirebooter-20240601014732803_39.jar"/>
    <property name="user.script" value=""/>
    <property name="sun.management.compiler" value="HotSpot 64-Bit Tiered Compilers"/>
    <property name="java.runtime.version" value="17.0.11+7-LTS-207"/>
    <property name="user.name" value="l"/>
    <property name="path.separator" value=";"/>
    <property name="os.version" value="10.0"/>
    <property name="java.runtime.name" value="Java(TM) SE Runtime Environment"/>
    <property name="file.encoding" value="GBK"/>
    <property name="java.vm.name" value="Java HotSpot(TM) 64-Bit Server VM"/>
    <property name="localRepository" value="D:\Applications\Editors\TOOLS\apache-maven-3.9.6\repository"/>
    <property name="java.vendor.url.bug" value="https://bugreport.java.com/bugreport/"/>
    <property name="java.io.tmpdir" value="C:\Users\l\AppData\Local\Temp\"/>
    <property name="java.version" value="17.0.11"/>
    <property name="user.dir" value="D:\Files\Code\CoursesProjects\SoftwareTestPlatform\test-targets\Microservices\task-service"/>
    <property name="os.arch" value="amd64"/>
    <property name="java.vm.specification.name" value="Java Virtual Machine Specification"/>
    <property name="sun.os.patch.level" value=""/>
    <property name="native.encoding" value="GBK"/>
    <property name="java.library.path" value="D:\Applications\Editors\Languages\JDK\jdk-17\bin;C:\Windows\Sun\Java\bin;C:\Windows\system32;C:\Windows;D:\Applications\Editors\Anaconda3;D:\Applications\Editors\Anaconda3\Library\mingw-w64\bin;D:\Applications\Editors\Anaconda3\Library\usr\bin;D:\Applications\Editors\Anaconda3\Library\bin;D:\Applications\Editors\Anaconda3\Scripts;D:\Applications\Editors\Anaconda3\bin;D:\Applications\Editors\Anaconda3\condabin;D:\Program Files\NVIDIA GPU Computing Toolkit\CUDA\v11.8\bin;D:\Program Files\NVIDIA GPU Computing Toolkit\CUDA\v11.8\libnvvp;D:\Applications\virtualMachines\VMware\VMware Workstation\bin;D:\Applications\Editors\Languages\Python\Scripts;D:\Applications\Editors\Languages\Python;D:\Program Files\PlasticSCM5\server;D:\Program Files\PlasticSCM5\client;C:\Windows\system32;C:\Windows;C:\Windows\System32\Wbem;C:\Windows\System32\WindowsPowerShell\v1.0;C:\Windows\System32\OpenSSH;C:\Program Files (x86)\NVIDIA Corporation\PhysX\Common;C:\Program Files\NVIDIA Corporation\NVIDIA NvDLISR;C:\Program Files\Microsoft SQL Server\150\Tools\Binn;C:\Program Files\Microsoft SQL Server\Client SDK\ODBC\170\Tools\Binn;C:\Program Files\dotnet;D:\Windows Kits\10\Windows Performance Toolkit;D:\Program Files\Git\cmd;D:\Applications\Editors\nodejs;D:\Applications\Editors\nodejs\node_global\node_modules;D:\Applications\Editors\Languages\CMake\bin;D:\Applications\Editors\mingw64\bin;D:\Program Files\Git LFS;D:\Applications\Editors\Anaconda3;D:\Applications\Editors\Anaconda3\Scripts;D:\Applications\Editors\Anaconda3\Library\bin;D:\Applications\Editors\Anaconda3\Library\mingw-w64\bin;D:\Applications\Editors\Anaconda3\Library\usr\bin;.;D:\Applications\Editors\Languages\JDK\jdk-17\bin;D:\Applications\Editors\TOOLS\apache-maven-3.9.6;D:\Applications\Editors\TOOLS\apache-maven-3.9.6\bin;.;C:\Program Files\NVIDIA Corporation\Nsight Compute 2022.3.0;D:\Applications\Tools\chromedriver_win32;.;C:\Program Files\Docker\Docker\resources\bin;C:\Users\l\AppData\Local\Microsoft\WindowsApps;D:\Applications\Microsoft VS Code\bin;C:\Users\l\.dotnet\tools;D:\Applications\Editors\PyCharm Community Edition 2023.3.4\bin;.;D:\Applications\Editors\nodejs\node_global;D:\Applications\Editors\JetBrains\IntelliJ IDEA 2023.3.6\bin;.;.;D:\Applications\Editors\JetBrains\PyCharm 2023.2.6\bin;.;."/>
    <property name="java.vm.info" value="mixed mode, sharing"/>
    <property name="java.vendor" value="Oracle Corporation"/>
    <property name="java.vm.version" value="17.0.11+7-LTS-207"/>
    <property name="sun.io.unicode.encoding" value="UnicodeLittle"/>
    <property name="java.class.version" value="61.0"/>
  </properties>
  <testcase name="createTask_fail" classname="com.tongji.microservice.teamsphere.taskservice.impl.TaskServiceImplTest" time="1.049"/>
  <testcase name="updateTaskInfo_fail" classname="com.tongji.microservice.teamsphere.taskservice.impl.TaskServiceImplTest" time="0.018"/>
  <testcase name="uploadTaskFile_fail_upload_error" classname="com.tongji.microservice.teamsphere.taskservice.impl.TaskServiceImplTest" time="0.016"/>
  <testcase name="scoreTaskMember_fail" classname="com.tongji.microservice.teamsphere.taskservice.impl.TaskServiceImplTest" time="0.003"/>
  <testcase name="scoreTaskMember_success" classname="com.tongji.microservice.teamsphere.taskservice.impl.TaskServiceImplTest" time="0.002"/>
  <testcase name="getTasksForProject_fail" classname="com.tongji.microservice.teamsphere.taskservice.impl.TaskServiceImplTest" time="0.009">
    <system-err><![CDATA[java.lang.RuntimeException: Some error
	at com.tongji.microservice.teamsphere.taskservice.impl.TaskServiceImpl.getTasksForProject(TaskServiceImpl.java:194)
	at com.tongji.microservice.teamsphere.taskservice.impl.TaskServiceImplTest.getTasksForProject_fail(TaskServiceImplTest.java:315)
	at java.base/jdk.internal.reflect.NativeMethodAccessorImpl.invoke0(Native Method)
	at java.base/jdk.internal.reflect.NativeMethodAccessorImpl.invoke(NativeMethodAccessorImpl.java:77)
	at java.base/jdk.internal.reflect.DelegatingMethodAccessorImpl.invoke(DelegatingMethodAccessorImpl.java:43)
	at java.base/java.lang.reflect.Method.invoke(Method.java:568)
	at org.junit.platform.commons.util.ReflectionUtils.invokeMethod(ReflectionUtils.java:727)
	at org.junit.jupiter.engine.execution.MethodInvocation.proceed(MethodInvocation.java:60)
	at org.junit.jupiter.engine.execution.InvocationInterceptorChain$ValidatingInvocation.proceed(InvocationInterceptorChain.java:131)
	at org.junit.jupiter.engine.extension.TimeoutExtension.intercept(TimeoutExtension.java:156)
	at org.junit.jupiter.engine.extension.TimeoutExtension.interceptTestableMethod(TimeoutExtension.java:147)
	at org.junit.jupiter.engine.extension.TimeoutExtension.interceptTestMethod(TimeoutExtension.java:86)
	at org.junit.jupiter.engine.execution.InterceptingExecutableInvoker$ReflectiveInterceptorCall.lambda$ofVoidMethod$0(InterceptingExecutableInvoker.java:103)
	at org.junit.jupiter.engine.execution.InterceptingExecutableInvoker.lambda$invoke$0(InterceptingExecutableInvoker.java:93)
	at org.junit.jupiter.engine.execution.InvocationInterceptorChain$InterceptedInvocation.proceed(InvocationInterceptorChain.java:106)
	at org.junit.jupiter.engine.execution.InvocationInterceptorChain.proceed(InvocationInterceptorChain.java:64)
	at org.junit.jupiter.engine.execution.InvocationInterceptorChain.chainAndInvoke(InvocationInterceptorChain.java:45)
	at org.junit.jupiter.engine.execution.InvocationInterceptorChain.invoke(InvocationInterceptorChain.java:37)
	at org.junit.jupiter.engine.execution.InterceptingExecutableInvoker.invoke(InterceptingExecutableInvoker.java:92)
	at org.junit.jupiter.engine.execution.InterceptingExecutableInvoker.invoke(InterceptingExecutableInvoker.java:86)
	at org.junit.jupiter.engine.descriptor.TestMethodTestDescriptor.lambda$invokeTestMethod$7(TestMethodTestDescriptor.java:217)
	at org.junit.platform.engine.support.hierarchical.ThrowableCollector.execute(ThrowableCollector.java:73)
	at org.junit.jupiter.engine.descriptor.TestMethodTestDescriptor.invokeTestMethod(TestMethodTestDescriptor.java:213)
	at org.junit.jupiter.engine.descriptor.TestMethodTestDescriptor.execute(TestMethodTestDescriptor.java:138)
	at org.junit.jupiter.engine.descriptor.TestMethodTestDescriptor.execute(TestMethodTestDescriptor.java:68)
	at org.junit.platform.engine.support.hierarchical.NodeTestTask.lambda$executeRecursively$6(NodeTestTask.java:151)
	at org.junit.platform.engine.support.hierarchical.ThrowableCollector.execute(ThrowableCollector.java:73)
	at org.junit.platform.engine.support.hierarchical.NodeTestTask.lambda$executeRecursively$8(NodeTestTask.java:141)
	at org.junit.platform.engine.support.hierarchical.Node.around(Node.java:137)
	at org.junit.platform.engine.support.hierarchical.NodeTestTask.lambda$executeRecursively$9(NodeTestTask.java:139)
	at org.junit.platform.engine.support.hierarchical.ThrowableCollector.execute(ThrowableCollector.java:73)
	at org.junit.platform.engine.support.hierarchical.NodeTestTask.executeRecursively(NodeTestTask.java:138)
	at org.junit.platform.engine.support.hierarchical.NodeTestTask.execute(NodeTestTask.java:95)
	at java.base/java.util.ArrayList.forEach(ArrayList.java:1511)
	at org.junit.platform.engine.support.hierarchical.SameThreadHierarchicalTestExecutorService.invokeAll(SameThreadHierarchicalTestExecutorService.java:41)
	at org.junit.platform.engine.support.hierarchical.NodeTestTask.lambda$executeRecursively$6(NodeTestTask.java:155)
	at org.junit.platform.engine.support.hierarchical.ThrowableCollector.execute(ThrowableCollector.java:73)
	at org.junit.platform.engine.support.hierarchical.NodeTestTask.lambda$executeRecursively$8(NodeTestTask.java:141)
	at org.junit.platform.engine.support.hierarchical.Node.around(Node.java:137)
	at org.junit.platform.engine.support.hierarchical.NodeTestTask.lambda$executeRecursively$9(NodeTestTask.java:139)
	at org.junit.platform.engine.support.hierarchical.ThrowableCollector.execute(ThrowableCollector.java:73)
	at org.junit.platform.engine.support.hierarchical.NodeTestTask.executeRecursively(NodeTestTask.java:138)
	at org.junit.platform.engine.support.hierarchical.NodeTestTask.execute(NodeTestTask.java:95)
	at java.base/java.util.ArrayList.forEach(ArrayList.java:1511)
	at org.junit.platform.engine.support.hierarchical.SameThreadHierarchicalTestExecutorService.invokeAll(SameThreadHierarchicalTestExecutorService.java:41)
	at org.junit.platform.engine.support.hierarchical.NodeTestTask.lambda$executeRecursively$6(NodeTestTask.java:155)
	at org.junit.platform.engine.support.hierarchical.ThrowableCollector.execute(ThrowableCollector.java:73)
	at org.junit.platform.engine.support.hierarchical.NodeTestTask.lambda$executeRecursively$8(NodeTestTask.java:141)
	at org.junit.platform.engine.support.hierarchical.Node.around(Node.java:137)
	at org.junit.platform.engine.support.hierarchical.NodeTestTask.lambda$executeRecursively$9(NodeTestTask.java:139)
	at org.junit.platform.engine.support.hierarchical.ThrowableCollector.execute(ThrowableCollector.java:73)
	at org.junit.platform.engine.support.hierarchical.NodeTestTask.executeRecursively(NodeTestTask.java:138)
	at org.junit.platform.engine.support.hierarchical.NodeTestTask.execute(NodeTestTask.java:95)
	at org.junit.platform.engine.support.hierarchical.SameThreadHierarchicalTestExecutorService.submit(SameThreadHierarchicalTestExecutorService.java:35)
	at org.junit.platform.engine.support.hierarchical.HierarchicalTestExecutor.execute(HierarchicalTestExecutor.java:57)
	at org.junit.platform.engine.support.hierarchical.HierarchicalTestEngine.execute(HierarchicalTestEngine.java:54)
	at org.junit.platform.launcher.core.EngineExecutionOrchestrator.execute(EngineExecutionOrchestrator.java:147)
	at org.junit.platform.launcher.core.EngineExecutionOrchestrator.execute(EngineExecutionOrchestrator.java:127)
	at org.junit.platform.launcher.core.EngineExecutionOrchestrator.execute(EngineExecutionOrchestrator.java:90)
	at org.junit.platform.launcher.core.EngineExecutionOrchestrator.lambda$execute$0(EngineExecutionOrchestrator.java:55)
	at org.junit.platform.launcher.core.EngineExecutionOrchestrator.withInterceptedStreams(EngineExecutionOrchestrator.java:102)
	at org.junit.platform.launcher.core.EngineExecutionOrchestrator.execute(EngineExecutionOrchestrator.java:54)
	at org.junit.platform.launcher.core.DefaultLauncher.execute(DefaultLauncher.java:114)
	at org.junit.platform.launcher.core.DefaultLauncher.execute(DefaultLauncher.java:86)
	at org.junit.platform.launcher.core.DefaultLauncherSession$DelegatingLauncher.execute(DefaultLauncherSession.java:86)
	at org.apache.maven.surefire.junitplatform.LazyLauncher.execute(LazyLauncher.java:56)
	at org.apache.maven.surefire.junitplatform.JUnitPlatformProvider.execute(JUnitPlatformProvider.java:184)
	at org.apache.maven.surefire.junitplatform.JUnitPlatformProvider.invokeAllTests(JUnitPlatformProvider.java:148)
	at org.apache.maven.surefire.junitplatform.JUnitPlatformProvider.invoke(JUnitPlatformProvider.java:122)
	at org.apache.maven.surefire.booter.ForkedBooter.runSuitesInProcess(ForkedBooter.java:385)
	at org.apache.maven.surefire.booter.ForkedBooter.execute(ForkedBooter.java:162)
	at org.apache.maven.surefire.booter.ForkedBooter.run(ForkedBooter.java:507)
	at org.apache.maven.surefire.booter.ForkedBooter.main(ForkedBooter.java:495)
]]></system-err>
  </testcase>
  <testcase name="getLeader_success" classname="com.tongji.microservice.teamsphere.taskservice.impl.TaskServiceImplTest" time="0.004"/>
  <testcase name="uploadTaskFile_success" classname="com.tongji.microservice.teamsphere.taskservice.impl.TaskServiceImplTest" time="0.004"/>
  <testcase name="getTaskInfo_success" classname="com.tongji.microservice.teamsphere.taskservice.impl.TaskServiceImplTest" time="0.006"/>
  <testcase name="getTasksForLeader_success" classname="com.tongji.microservice.teamsphere.taskservice.impl.TaskServiceImplTest" time="0.002"/>
  <testcase name="getTasksForMember_success" classname="com.tongji.microservice.teamsphere.taskservice.impl.TaskServiceImplTest" time="0.002"/>
  <testcase name="createTask_success" classname="com.tongji.microservice.teamsphere.taskservice.impl.TaskServiceImplTest" time="0.002"/>
  <testcase name="getTasksForMember_fail" classname="com.tongji.microservice.teamsphere.taskservice.impl.TaskServiceImplTest" time="0.003">
    <system-err><![CDATA[java.lang.RuntimeException: Some error
	at com.tongji.microservice.teamsphere.taskservice.impl.TaskServiceImpl.getTasksForMember(TaskServiceImpl.java:225)
	at com.tongji.microservice.teamsphere.taskservice.impl.TaskServiceImplTest.getTasksForMember_fail(TaskServiceImplTest.java:382)
	at java.base/jdk.internal.reflect.NativeMethodAccessorImpl.invoke0(Native Method)
	at java.base/jdk.internal.reflect.NativeMethodAccessorImpl.invoke(NativeMethodAccessorImpl.java:77)
	at java.base/jdk.internal.reflect.DelegatingMethodAccessorImpl.invoke(DelegatingMethodAccessorImpl.java:43)
	at java.base/java.lang.reflect.Method.invoke(Method.java:568)
	at org.junit.platform.commons.util.ReflectionUtils.invokeMethod(ReflectionUtils.java:727)
	at org.junit.jupiter.engine.execution.MethodInvocation.proceed(MethodInvocation.java:60)
	at org.junit.jupiter.engine.execution.InvocationInterceptorChain$ValidatingInvocation.proceed(InvocationInterceptorChain.java:131)
	at org.junit.jupiter.engine.extension.TimeoutExtension.intercept(TimeoutExtension.java:156)
	at org.junit.jupiter.engine.extension.TimeoutExtension.interceptTestableMethod(TimeoutExtension.java:147)
	at org.junit.jupiter.engine.extension.TimeoutExtension.interceptTestMethod(TimeoutExtension.java:86)
	at org.junit.jupiter.engine.execution.InterceptingExecutableInvoker$ReflectiveInterceptorCall.lambda$ofVoidMethod$0(InterceptingExecutableInvoker.java:103)
	at org.junit.jupiter.engine.execution.InterceptingExecutableInvoker.lambda$invoke$0(InterceptingExecutableInvoker.java:93)
	at org.junit.jupiter.engine.execution.InvocationInterceptorChain$InterceptedInvocation.proceed(InvocationInterceptorChain.java:106)
	at org.junit.jupiter.engine.execution.InvocationInterceptorChain.proceed(InvocationInterceptorChain.java:64)
	at org.junit.jupiter.engine.execution.InvocationInterceptorChain.chainAndInvoke(InvocationInterceptorChain.java:45)
	at org.junit.jupiter.engine.execution.InvocationInterceptorChain.invoke(InvocationInterceptorChain.java:37)
	at org.junit.jupiter.engine.execution.InterceptingExecutableInvoker.invoke(InterceptingExecutableInvoker.java:92)
	at org.junit.jupiter.engine.execution.InterceptingExecutableInvoker.invoke(InterceptingExecutableInvoker.java:86)
	at org.junit.jupiter.engine.descriptor.TestMethodTestDescriptor.lambda$invokeTestMethod$7(TestMethodTestDescriptor.java:217)
	at org.junit.platform.engine.support.hierarchical.ThrowableCollector.execute(ThrowableCollector.java:73)
	at org.junit.jupiter.engine.descriptor.TestMethodTestDescriptor.invokeTestMethod(TestMethodTestDescriptor.java:213)
	at org.junit.jupiter.engine.descriptor.TestMethodTestDescriptor.execute(TestMethodTestDescriptor.java:138)
	at org.junit.jupiter.engine.descriptor.TestMethodTestDescriptor.execute(TestMethodTestDescriptor.java:68)
	at org.junit.platform.engine.support.hierarchical.NodeTestTask.lambda$executeRecursively$6(NodeTestTask.java:151)
	at org.junit.platform.engine.support.hierarchical.ThrowableCollector.execute(ThrowableCollector.java:73)
	at org.junit.platform.engine.support.hierarchical.NodeTestTask.lambda$executeRecursively$8(NodeTestTask.java:141)
	at org.junit.platform.engine.support.hierarchical.Node.around(Node.java:137)
	at org.junit.platform.engine.support.hierarchical.NodeTestTask.lambda$executeRecursively$9(NodeTestTask.java:139)
	at org.junit.platform.engine.support.hierarchical.ThrowableCollector.execute(ThrowableCollector.java:73)
	at org.junit.platform.engine.support.hierarchical.NodeTestTask.executeRecursively(NodeTestTask.java:138)
	at org.junit.platform.engine.support.hierarchical.NodeTestTask.execute(NodeTestTask.java:95)
	at java.base/java.util.ArrayList.forEach(ArrayList.java:1511)
	at org.junit.platform.engine.support.hierarchical.SameThreadHierarchicalTestExecutorService.invokeAll(SameThreadHierarchicalTestExecutorService.java:41)
	at org.junit.platform.engine.support.hierarchical.NodeTestTask.lambda$executeRecursively$6(NodeTestTask.java:155)
	at org.junit.platform.engine.support.hierarchical.ThrowableCollector.execute(ThrowableCollector.java:73)
	at org.junit.platform.engine.support.hierarchical.NodeTestTask.lambda$executeRecursively$8(NodeTestTask.java:141)
	at org.junit.platform.engine.support.hierarchical.Node.around(Node.java:137)
	at org.junit.platform.engine.support.hierarchical.NodeTestTask.lambda$executeRecursively$9(NodeTestTask.java:139)
	at org.junit.platform.engine.support.hierarchical.ThrowableCollector.execute(ThrowableCollector.java:73)
	at org.junit.platform.engine.support.hierarchical.NodeTestTask.executeRecursively(NodeTestTask.java:138)
	at org.junit.platform.engine.support.hierarchical.NodeTestTask.execute(NodeTestTask.java:95)
	at java.base/java.util.ArrayList.forEach(ArrayList.java:1511)
	at org.junit.platform.engine.support.hierarchical.SameThreadHierarchicalTestExecutorService.invokeAll(SameThreadHierarchicalTestExecutorService.java:41)
	at org.junit.platform.engine.support.hierarchical.NodeTestTask.lambda$executeRecursively$6(NodeTestTask.java:155)
	at org.junit.platform.engine.support.hierarchical.ThrowableCollector.execute(ThrowableCollector.java:73)
	at org.junit.platform.engine.support.hierarchical.NodeTestTask.lambda$executeRecursively$8(NodeTestTask.java:141)
	at org.junit.platform.engine.support.hierarchical.Node.around(Node.java:137)
	at org.junit.platform.engine.support.hierarchical.NodeTestTask.lambda$executeRecursively$9(NodeTestTask.java:139)
	at org.junit.platform.engine.support.hierarchical.ThrowableCollector.execute(ThrowableCollector.java:73)
	at org.junit.platform.engine.support.hierarchical.NodeTestTask.executeRecursively(NodeTestTask.java:138)
	at org.junit.platform.engine.support.hierarchical.NodeTestTask.execute(NodeTestTask.java:95)
	at org.junit.platform.engine.support.hierarchical.SameThreadHierarchicalTestExecutorService.submit(SameThreadHierarchicalTestExecutorService.java:35)
	at org.junit.platform.engine.support.hierarchical.HierarchicalTestExecutor.execute(HierarchicalTestExecutor.java:57)
	at org.junit.platform.engine.support.hierarchical.HierarchicalTestEngine.execute(HierarchicalTestEngine.java:54)
	at org.junit.platform.launcher.core.EngineExecutionOrchestrator.execute(EngineExecutionOrchestrator.java:147)
	at org.junit.platform.launcher.core.EngineExecutionOrchestrator.execute(EngineExecutionOrchestrator.java:127)
	at org.junit.platform.launcher.core.EngineExecutionOrchestrator.execute(EngineExecutionOrchestrator.java:90)
	at org.junit.platform.launcher.core.EngineExecutionOrchestrator.lambda$execute$0(EngineExecutionOrchestrator.java:55)
	at org.junit.platform.launcher.core.EngineExecutionOrchestrator.withInterceptedStreams(EngineExecutionOrchestrator.java:102)
	at org.junit.platform.launcher.core.EngineExecutionOrchestrator.execute(EngineExecutionOrchestrator.java:54)
	at org.junit.platform.launcher.core.DefaultLauncher.execute(DefaultLauncher.java:114)
	at org.junit.platform.launcher.core.DefaultLauncher.execute(DefaultLauncher.java:86)
	at org.junit.platform.launcher.core.DefaultLauncherSession$DelegatingLauncher.execute(DefaultLauncherSession.java:86)
	at org.apache.maven.surefire.junitplatform.LazyLauncher.execute(LazyLauncher.java:56)
	at org.apache.maven.surefire.junitplatform.JUnitPlatformProvider.execute(JUnitPlatformProvider.java:184)
	at org.apache.maven.surefire.junitplatform.JUnitPlatformProvider.invokeAllTests(JUnitPlatformProvider.java:148)
	at org.apache.maven.surefire.junitplatform.JUnitPlatformProvider.invoke(JUnitPlatformProvider.java:122)
	at org.apache.maven.surefire.booter.ForkedBooter.runSuitesInProcess(ForkedBooter.java:385)
	at org.apache.maven.surefire.booter.ForkedBooter.execute(ForkedBooter.java:162)
	at org.apache.maven.surefire.booter.ForkedBooter.run(ForkedBooter.java:507)
	at org.apache.maven.surefire.booter.ForkedBooter.main(ForkedBooter.java:495)
]]></system-err>
  </testcase>
  <testcase name="getTasksForProject_success" classname="com.tongji.microservice.teamsphere.taskservice.impl.TaskServiceImplTest" time="0.017">
    <system-out><![CDATA[[TaskData(id=1, projectId=1, leader=1, name=TaskName, description=Description, deadline=2024-06-01T01:47:34.380658700, status=1, priority=1, file=fileURL, finishTime=null, leaderName=username, fileName=)]
]]></system-out>
  </testcase>
  <testcase name="deleteTask_fail" classname="com.tongji.microservice.teamsphere.taskservice.impl.TaskServiceImplTest" time="0.002"/>
  <testcase name="uploadTaskFile_fail_not_member" classname="com.tongji.microservice.teamsphere.taskservice.impl.TaskServiceImplTest" time="0.003"/>
  <testcase name="addTaskMember_fail" classname="com.tongji.microservice.teamsphere.taskservice.impl.TaskServiceImplTest" time="0.002"/>
  <testcase name="getTaskMember_fail" classname="com.tongji.microservice.teamsphere.taskservice.impl.TaskServiceImplTest" time="0.002"/>
  <testcase name="deleteTaskMember_fail" classname="com.tongji.microservice.teamsphere.taskservice.impl.TaskServiceImplTest" time="0.002"/>
  <testcase name="deleteTaskMember_success" classname="com.tongji.microservice.teamsphere.taskservice.impl.TaskServiceImplTest" time="0.001"/>
  <testcase name="judgeTask_fail" classname="com.tongji.microservice.teamsphere.taskservice.impl.TaskServiceImplTest" time="0.001"/>
  <testcase name="judgeTask_success" classname="com.tongji.microservice.teamsphere.taskservice.impl.TaskServiceImplTest" time="0.002"/>
  <testcase name="addTaskMember_success" classname="com.tongji.microservice.teamsphere.taskservice.impl.TaskServiceImplTest" time="0.002"/>
  <testcase name="updateTaskInfo_success" classname="com.tongji.microservice.teamsphere.taskservice.impl.TaskServiceImplTest" time="0.002"/>
  <testcase name="getTaskMember_success" classname="com.tongji.microservice.teamsphere.taskservice.impl.TaskServiceImplTest" time="0.003"/>
  <testcase name="deleteTask_success" classname="com.tongji.microservice.teamsphere.taskservice.impl.TaskServiceImplTest" time="0.002"/>
  <testcase name="getLeader_fail" classname="com.tongji.microservice.teamsphere.taskservice.impl.TaskServiceImplTest" time="0.004"/>
  <testcase name="getTaskInfo_fail" classname="com.tongji.microservice.teamsphere.taskservice.impl.TaskServiceImplTest" time="0.002"/>
  <testcase name="getTasksForLeader_fail" classname="com.tongji.microservice.teamsphere.taskservice.impl.TaskServiceImplTest" time="0.003">
    <system-err><![CDATA[java.lang.RuntimeException: Some error
	at com.tongji.microservice.teamsphere.taskservice.impl.TaskServiceImpl.getTasksForLeader(TaskServiceImpl.java:211)
	at com.tongji.microservice.teamsphere.taskservice.impl.TaskServiceImplTest.getTasksForLeader_fail(TaskServiceImplTest.java:346)
	at java.base/jdk.internal.reflect.NativeMethodAccessorImpl.invoke0(Native Method)
	at java.base/jdk.internal.reflect.NativeMethodAccessorImpl.invoke(NativeMethodAccessorImpl.java:77)
	at java.base/jdk.internal.reflect.DelegatingMethodAccessorImpl.invoke(DelegatingMethodAccessorImpl.java:43)
	at java.base/java.lang.reflect.Method.invoke(Method.java:568)
	at org.junit.platform.commons.util.ReflectionUtils.invokeMethod(ReflectionUtils.java:727)
	at org.junit.jupiter.engine.execution.MethodInvocation.proceed(MethodInvocation.java:60)
	at org.junit.jupiter.engine.execution.InvocationInterceptorChain$ValidatingInvocation.proceed(InvocationInterceptorChain.java:131)
	at org.junit.jupiter.engine.extension.TimeoutExtension.intercept(TimeoutExtension.java:156)
	at org.junit.jupiter.engine.extension.TimeoutExtension.interceptTestableMethod(TimeoutExtension.java:147)
	at org.junit.jupiter.engine.extension.TimeoutExtension.interceptTestMethod(TimeoutExtension.java:86)
	at org.junit.jupiter.engine.execution.InterceptingExecutableInvoker$ReflectiveInterceptorCall.lambda$ofVoidMethod$0(InterceptingExecutableInvoker.java:103)
	at org.junit.jupiter.engine.execution.InterceptingExecutableInvoker.lambda$invoke$0(InterceptingExecutableInvoker.java:93)
	at org.junit.jupiter.engine.execution.InvocationInterceptorChain$InterceptedInvocation.proceed(InvocationInterceptorChain.java:106)
	at org.junit.jupiter.engine.execution.InvocationInterceptorChain.proceed(InvocationInterceptorChain.java:64)
	at org.junit.jupiter.engine.execution.InvocationInterceptorChain.chainAndInvoke(InvocationInterceptorChain.java:45)
	at org.junit.jupiter.engine.execution.InvocationInterceptorChain.invoke(InvocationInterceptorChain.java:37)
	at org.junit.jupiter.engine.execution.InterceptingExecutableInvoker.invoke(InterceptingExecutableInvoker.java:92)
	at org.junit.jupiter.engine.execution.InterceptingExecutableInvoker.invoke(InterceptingExecutableInvoker.java:86)
	at org.junit.jupiter.engine.descriptor.TestMethodTestDescriptor.lambda$invokeTestMethod$7(TestMethodTestDescriptor.java:217)
	at org.junit.platform.engine.support.hierarchical.ThrowableCollector.execute(ThrowableCollector.java:73)
	at org.junit.jupiter.engine.descriptor.TestMethodTestDescriptor.invokeTestMethod(TestMethodTestDescriptor.java:213)
	at org.junit.jupiter.engine.descriptor.TestMethodTestDescriptor.execute(TestMethodTestDescriptor.java:138)
	at org.junit.jupiter.engine.descriptor.TestMethodTestDescriptor.execute(TestMethodTestDescriptor.java:68)
	at org.junit.platform.engine.support.hierarchical.NodeTestTask.lambda$executeRecursively$6(NodeTestTask.java:151)
	at org.junit.platform.engine.support.hierarchical.ThrowableCollector.execute(ThrowableCollector.java:73)
	at org.junit.platform.engine.support.hierarchical.NodeTestTask.lambda$executeRecursively$8(NodeTestTask.java:141)
	at org.junit.platform.engine.support.hierarchical.Node.around(Node.java:137)
	at org.junit.platform.engine.support.hierarchical.NodeTestTask.lambda$executeRecursively$9(NodeTestTask.java:139)
	at org.junit.platform.engine.support.hierarchical.ThrowableCollector.execute(ThrowableCollector.java:73)
	at org.junit.platform.engine.support.hierarchical.NodeTestTask.executeRecursively(NodeTestTask.java:138)
	at org.junit.platform.engine.support.hierarchical.NodeTestTask.execute(NodeTestTask.java:95)
	at java.base/java.util.ArrayList.forEach(ArrayList.java:1511)
	at org.junit.platform.engine.support.hierarchical.SameThreadHierarchicalTestExecutorService.invokeAll(SameThreadHierarchicalTestExecutorService.java:41)
	at org.junit.platform.engine.support.hierarchical.NodeTestTask.lambda$executeRecursively$6(NodeTestTask.java:155)
	at org.junit.platform.engine.support.hierarchical.ThrowableCollector.execute(ThrowableCollector.java:73)
	at org.junit.platform.engine.support.hierarchical.NodeTestTask.lambda$executeRecursively$8(NodeTestTask.java:141)
	at org.junit.platform.engine.support.hierarchical.Node.around(Node.java:137)
	at org.junit.platform.engine.support.hierarchical.NodeTestTask.lambda$executeRecursively$9(NodeTestTask.java:139)
	at org.junit.platform.engine.support.hierarchical.ThrowableCollector.execute(ThrowableCollector.java:73)
	at org.junit.platform.engine.support.hierarchical.NodeTestTask.executeRecursively(NodeTestTask.java:138)
	at org.junit.platform.engine.support.hierarchical.NodeTestTask.execute(NodeTestTask.java:95)
	at java.base/java.util.ArrayList.forEach(ArrayList.java:1511)
	at org.junit.platform.engine.support.hierarchical.SameThreadHierarchicalTestExecutorService.invokeAll(SameThreadHierarchicalTestExecutorService.java:41)
	at org.junit.platform.engine.support.hierarchical.NodeTestTask.lambda$executeRecursively$6(NodeTestTask.java:155)
	at org.junit.platform.engine.support.hierarchical.ThrowableCollector.execute(ThrowableCollector.java:73)
	at org.junit.platform.engine.support.hierarchical.NodeTestTask.lambda$executeRecursively$8(NodeTestTask.java:141)
	at org.junit.platform.engine.support.hierarchical.Node.around(Node.java:137)
	at org.junit.platform.engine.support.hierarchical.NodeTestTask.lambda$executeRecursively$9(NodeTestTask.java:139)
	at org.junit.platform.engine.support.hierarchical.ThrowableCollector.execute(ThrowableCollector.java:73)
	at org.junit.platform.engine.support.hierarchical.NodeTestTask.executeRecursively(NodeTestTask.java:138)
	at org.junit.platform.engine.support.hierarchical.NodeTestTask.execute(NodeTestTask.java:95)
	at org.junit.platform.engine.support.hierarchical.SameThreadHierarchicalTestExecutorService.submit(SameThreadHierarchicalTestExecutorService.java:35)
	at org.junit.platform.engine.support.hierarchical.HierarchicalTestExecutor.execute(HierarchicalTestExecutor.java:57)
	at org.junit.platform.engine.support.hierarchical.HierarchicalTestEngine.execute(HierarchicalTestEngine.java:54)
	at org.junit.platform.launcher.core.EngineExecutionOrchestrator.execute(EngineExecutionOrchestrator.java:147)
	at org.junit.platform.launcher.core.EngineExecutionOrchestrator.execute(EngineExecutionOrchestrator.java:127)
	at org.junit.platform.launcher.core.EngineExecutionOrchestrator.execute(EngineExecutionOrchestrator.java:90)
	at org.junit.platform.launcher.core.EngineExecutionOrchestrator.lambda$execute$0(EngineExecutionOrchestrator.java:55)
	at org.junit.platform.launcher.core.EngineExecutionOrchestrator.withInterceptedStreams(EngineExecutionOrchestrator.java:102)
	at org.junit.platform.launcher.core.EngineExecutionOrchestrator.execute(EngineExecutionOrchestrator.java:54)
	at org.junit.platform.launcher.core.DefaultLauncher.execute(DefaultLauncher.java:114)
	at org.junit.platform.launcher.core.DefaultLauncher.execute(DefaultLauncher.java:86)
	at org.junit.platform.launcher.core.DefaultLauncherSession$DelegatingLauncher.execute(DefaultLauncherSession.java:86)
	at org.apache.maven.surefire.junitplatform.LazyLauncher.execute(LazyLauncher.java:56)
	at org.apache.maven.surefire.junitplatform.JUnitPlatformProvider.execute(JUnitPlatformProvider.java:184)
	at org.apache.maven.surefire.junitplatform.JUnitPlatformProvider.invokeAllTests(JUnitPlatformProvider.java:148)
	at org.apache.maven.surefire.junitplatform.JUnitPlatformProvider.invoke(JUnitPlatformProvider.java:122)
	at org.apache.maven.surefire.booter.ForkedBooter.runSuitesInProcess(ForkedBooter.java:385)
	at org.apache.maven.surefire.booter.ForkedBooter.execute(ForkedBooter.java:162)
	at org.apache.maven.surefire.booter.ForkedBooter.run(ForkedBooter.java:507)
	at org.apache.maven.surefire.booter.ForkedBooter.main(ForkedBooter.java:495)
]]></system-err>
  </testcase>
</testsuite>