<?xml version="1.0" encoding="UTF-8"?>
<testsuite xmlns:xsi="http://www.w3.org/2001/XMLSchema-instance" xsi:noNamespaceSchemaLocation="https://maven.apache.org/surefire/maven-surefire-plugin/xsd/surefire-test-report-3.0.xsd" version="3.0" name="com.tongji.microservice.teamsphere.TeamsphereScheduleApplicationTests" time="5.459" tests="1" errors="0" skipped="0" failures="0">
  <properties>
    <property name="java.specification.version" value="17"/>
    <property name="sun.cpu.isalist" value="amd64"/>
    <property name="sun.jnu.encoding" value="GBK"/>
    <property name="java.class.path" value="D:\Files\Code\CoursesProjects\SoftwareTestPlatform\test-targets\Microservices\schedule-service\target\test-classes;D:\Files\Code\CoursesProjects\SoftwareTestPlatform\test-targets\Microservices\schedule-service\target\classes;D:\Applications\Editors\TOOLS\apache-maven-3.9.6\repository\org\springframework\boot\spring-boot-starter-amqp\3.1.2\spring-boot-starter-amqp-3.1.2.jar;D:\Applications\Editors\TOOLS\apache-maven-3.9.6\repository\org\springframework\boot\spring-boot-starter\3.1.2\spring-boot-starter-3.1.2.jar;D:\Applications\Editors\TOOLS\apache-maven-3.9.6\repository\org\springframework\boot\spring-boot\3.1.2\spring-boot-3.1.2.jar;D:\Applications\Editors\TOOLS\apache-maven-3.9.6\repository\org\springframework\boot\spring-boot-starter-logging\3.1.2\spring-boot-starter-logging-3.1.2.jar;D:\Applications\Editors\TOOLS\apache-maven-3.9.6\repository\ch\qos\logback\logback-classic\1.4.8\logback-classic-1.4.8.jar;D:\Applications\Editors\TOOLS\apache-maven-3.9.6\repository\ch\qos\logback\logback-core\1.4.8\logback-core-1.4.8.jar;D:\Applications\Editors\TOOLS\apache-maven-3.9.6\repository\org\apache\logging\log4j\log4j-to-slf4j\2.20.0\log4j-to-slf4j-2.20.0.jar;D:\Applications\Editors\TOOLS\apache-maven-3.9.6\repository\org\apache\logging\log4j\log4j-api\2.20.0\log4j-api-2.20.0.jar;D:\Applications\Editors\TOOLS\apache-maven-3.9.6\repository\org\slf4j\jul-to-slf4j\2.0.7\jul-to-slf4j-2.0.7.jar;D:\Applications\Editors\TOOLS\apache-maven-3.9.6\repository\jakarta\annotation\jakarta.annotation-api\2.1.1\jakarta.annotation-api-2.1.1.jar;D:\Applications\Editors\TOOLS\apache-maven-3.9.6\repository\org\springframework\spring-messaging\6.0.11\spring-messaging-6.0.11.jar;D:\Applications\Editors\TOOLS\apache-maven-3.9.6\repository\org\springframework\spring-beans\6.0.11\spring-beans-6.0.11.jar;D:\Applications\Editors\TOOLS\apache-maven-3.9.6\repository\org\springframework\amqp\spring-rabbit\3.0.6\spring-rabbit-3.0.6.jar;D:\Applications\Editors\TOOLS\apache-maven-3.9.6\repository\org\springframework\amqp\spring-amqp\3.0.6\spring-amqp-3.0.6.jar;D:\Applications\Editors\TOOLS\apache-maven-3.9.6\repository\org\springframework\retry\spring-retry\2.0.2\spring-retry-2.0.2.jar;D:\Applications\Editors\TOOLS\apache-maven-3.9.6\repository\com\rabbitmq\amqp-client\5.17.1\amqp-client-5.17.1.jar;D:\Applications\Editors\TOOLS\apache-maven-3.9.6\repository\org\springframework\spring-context\6.0.11\spring-context-6.0.11.jar;D:\Applications\Editors\TOOLS\apache-maven-3.9.6\repository\org\springframework\spring-tx\6.0.11\spring-tx-6.0.11.jar;D:\Applications\Editors\TOOLS\apache-maven-3.9.6\repository\io\micrometer\micrometer-observation\1.11.2\micrometer-observation-1.11.2.jar;D:\Applications\Editors\TOOLS\apache-maven-3.9.6\repository\io\micrometer\micrometer-commons\1.11.2\micrometer-commons-1.11.2.jar;D:\Applications\Editors\TOOLS\apache-maven-3.9.6\repository\org\springframework\boot\spring-boot-starter-web\3.1.2\spring-boot-starter-web-3.1.2.jar;D:\Applications\Editors\TOOLS\apache-maven-3.9.6\repository\org\springframework\boot\spring-boot-starter-json\3.1.2\spring-boot-starter-json-3.1.2.jar;D:\Applications\Editors\TOOLS\apache-maven-3.9.6\repository\com\fasterxml\jackson\datatype\jackson-datatype-jdk8\2.15.2\jackson-datatype-jdk8-2.15.2.jar;D:\Applications\Editors\TOOLS\apache-maven-3.9.6\repository\com\fasterxml\jackson\datatype\jackson-datatype-jsr310\2.15.2\jackson-datatype-jsr310-2.15.2.jar;D:\Applications\Editors\TOOLS\apache-maven-3.9.6\repository\com\fasterxml\jackson\module\jackson-module-parameter-names\2.15.2\jackson-module-parameter-names-2.15.2.jar;D:\Applications\Editors\TOOLS\apache-maven-3.9.6\repository\org\springframework\boot\spring-boot-starter-tomcat\3.1.2\spring-boot-starter-tomcat-3.1.2.jar;D:\Applications\Editors\TOOLS\apache-maven-3.9.6\repository\org\apache\tomcat\embed\tomcat-embed-core\10.1.11\tomcat-embed-core-10.1.11.jar;D:\Applications\Editors\TOOLS\apache-maven-3.9.6\repository\org\apache\tomcat\embed\tomcat-embed-el\10.1.11\tomcat-embed-el-10.1.11.jar;D:\Applications\Editors\TOOLS\apache-maven-3.9.6\repository\org\apache\tomcat\embed\tomcat-embed-websocket\10.1.11\tomcat-embed-websocket-10.1.11.jar;D:\Applications\Editors\TOOLS\apache-maven-3.9.6\repository\org\springframework\spring-web\6.0.11\spring-web-6.0.11.jar;D:\Applications\Editors\TOOLS\apache-maven-3.9.6\repository\org\springframework\spring-webmvc\6.0.11\spring-webmvc-6.0.11.jar;D:\Applications\Editors\TOOLS\apache-maven-3.9.6\repository\org\springframework\spring-aop\6.0.11\spring-aop-6.0.11.jar;D:\Applications\Editors\TOOLS\apache-maven-3.9.6\repository\org\springframework\spring-expression\6.0.11\spring-expression-6.0.11.jar;D:\Applications\Editors\TOOLS\apache-maven-3.9.6\repository\com\alibaba\nacos\nacos-client\2.2.1\nacos-client-2.2.1.jar;D:\Applications\Editors\TOOLS\apache-maven-3.9.6\repository\com\alibaba\nacos\nacos-auth-plugin\2.2.1\nacos-auth-plugin-2.2.1.jar;D:\Applications\Editors\TOOLS\apache-maven-3.9.6\repository\com\alibaba\nacos\nacos-encryption-plugin\2.2.1\nacos-encryption-plugin-2.2.1.jar;D:\Applications\Editors\TOOLS\apache-maven-3.9.6\repository\commons-codec\commons-codec\1.15\commons-codec-1.15.jar;D:\Applications\Editors\TOOLS\apache-maven-3.9.6\repository\com\fasterxml\jackson\core\jackson-core\2.15.2\jackson-core-2.15.2.jar;D:\Applications\Editors\TOOLS\apache-maven-3.9.6\repository\com\fasterxml\jackson\core\jackson-databind\2.15.2\jackson-databind-2.15.2.jar;D:\Applications\Editors\TOOLS\apache-maven-3.9.6\repository\com\fasterxml\jackson\core\jackson-annotations\2.15.2\jackson-annotations-2.15.2.jar;D:\Applications\Editors\TOOLS\apache-maven-3.9.6\repository\org\apache\httpcomponents\httpasyncclient\4.1.5\httpasyncclient-4.1.5.jar;D:\Applications\Editors\TOOLS\apache-maven-3.9.6\repository\org\apache\httpcomponents\httpcore\4.4.16\httpcore-4.4.16.jar;D:\Applications\Editors\TOOLS\apache-maven-3.9.6\repository\org\apache\httpcomponents\httpcore-nio\4.4.16\httpcore-nio-4.4.16.jar;D:\Applications\Editors\TOOLS\apache-maven-3.9.6\repository\org\apache\httpcomponents\httpclient\4.5.13\httpclient-4.5.13.jar;D:\Applications\Editors\TOOLS\apache-maven-3.9.6\repository\io\prometheus\simpleclient\0.16.0\simpleclient-0.16.0.jar;D:\Applications\Editors\TOOLS\apache-maven-3.9.6\repository\io\prometheus\simpleclient_tracer_otel\0.16.0\simpleclient_tracer_otel-0.16.0.jar;D:\Applications\Editors\TOOLS\apache-maven-3.9.6\repository\io\prometheus\simpleclient_tracer_common\0.16.0\simpleclient_tracer_common-0.16.0.jar;D:\Applications\Editors\TOOLS\apache-maven-3.9.6\repository\io\prometheus\simpleclient_tracer_otel_agent\0.16.0\simpleclient_tracer_otel_agent-0.16.0.jar;D:\Applications\Editors\TOOLS\apache-maven-3.9.6\repository\org\yaml\snakeyaml\1.33\snakeyaml-1.33.jar;D:\Files\Code\CoursesProjects\SoftwareTestPlatform\test-targets\Microservices\teamsphere-api\target\teamsphere-api-0.0.1-SNAPSHOT.jar;D:\Applications\Editors\TOOLS\apache-maven-3.9.6\repository\org\apache\dubbo\dubbo-spring-boot-starter\3.2.9\dubbo-spring-boot-starter-3.2.9.jar;D:\Applications\Editors\TOOLS\apache-maven-3.9.6\repository\org\apache\dubbo\dubbo-spring-boot-autoconfigure\3.2.9\dubbo-spring-boot-autoconfigure-3.2.9.jar;D:\Applications\Editors\TOOLS\apache-maven-3.9.6\repository\org\apache\dubbo\dubbo-spring-boot-autoconfigure-compatible\3.2.9\dubbo-spring-boot-autoconfigure-compatible-3.2.9.jar;D:\Applications\Editors\TOOLS\apache-maven-3.9.6\repository\org\apache\dubbo\dubbo\3.2.9\dubbo-3.2.9.jar;D:\Applications\Editors\TOOLS\apache-maven-3.9.6\repository\com\alibaba\spring\spring-context-support\1.0.11\spring-context-support-1.0.11.jar;D:\Applications\Editors\TOOLS\apache-maven-3.9.6\repository\org\javassist\javassist\3.29.2-GA\javassist-3.29.2-GA.jar;D:\Applications\Editors\TOOLS\apache-maven-3.9.6\repository\io\netty\netty-all\4.1.94.Final\netty-all-4.1.94.Final.jar;D:\Applications\Editors\TOOLS\apache-maven-3.9.6\repository\io\netty\netty-buffer\4.1.94.Final\netty-buffer-4.1.94.Final.jar;D:\Applications\Editors\TOOLS\apache-maven-3.9.6\repository\io\netty\netty-codec\4.1.94.Final\netty-codec-4.1.94.Final.jar;D:\Applications\Editors\TOOLS\apache-maven-3.9.6\repository\io\netty\netty-codec-dns\4.1.94.Final\netty-codec-dns-4.1.94.Final.jar;D:\Applications\Editors\TOOLS\apache-maven-3.9.6\repository\io\netty\netty-codec-haproxy\4.1.94.Final\netty-codec-haproxy-4.1.94.Final.jar;D:\Applications\Editors\TOOLS\apache-maven-3.9.6\repository\io\netty\netty-codec-http\4.1.94.Final\netty-codec-http-4.1.94.Final.jar;D:\Applications\Editors\TOOLS\apache-maven-3.9.6\repository\io\netty\netty-codec-http2\4.1.94.Final\netty-codec-http2-4.1.94.Final.jar;D:\Applications\Editors\TOOLS\apache-maven-3.9.6\repository\io\netty\netty-codec-memcache\4.1.94.Final\netty-codec-memcache-4.1.94.Final.jar;D:\Applications\Editors\TOOLS\apache-maven-3.9.6\repository\io\netty\netty-codec-mqtt\4.1.94.Final\netty-codec-mqtt-4.1.94.Final.jar;D:\Applications\Editors\TOOLS\apache-maven-3.9.6\repository\io\netty\netty-codec-redis\4.1.94.Final\netty-codec-redis-4.1.94.Final.jar;D:\Applications\Editors\TOOLS\apache-maven-3.9.6\repository\io\netty\netty-codec-smtp\4.1.94.Final\netty-codec-smtp-4.1.94.Final.jar;D:\Applications\Editors\TOOLS\apache-maven-3.9.6\repository\io\netty\netty-codec-socks\4.1.94.Final\netty-codec-socks-4.1.94.Final.jar;D:\Applications\Editors\TOOLS\apache-maven-3.9.6\repository\io\netty\netty-codec-stomp\4.1.94.Final\netty-codec-stomp-4.1.94.Final.jar;D:\Applications\Editors\TOOLS\apache-maven-3.9.6\repository\io\netty\netty-codec-xml\4.1.94.Final\netty-codec-xml-4.1.94.Final.jar;D:\Applications\Editors\TOOLS\apache-maven-3.9.6\repository\io\netty\netty-common\4.1.94.Final\netty-common-4.1.94.Final.jar;D:\Applications\Editors\TOOLS\apache-maven-3.9.6\repository\io\netty\netty-handler\4.1.94.Final\netty-handler-4.1.94.Final.jar;D:\Applications\Editors\TOOLS\apache-maven-3.9.6\repository\io\netty\netty-transport-native-unix-common\4.1.94.Final\netty-transport-native-unix-common-4.1.94.Final.jar;D:\Applications\Editors\TOOLS\apache-maven-3.9.6\repository\io\netty\netty-handler-proxy\4.1.94.Final\netty-handler-proxy-4.1.94.Final.jar;D:\Applications\Editors\TOOLS\apache-maven-3.9.6\repository\io\netty\netty-handler-ssl-ocsp\4.1.94.Final\netty-handler-ssl-ocsp-4.1.94.Final.jar;D:\Applications\Editors\TOOLS\apache-maven-3.9.6\repository\io\netty\netty-resolver\4.1.94.Final\netty-resolver-4.1.94.Final.jar;D:\Applications\Editors\TOOLS\apache-maven-3.9.6\repository\io\netty\netty-resolver-dns\4.1.94.Final\netty-resolver-dns-4.1.94.Final.jar;D:\Applications\Editors\TOOLS\apache-maven-3.9.6\repository\io\netty\netty-transport\4.1.94.Final\netty-transport-4.1.94.Final.jar;D:\Applications\Editors\TOOLS\apache-maven-3.9.6\repository\io\netty\netty-transport-rxtx\4.1.94.Final\netty-transport-rxtx-4.1.94.Final.jar;D:\Applications\Editors\TOOLS\apache-maven-3.9.6\repository\io\netty\netty-transport-sctp\4.1.94.Final\netty-transport-sctp-4.1.94.Final.jar;D:\Applications\Editors\TOOLS\apache-maven-3.9.6\repository\io\netty\netty-transport-udt\4.1.94.Final\netty-transport-udt-4.1.94.Final.jar;D:\Applications\Editors\TOOLS\apache-maven-3.9.6\repository\io\netty\netty-transport-classes-epoll\4.1.94.Final\netty-transport-classes-epoll-4.1.94.Final.jar;D:\Applications\Editors\TOOLS\apache-maven-3.9.6\repository\io\netty\netty-transport-classes-kqueue\4.1.94.Final\netty-transport-classes-kqueue-4.1.94.Final.jar;D:\Applications\Editors\TOOLS\apache-maven-3.9.6\repository\io\netty\netty-resolver-dns-classes-macos\4.1.94.Final\netty-resolver-dns-classes-macos-4.1.94.Final.jar;D:\Applications\Editors\TOOLS\apache-maven-3.9.6\repository\io\netty\netty-transport-native-epoll\4.1.94.Final\netty-transport-native-epoll-4.1.94.Final-linux-x86_64.jar;D:\Applications\Editors\TOOLS\apache-maven-3.9.6\repository\io\netty\netty-transport-native-epoll\4.1.94.Final\netty-transport-native-epoll-4.1.94.Final-linux-aarch_64.jar;D:\Applications\Editors\TOOLS\apache-maven-3.9.6\repository\io\netty\netty-transport-native-kqueue\4.1.94.Final\netty-transport-native-kqueue-4.1.94.Final-osx-x86_64.jar;D:\Applications\Editors\TOOLS\apache-maven-3.9.6\repository\io\netty\netty-transport-native-kqueue\4.1.94.Final\netty-transport-native-kqueue-4.1.94.Final-osx-aarch_64.jar;D:\Applications\Editors\TOOLS\apache-maven-3.9.6\repository\io\netty\netty-resolver-dns-native-macos\4.1.94.Final\netty-resolver-dns-native-macos-4.1.94.Final-osx-x86_64.jar;D:\Applications\Editors\TOOLS\apache-maven-3.9.6\repository\io\netty\netty-resolver-dns-native-macos\4.1.94.Final\netty-resolver-dns-native-macos-4.1.94.Final-osx-aarch_64.jar;D:\Applications\Editors\TOOLS\apache-maven-3.9.6\repository\com\alibaba\hessian-lite\3.2.13\hessian-lite-3.2.13.jar;D:\Applications\Editors\TOOLS\apache-maven-3.9.6\repository\com\alibaba\fastjson2\fastjson2\2.0.42\fastjson2-2.0.42.jar;D:\Applications\Editors\TOOLS\apache-maven-3.9.6\repository\org\springframework\boot\spring-boot-configuration-processor\3.1.2\spring-boot-configuration-processor-3.1.2.jar;D:\Applications\Editors\TOOLS\apache-maven-3.9.6\repository\org\projectlombok\lombok\1.18.28\lombok-1.18.28.jar;D:\Applications\Editors\TOOLS\apache-maven-3.9.6\repository\org\springframework\boot\spring-boot-starter-test\3.1.2\spring-boot-starter-test-3.1.2.jar;D:\Applications\Editors\TOOLS\apache-maven-3.9.6\repository\org\springframework\boot\spring-boot-test\3.1.2\spring-boot-test-3.1.2.jar;D:\Applications\Editors\TOOLS\apache-maven-3.9.6\repository\org\springframework\boot\spring-boot-test-autoconfigure\3.1.2\spring-boot-test-autoconfigure-3.1.2.jar;D:\Applications\Editors\TOOLS\apache-maven-3.9.6\repository\com\jayway\jsonpath\json-path\2.8.0\json-path-2.8.0.jar;D:\Applications\Editors\TOOLS\apache-maven-3.9.6\repository\org\slf4j\slf4j-api\2.0.7\slf4j-api-2.0.7.jar;D:\Applications\Editors\TOOLS\apache-maven-3.9.6\repository\jakarta\xml\bind\jakarta.xml.bind-api\4.0.0\jakarta.xml.bind-api-4.0.0.jar;D:\Applications\Editors\TOOLS\apache-maven-3.9.6\repository\jakarta\activation\jakarta.activation-api\2.1.2\jakarta.activation-api-2.1.2.jar;D:\Applications\Editors\TOOLS\apache-maven-3.9.6\repository\net\minidev\json-smart\2.4.11\json-smart-2.4.11.jar;D:\Applications\Editors\TOOLS\apache-maven-3.9.6\repository\net\minidev\accessors-smart\2.4.11\accessors-smart-2.4.11.jar;D:\Applications\Editors\TOOLS\apache-maven-3.9.6\repository\org\ow2\asm\asm\9.3\asm-9.3.jar;D:\Applications\Editors\TOOLS\apache-maven-3.9.6\repository\org\assertj\assertj-core\3.24.2\assertj-core-3.24.2.jar;D:\Applications\Editors\TOOLS\apache-maven-3.9.6\repository\net\bytebuddy\byte-buddy\1.14.5\byte-buddy-1.14.5.jar;D:\Applications\Editors\TOOLS\apache-maven-3.9.6\repository\org\hamcrest\hamcrest\2.2\hamcrest-2.2.jar;D:\Applications\Editors\TOOLS\apache-maven-3.9.6\repository\org\junit\jupiter\junit-jupiter\5.9.3\junit-jupiter-5.9.3.jar;D:\Applications\Editors\TOOLS\apache-maven-3.9.6\repository\org\junit\jupiter\junit-jupiter-api\5.9.3\junit-jupiter-api-5.9.3.jar;D:\Applications\Editors\TOOLS\apache-maven-3.9.6\repository\org\opentest4j\opentest4j\1.2.0\opentest4j-1.2.0.jar;D:\Applications\Editors\TOOLS\apache-maven-3.9.6\repository\org\junit\platform\junit-platform-commons\1.9.3\junit-platform-commons-1.9.3.jar;D:\Applications\Editors\TOOLS\apache-maven-3.9.6\repository\org\apiguardian\apiguardian-api\1.1.2\apiguardian-api-1.1.2.jar;D:\Applications\Editors\TOOLS\apache-maven-3.9.6\repository\org\junit\jupiter\junit-jupiter-params\5.9.3\junit-jupiter-params-5.9.3.jar;D:\Applications\Editors\TOOLS\apache-maven-3.9.6\repository\org\junit\jupiter\junit-jupiter-engine\5.9.3\junit-jupiter-engine-5.9.3.jar;D:\Applications\Editors\TOOLS\apache-maven-3.9.6\repository\org\junit\platform\junit-platform-engine\1.9.3\junit-platform-engine-1.9.3.jar;D:\Applications\Editors\TOOLS\apache-maven-3.9.6\repository\org\mockito\mockito-core\5.3.1\mockito-core-5.3.1.jar;D:\Applications\Editors\TOOLS\apache-maven-3.9.6\repository\net\bytebuddy\byte-buddy-agent\1.14.5\byte-buddy-agent-1.14.5.jar;D:\Applications\Editors\TOOLS\apache-maven-3.9.6\repository\org\objenesis\objenesis\3.3\objenesis-3.3.jar;D:\Applications\Editors\TOOLS\apache-maven-3.9.6\repository\org\mockito\mockito-junit-jupiter\5.3.1\mockito-junit-jupiter-5.3.1.jar;D:\Applications\Editors\TOOLS\apache-maven-3.9.6\repository\org\skyscreamer\jsonassert\1.5.1\jsonassert-1.5.1.jar;D:\Applications\Editors\TOOLS\apache-maven-3.9.6\repository\com\vaadin\external\google\android-json\0.0.20131108.vaadin1\android-json-0.0.20131108.vaadin1.jar;D:\Applications\Editors\TOOLS\apache-maven-3.9.6\repository\org\springframework\spring-core\6.0.11\spring-core-6.0.11.jar;D:\Applications\Editors\TOOLS\apache-maven-3.9.6\repository\org\springframework\spring-jcl\6.0.11\spring-jcl-6.0.11.jar;D:\Applications\Editors\TOOLS\apache-maven-3.9.6\repository\org\springframework\spring-test\6.0.11\spring-test-6.0.11.jar;D:\Applications\Editors\TOOLS\apache-maven-3.9.6\repository\org\xmlunit\xmlunit-core\2.9.1\xmlunit-core-2.9.1.jar;D:\Applications\Editors\TOOLS\apache-maven-3.9.6\repository\org\springframework\amqp\spring-rabbit-test\3.0.6\spring-rabbit-test-3.0.6.jar;D:\Applications\Editors\TOOLS\apache-maven-3.9.6\repository\org\springframework\amqp\spring-rabbit-junit\3.0.6\spring-rabbit-junit-3.0.6.jar;D:\Applications\Editors\TOOLS\apache-maven-3.9.6\repository\org\hamcrest\hamcrest-library\2.2\hamcrest-library-2.2.jar;D:\Applications\Editors\TOOLS\apache-maven-3.9.6\repository\org\hamcrest\hamcrest-core\2.2\hamcrest-core-2.2.jar;D:\Applications\Editors\TOOLS\apache-maven-3.9.6\repository\com\baomidou\mybatis-plus-spring-boot3-starter\3.5.4.1\mybatis-plus-spring-boot3-starter-3.5.4.1.jar;D:\Applications\Editors\TOOLS\apache-maven-3.9.6\repository\com\baomidou\mybatis-plus\3.5.4.1\mybatis-plus-3.5.4.1.jar;D:\Applications\Editors\TOOLS\apache-maven-3.9.6\repository\com\baomidou\mybatis-plus-core\3.5.4.1\mybatis-plus-core-3.5.4.1.jar;D:\Applications\Editors\TOOLS\apache-maven-3.9.6\repository\com\baomidou\mybatis-plus-annotation\3.5.4.1\mybatis-plus-annotation-3.5.4.1.jar;D:\Applications\Editors\TOOLS\apache-maven-3.9.6\repository\com\baomidou\mybatis-plus-extension\3.5.4.1\mybatis-plus-extension-3.5.4.1.jar;D:\Applications\Editors\TOOLS\apache-maven-3.9.6\repository\org\mybatis\mybatis\3.5.13\mybatis-3.5.13.jar;D:\Applications\Editors\TOOLS\apache-maven-3.9.6\repository\com\github\jsqlparser\jsqlparser\4.6\jsqlparser-4.6.jar;D:\Applications\Editors\TOOLS\apache-maven-3.9.6\repository\org\mybatis\mybatis-spring\3.0.2\mybatis-spring-3.0.2.jar;D:\Applications\Editors\TOOLS\apache-maven-3.9.6\repository\com\baomidou\mybatis-plus-spring-boot-autoconfigure\3.5.4.1\mybatis-plus-spring-boot-autoconfigure-3.5.4.1.jar;D:\Applications\Editors\TOOLS\apache-maven-3.9.6\repository\org\springframework\boot\spring-boot-autoconfigure\3.1.2\spring-boot-autoconfigure-3.1.2.jar;D:\Applications\Editors\TOOLS\apache-maven-3.9.6\repository\org\springframework\boot\spring-boot-starter-jdbc\3.1.2\spring-boot-starter-jdbc-3.1.2.jar;D:\Applications\Editors\TOOLS\apache-maven-3.9.6\repository\com\zaxxer\HikariCP\5.0.1\HikariCP-5.0.1.jar;D:\Applications\Editors\TOOLS\apache-maven-3.9.6\repository\org\springframework\spring-jdbc\6.0.11\spring-jdbc-6.0.11.jar;D:\Applications\Editors\TOOLS\apache-maven-3.9.6\repository\com\mysql\mysql-connector-j\8.0.33\mysql-connector-j-8.0.33.jar;"/>
    <property name="java.vm.vendor" value="Oracle Corporation"/>
    <property name="sun.arch.data.model" value="64"/>
    <property name="user.variant" value=""/>
    <property name="java.vendor.url" value="https://java.oracle.com/"/>
    <property name="user.timezone" value="Asia/Shanghai"/>
    <property name="os.name" value="Windows 11"/>
    <property name="java.vm.specification.version" value="17"/>
    <property name="sun.java.launcher" value="SUN_STANDARD"/>
    <property name="user.country" value="CN"/>
    <property name="sun.boot.library.path" value="D:\Applications\Editors\Languages\JDK\jdk-17\bin"/>
    <property name="sun.java.command" value="C:\Users\l\AppData\Local\Temp\surefire1080451981600012641\surefirebooter-20240601014704866_25.jar C:\Users\l\AppData\Local\Temp\surefire1080451981600012641 2024-06-01T01-46-00_640-jvmRun1 surefire-20240601014704866_23tmp surefire_4-20240601014704866_24tmp"/>
    <property name="jdk.debug" value="release"/>
    <property name="surefire.test.class.path" value="D:\Files\Code\CoursesProjects\SoftwareTestPlatform\test-targets\Microservices\schedule-service\target\test-classes;D:\Files\Code\CoursesProjects\SoftwareTestPlatform\test-targets\Microservices\schedule-service\target\classes;D:\Applications\Editors\TOOLS\apache-maven-3.9.6\repository\org\springframework\boot\spring-boot-starter-amqp\3.1.2\spring-boot-starter-amqp-3.1.2.jar;D:\Applications\Editors\TOOLS\apache-maven-3.9.6\repository\org\springframework\boot\spring-boot-starter\3.1.2\spring-boot-starter-3.1.2.jar;D:\Applications\Editors\TOOLS\apache-maven-3.9.6\repository\org\springframework\boot\spring-boot\3.1.2\spring-boot-3.1.2.jar;D:\Applications\Editors\TOOLS\apache-maven-3.9.6\repository\org\springframework\boot\spring-boot-starter-logging\3.1.2\spring-boot-starter-logging-3.1.2.jar;D:\Applications\Editors\TOOLS\apache-maven-3.9.6\repository\ch\qos\logback\logback-classic\1.4.8\logback-classic-1.4.8.jar;D:\Applications\Editors\TOOLS\apache-maven-3.9.6\repository\ch\qos\logback\logback-core\1.4.8\logback-core-1.4.8.jar;D:\Applications\Editors\TOOLS\apache-maven-3.9.6\repository\org\apache\logging\log4j\log4j-to-slf4j\2.20.0\log4j-to-slf4j-2.20.0.jar;D:\Applications\Editors\TOOLS\apache-maven-3.9.6\repository\org\apache\logging\log4j\log4j-api\2.20.0\log4j-api-2.20.0.jar;D:\Applications\Editors\TOOLS\apache-maven-3.9.6\repository\org\slf4j\jul-to-slf4j\2.0.7\jul-to-slf4j-2.0.7.jar;D:\Applications\Editors\TOOLS\apache-maven-3.9.6\repository\jakarta\annotation\jakarta.annotation-api\2.1.1\jakarta.annotation-api-2.1.1.jar;D:\Applications\Editors\TOOLS\apache-maven-3.9.6\repository\org\springframework\spring-messaging\6.0.11\spring-messaging-6.0.11.jar;D:\Applications\Editors\TOOLS\apache-maven-3.9.6\repository\org\springframework\spring-beans\6.0.11\spring-beans-6.0.11.jar;D:\Applications\Editors\TOOLS\apache-maven-3.9.6\repository\org\springframework\amqp\spring-rabbit\3.0.6\spring-rabbit-3.0.6.jar;D:\Applications\Editors\TOOLS\apache-maven-3.9.6\repository\org\springframework\amqp\spring-amqp\3.0.6\spring-amqp-3.0.6.jar;D:\Applications\Editors\TOOLS\apache-maven-3.9.6\repository\org\springframework\retry\spring-retry\2.0.2\spring-retry-2.0.2.jar;D:\Applications\Editors\TOOLS\apache-maven-3.9.6\repository\com\rabbitmq\amqp-client\5.17.1\amqp-client-5.17.1.jar;D:\Applications\Editors\TOOLS\apache-maven-3.9.6\repository\org\springframework\spring-context\6.0.11\spring-context-6.0.11.jar;D:\Applications\Editors\TOOLS\apache-maven-3.9.6\repository\org\springframework\spring-tx\6.0.11\spring-tx-6.0.11.jar;D:\Applications\Editors\TOOLS\apache-maven-3.9.6\repository\io\micrometer\micrometer-observation\1.11.2\micrometer-observation-1.11.2.jar;D:\Applications\Editors\TOOLS\apache-maven-3.9.6\repository\io\micrometer\micrometer-commons\1.11.2\micrometer-commons-1.11.2.jar;D:\Applications\Editors\TOOLS\apache-maven-3.9.6\repository\org\springframework\boot\spring-boot-starter-web\3.1.2\spring-boot-starter-web-3.1.2.jar;D:\Applications\Editors\TOOLS\apache-maven-3.9.6\repository\org\springframework\boot\spring-boot-starter-json\3.1.2\spring-boot-starter-json-3.1.2.jar;D:\Applications\Editors\TOOLS\apache-maven-3.9.6\repository\com\fasterxml\jackson\datatype\jackson-datatype-jdk8\2.15.2\jackson-datatype-jdk8-2.15.2.jar;D:\Applications\Editors\TOOLS\apache-maven-3.9.6\repository\com\fasterxml\jackson\datatype\jackson-datatype-jsr310\2.15.2\jackson-datatype-jsr310-2.15.2.jar;D:\Applications\Editors\TOOLS\apache-maven-3.9.6\repository\com\fasterxml\jackson\module\jackson-module-parameter-names\2.15.2\jackson-module-parameter-names-2.15.2.jar;D:\Applications\Editors\TOOLS\apache-maven-3.9.6\repository\org\springframework\boot\spring-boot-starter-tomcat\3.1.2\spring-boot-starter-tomcat-3.1.2.jar;D:\Applications\Editors\TOOLS\apache-maven-3.9.6\repository\org\apache\tomcat\embed\tomcat-embed-core\10.1.11\tomcat-embed-core-10.1.11.jar;D:\Applications\Editors\TOOLS\apache-maven-3.9.6\repository\org\apache\tomcat\embed\tomcat-embed-el\10.1.11\tomcat-embed-el-10.1.11.jar;D:\Applications\Editors\TOOLS\apache-maven-3.9.6\repository\org\apache\tomcat\embed\tomcat-embed-websocket\10.1.11\tomcat-embed-websocket-10.1.11.jar;D:\Applications\Editors\TOOLS\apache-maven-3.9.6\repository\org\springframework\spring-web\6.0.11\spring-web-6.0.11.jar;D:\Applications\Editors\TOOLS\apache-maven-3.9.6\repository\org\springframework\spring-webmvc\6.0.11\spring-webmvc-6.0.11.jar;D:\Applications\Editors\TOOLS\apache-maven-3.9.6\repository\org\springframework\spring-aop\6.0.11\spring-aop-6.0.11.jar;D:\Applications\Editors\TOOLS\apache-maven-3.9.6\repository\org\springframework\spring-expression\6.0.11\spring-expression-6.0.11.jar;D:\Applications\Editors\TOOLS\apache-maven-3.9.6\repository\com\alibaba\nacos\nacos-client\2.2.1\nacos-client-2.2.1.jar;D:\Applications\Editors\TOOLS\apache-maven-3.9.6\repository\com\alibaba\nacos\nacos-auth-plugin\2.2.1\nacos-auth-plugin-2.2.1.jar;D:\Applications\Editors\TOOLS\apache-maven-3.9.6\repository\com\alibaba\nacos\nacos-encryption-plugin\2.2.1\nacos-encryption-plugin-2.2.1.jar;D:\Applications\Editors\TOOLS\apache-maven-3.9.6\repository\commons-codec\commons-codec\1.15\commons-codec-1.15.jar;D:\Applications\Editors\TOOLS\apache-maven-3.9.6\repository\com\fasterxml\jackson\core\jackson-core\2.15.2\jackson-core-2.15.2.jar;D:\Applications\Editors\TOOLS\apache-maven-3.9.6\repository\com\fasterxml\jackson\core\jackson-databind\2.15.2\jackson-databind-2.15.2.jar;D:\Applications\Editors\TOOLS\apache-maven-3.9.6\repository\com\fasterxml\jackson\core\jackson-annotations\2.15.2\jackson-annotations-2.15.2.jar;D:\Applications\Editors\TOOLS\apache-maven-3.9.6\repository\org\apache\httpcomponents\httpasyncclient\4.1.5\httpasyncclient-4.1.5.jar;D:\Applications\Editors\TOOLS\apache-maven-3.9.6\repository\org\apache\httpcomponents\httpcore\4.4.16\httpcore-4.4.16.jar;D:\Applications\Editors\TOOLS\apache-maven-3.9.6\repository\org\apache\httpcomponents\httpcore-nio\4.4.16\httpcore-nio-4.4.16.jar;D:\Applications\Editors\TOOLS\apache-maven-3.9.6\repository\org\apache\httpcomponents\httpclient\4.5.13\httpclient-4.5.13.jar;D:\Applications\Editors\TOOLS\apache-maven-3.9.6\repository\io\prometheus\simpleclient\0.16.0\simpleclient-0.16.0.jar;D:\Applications\Editors\TOOLS\apache-maven-3.9.6\repository\io\prometheus\simpleclient_tracer_otel\0.16.0\simpleclient_tracer_otel-0.16.0.jar;D:\Applications\Editors\TOOLS\apache-maven-3.9.6\repository\io\prometheus\simpleclient_tracer_common\0.16.0\simpleclient_tracer_common-0.16.0.jar;D:\Applications\Editors\TOOLS\apache-maven-3.9.6\repository\io\prometheus\simpleclient_tracer_otel_agent\0.16.0\simpleclient_tracer_otel_agent-0.16.0.jar;D:\Applications\Editors\TOOLS\apache-maven-3.9.6\repository\org\yaml\snakeyaml\1.33\snakeyaml-1.33.jar;D:\Files\Code\CoursesProjects\SoftwareTestPlatform\test-targets\Microservices\teamsphere-api\target\teamsphere-api-0.0.1-SNAPSHOT.jar;D:\Applications\Editors\TOOLS\apache-maven-3.9.6\repository\org\apache\dubbo\dubbo-spring-boot-starter\3.2.9\dubbo-spring-boot-starter-3.2.9.jar;D:\Applications\Editors\TOOLS\apache-maven-3.9.6\repository\org\apache\dubbo\dubbo-spring-boot-autoconfigure\3.2.9\dubbo-spring-boot-autoconfigure-3.2.9.jar;D:\Applications\Editors\TOOLS\apache-maven-3.9.6\repository\org\apache\dubbo\dubbo-spring-boot-autoconfigure-compatible\3.2.9\dubbo-spring-boot-autoconfigure-compatible-3.2.9.jar;D:\Applications\Editors\TOOLS\apache-maven-3.9.6\repository\org\apache\dubbo\dubbo\3.2.9\dubbo-3.2.9.jar;D:\Applications\Editors\TOOLS\apache-maven-3.9.6\repository\com\alibaba\spring\spring-context-support\1.0.11\spring-context-support-1.0.11.jar;D:\Applications\Editors\TOOLS\apache-maven-3.9.6\repository\org\javassist\javassist\3.29.2-GA\javassist-3.29.2-GA.jar;D:\Applications\Editors\TOOLS\apache-maven-3.9.6\repository\io\netty\netty-all\4.1.94.Final\netty-all-4.1.94.Final.jar;D:\Applications\Editors\TOOLS\apache-maven-3.9.6\repository\io\netty\netty-buffer\4.1.94.Final\netty-buffer-4.1.94.Final.jar;D:\Applications\Editors\TOOLS\apache-maven-3.9.6\repository\io\netty\netty-codec\4.1.94.Final\netty-codec-4.1.94.Final.jar;D:\Applications\Editors\TOOLS\apache-maven-3.9.6\repository\io\netty\netty-codec-dns\4.1.94.Final\netty-codec-dns-4.1.94.Final.jar;D:\Applications\Editors\TOOLS\apache-maven-3.9.6\repository\io\netty\netty-codec-haproxy\4.1.94.Final\netty-codec-haproxy-4.1.94.Final.jar;D:\Applications\Editors\TOOLS\apache-maven-3.9.6\repository\io\netty\netty-codec-http\4.1.94.Final\netty-codec-http-4.1.94.Final.jar;D:\Applications\Editors\TOOLS\apache-maven-3.9.6\repository\io\netty\netty-codec-http2\4.1.94.Final\netty-codec-http2-4.1.94.Final.jar;D:\Applications\Editors\TOOLS\apache-maven-3.9.6\repository\io\netty\netty-codec-memcache\4.1.94.Final\netty-codec-memcache-4.1.94.Final.jar;D:\Applications\Editors\TOOLS\apache-maven-3.9.6\repository\io\netty\netty-codec-mqtt\4.1.94.Final\netty-codec-mqtt-4.1.94.Final.jar;D:\Applications\Editors\TOOLS\apache-maven-3.9.6\repository\io\netty\netty-codec-redis\4.1.94.Final\netty-codec-redis-4.1.94.Final.jar;D:\Applications\Editors\TOOLS\apache-maven-3.9.6\repository\io\netty\netty-codec-smtp\4.1.94.Final\netty-codec-smtp-4.1.94.Final.jar;D:\Applications\Editors\TOOLS\apache-maven-3.9.6\repository\io\netty\netty-codec-socks\4.1.94.Final\netty-codec-socks-4.1.94.Final.jar;D:\Applications\Editors\TOOLS\apache-maven-3.9.6\repository\io\netty\netty-codec-stomp\4.1.94.Final\netty-codec-stomp-4.1.94.Final.jar;D:\Applications\Editors\TOOLS\apache-maven-3.9.6\repository\io\netty\netty-codec-xml\4.1.94.Final\netty-codec-xml-4.1.94.Final.jar;D:\Applications\Editors\TOOLS\apache-maven-3.9.6\repository\io\netty\netty-common\4.1.94.Final\netty-common-4.1.94.Final.jar;D:\Applications\Editors\TOOLS\apache-maven-3.9.6\repository\io\netty\netty-handler\4.1.94.Final\netty-handler-4.1.94.Final.jar;D:\Applications\Editors\TOOLS\apache-maven-3.9.6\repository\io\netty\netty-transport-native-unix-common\4.1.94.Final\netty-transport-native-unix-common-4.1.94.Final.jar;D:\Applications\Editors\TOOLS\apache-maven-3.9.6\repository\io\netty\netty-handler-proxy\4.1.94.Final\netty-handler-proxy-4.1.94.Final.jar;D:\Applications\Editors\TOOLS\apache-maven-3.9.6\repository\io\netty\netty-handler-ssl-ocsp\4.1.94.Final\netty-handler-ssl-ocsp-4.1.94.Final.jar;D:\Applications\Editors\TOOLS\apache-maven-3.9.6\repository\io\netty\netty-resolver\4.1.94.Final\netty-resolver-4.1.94.Final.jar;D:\Applications\Editors\TOOLS\apache-maven-3.9.6\repository\io\netty\netty-resolver-dns\4.1.94.Final\netty-resolver-dns-4.1.94.Final.jar;D:\Applications\Editors\TOOLS\apache-maven-3.9.6\repository\io\netty\netty-transport\4.1.94.Final\netty-transport-4.1.94.Final.jar;D:\Applications\Editors\TOOLS\apache-maven-3.9.6\repository\io\netty\netty-transport-rxtx\4.1.94.Final\netty-transport-rxtx-4.1.94.Final.jar;D:\Applications\Editors\TOOLS\apache-maven-3.9.6\repository\io\netty\netty-transport-sctp\4.1.94.Final\netty-transport-sctp-4.1.94.Final.jar;D:\Applications\Editors\TOOLS\apache-maven-3.9.6\repository\io\netty\netty-transport-udt\4.1.94.Final\netty-transport-udt-4.1.94.Final.jar;D:\Applications\Editors\TOOLS\apache-maven-3.9.6\repository\io\netty\netty-transport-classes-epoll\4.1.94.Final\netty-transport-classes-epoll-4.1.94.Final.jar;D:\Applications\Editors\TOOLS\apache-maven-3.9.6\repository\io\netty\netty-transport-classes-kqueue\4.1.94.Final\netty-transport-classes-kqueue-4.1.94.Final.jar;D:\Applications\Editors\TOOLS\apache-maven-3.9.6\repository\io\netty\netty-resolver-dns-classes-macos\4.1.94.Final\netty-resolver-dns-classes-macos-4.1.94.Final.jar;D:\Applications\Editors\TOOLS\apache-maven-3.9.6\repository\io\netty\netty-transport-native-epoll\4.1.94.Final\netty-transport-native-epoll-4.1.94.Final-linux-x86_64.jar;D:\Applications\Editors\TOOLS\apache-maven-3.9.6\repository\io\netty\netty-transport-native-epoll\4.1.94.Final\netty-transport-native-epoll-4.1.94.Final-linux-aarch_64.jar;D:\Applications\Editors\TOOLS\apache-maven-3.9.6\repository\io\netty\netty-transport-native-kqueue\4.1.94.Final\netty-transport-native-kqueue-4.1.94.Final-osx-x86_64.jar;D:\Applications\Editors\TOOLS\apache-maven-3.9.6\repository\io\netty\netty-transport-native-kqueue\4.1.94.Final\netty-transport-native-kqueue-4.1.94.Final-osx-aarch_64.jar;D:\Applications\Editors\TOOLS\apache-maven-3.9.6\repository\io\netty\netty-resolver-dns-native-macos\4.1.94.Final\netty-resolver-dns-native-macos-4.1.94.Final-osx-x86_64.jar;D:\Applications\Editors\TOOLS\apache-maven-3.9.6\repository\io\netty\netty-resolver-dns-native-macos\4.1.94.Final\netty-resolver-dns-native-macos-4.1.94.Final-osx-aarch_64.jar;D:\Applications\Editors\TOOLS\apache-maven-3.9.6\repository\com\alibaba\hessian-lite\3.2.13\hessian-lite-3.2.13.jar;D:\Applications\Editors\TOOLS\apache-maven-3.9.6\repository\com\alibaba\fastjson2\fastjson2\2.0.42\fastjson2-2.0.42.jar;D:\Applications\Editors\TOOLS\apache-maven-3.9.6\repository\org\springframework\boot\spring-boot-configuration-processor\3.1.2\spring-boot-configuration-processor-3.1.2.jar;D:\Applications\Editors\TOOLS\apache-maven-3.9.6\repository\org\projectlombok\lombok\1.18.28\lombok-1.18.28.jar;D:\Applications\Editors\TOOLS\apache-maven-3.9.6\repository\org\springframework\boot\spring-boot-starter-test\3.1.2\spring-boot-starter-test-3.1.2.jar;D:\Applications\Editors\TOOLS\apache-maven-3.9.6\repository\org\springframework\boot\spring-boot-test\3.1.2\spring-boot-test-3.1.2.jar;D:\Applications\Editors\TOOLS\apache-maven-3.9.6\repository\org\springframework\boot\spring-boot-test-autoconfigure\3.1.2\spring-boot-test-autoconfigure-3.1.2.jar;D:\Applications\Editors\TOOLS\apache-maven-3.9.6\repository\com\jayway\jsonpath\json-path\2.8.0\json-path-2.8.0.jar;D:\Applications\Editors\TOOLS\apache-maven-3.9.6\repository\org\slf4j\slf4j-api\2.0.7\slf4j-api-2.0.7.jar;D:\Applications\Editors\TOOLS\apache-maven-3.9.6\repository\jakarta\xml\bind\jakarta.xml.bind-api\4.0.0\jakarta.xml.bind-api-4.0.0.jar;D:\Applications\Editors\TOOLS\apache-maven-3.9.6\repository\jakarta\activation\jakarta.activation-api\2.1.2\jakarta.activation-api-2.1.2.jar;D:\Applications\Editors\TOOLS\apache-maven-3.9.6\repository\net\minidev\json-smart\2.4.11\json-smart-2.4.11.jar;D:\Applications\Editors\TOOLS\apache-maven-3.9.6\repository\net\minidev\accessors-smart\2.4.11\accessors-smart-2.4.11.jar;D:\Applications\Editors\TOOLS\apache-maven-3.9.6\repository\org\ow2\asm\asm\9.3\asm-9.3.jar;D:\Applications\Editors\TOOLS\apache-maven-3.9.6\repository\org\assertj\assertj-core\3.24.2\assertj-core-3.24.2.jar;D:\Applications\Editors\TOOLS\apache-maven-3.9.6\repository\net\bytebuddy\byte-buddy\1.14.5\byte-buddy-1.14.5.jar;D:\Applications\Editors\TOOLS\apache-maven-3.9.6\repository\org\hamcrest\hamcrest\2.2\hamcrest-2.2.jar;D:\Applications\Editors\TOOLS\apache-maven-3.9.6\repository\org\junit\jupiter\junit-jupiter\5.9.3\junit-jupiter-5.9.3.jar;D:\Applications\Editors\TOOLS\apache-maven-3.9.6\repository\org\junit\jupiter\junit-jupiter-api\5.9.3\junit-jupiter-api-5.9.3.jar;D:\Applications\Editors\TOOLS\apache-maven-3.9.6\repository\org\opentest4j\opentest4j\1.2.0\opentest4j-1.2.0.jar;D:\Applications\Editors\TOOLS\apache-maven-3.9.6\repository\org\junit\platform\junit-platform-commons\1.9.3\junit-platform-commons-1.9.3.jar;D:\Applications\Editors\TOOLS\apache-maven-3.9.6\repository\org\apiguardian\apiguardian-api\1.1.2\apiguardian-api-1.1.2.jar;D:\Applications\Editors\TOOLS\apache-maven-3.9.6\repository\org\junit\jupiter\junit-jupiter-params\5.9.3\junit-jupiter-params-5.9.3.jar;D:\Applications\Editors\TOOLS\apache-maven-3.9.6\repository\org\junit\jupiter\junit-jupiter-engine\5.9.3\junit-jupiter-engine-5.9.3.jar;D:\Applications\Editors\TOOLS\apache-maven-3.9.6\repository\org\junit\platform\junit-platform-engine\1.9.3\junit-platform-engine-1.9.3.jar;D:\Applications\Editors\TOOLS\apache-maven-3.9.6\repository\org\mockito\mockito-core\5.3.1\mockito-core-5.3.1.jar;D:\Applications\Editors\TOOLS\apache-maven-3.9.6\repository\net\bytebuddy\byte-buddy-agent\1.14.5\byte-buddy-agent-1.14.5.jar;D:\Applications\Editors\TOOLS\apache-maven-3.9.6\repository\org\objenesis\objenesis\3.3\objenesis-3.3.jar;D:\Applications\Editors\TOOLS\apache-maven-3.9.6\repository\org\mockito\mockito-junit-jupiter\5.3.1\mockito-junit-jupiter-5.3.1.jar;D:\Applications\Editors\TOOLS\apache-maven-3.9.6\repository\org\skyscreamer\jsonassert\1.5.1\jsonassert-1.5.1.jar;D:\Applications\Editors\TOOLS\apache-maven-3.9.6\repository\com\vaadin\external\google\android-json\0.0.20131108.vaadin1\android-json-0.0.20131108.vaadin1.jar;D:\Applications\Editors\TOOLS\apache-maven-3.9.6\repository\org\springframework\spring-core\6.0.11\spring-core-6.0.11.jar;D:\Applications\Editors\TOOLS\apache-maven-3.9.6\repository\org\springframework\spring-jcl\6.0.11\spring-jcl-6.0.11.jar;D:\Applications\Editors\TOOLS\apache-maven-3.9.6\repository\org\springframework\spring-test\6.0.11\spring-test-6.0.11.jar;D:\Applications\Editors\TOOLS\apache-maven-3.9.6\repository\org\xmlunit\xmlunit-core\2.9.1\xmlunit-core-2.9.1.jar;D:\Applications\Editors\TOOLS\apache-maven-3.9.6\repository\org\springframework\amqp\spring-rabbit-test\3.0.6\spring-rabbit-test-3.0.6.jar;D:\Applications\Editors\TOOLS\apache-maven-3.9.6\repository\org\springframework\amqp\spring-rabbit-junit\3.0.6\spring-rabbit-junit-3.0.6.jar;D:\Applications\Editors\TOOLS\apache-maven-3.9.6\repository\org\hamcrest\hamcrest-library\2.2\hamcrest-library-2.2.jar;D:\Applications\Editors\TOOLS\apache-maven-3.9.6\repository\org\hamcrest\hamcrest-core\2.2\hamcrest-core-2.2.jar;D:\Applications\Editors\TOOLS\apache-maven-3.9.6\repository\com\baomidou\mybatis-plus-spring-boot3-starter\3.5.4.1\mybatis-plus-spring-boot3-starter-3.5.4.1.jar;D:\Applications\Editors\TOOLS\apache-maven-3.9.6\repository\com\baomidou\mybatis-plus\3.5.4.1\mybatis-plus-3.5.4.1.jar;D:\Applications\Editors\TOOLS\apache-maven-3.9.6\repository\com\baomidou\mybatis-plus-core\3.5.4.1\mybatis-plus-core-3.5.4.1.jar;D:\Applications\Editors\TOOLS\apache-maven-3.9.6\repository\com\baomidou\mybatis-plus-annotation\3.5.4.1\mybatis-plus-annotation-3.5.4.1.jar;D:\Applications\Editors\TOOLS\apache-maven-3.9.6\repository\com\baomidou\mybatis-plus-extension\3.5.4.1\mybatis-plus-extension-3.5.4.1.jar;D:\Applications\Editors\TOOLS\apache-maven-3.9.6\repository\org\mybatis\mybatis\3.5.13\mybatis-3.5.13.jar;D:\Applications\Editors\TOOLS\apache-maven-3.9.6\repository\com\github\jsqlparser\jsqlparser\4.6\jsqlparser-4.6.jar;D:\Applications\Editors\TOOLS\apache-maven-3.9.6\repository\org\mybatis\mybatis-spring\3.0.2\mybatis-spring-3.0.2.jar;D:\Applications\Editors\TOOLS\apache-maven-3.9.6\repository\com\baomidou\mybatis-plus-spring-boot-autoconfigure\3.5.4.1\mybatis-plus-spring-boot-autoconfigure-3.5.4.1.jar;D:\Applications\Editors\TOOLS\apache-maven-3.9.6\repository\org\springframework\boot\spring-boot-autoconfigure\3.1.2\spring-boot-autoconfigure-3.1.2.jar;D:\Applications\Editors\TOOLS\apache-maven-3.9.6\repository\org\springframework\boot\spring-boot-starter-jdbc\3.1.2\spring-boot-starter-jdbc-3.1.2.jar;D:\Applications\Editors\TOOLS\apache-maven-3.9.6\repository\com\zaxxer\HikariCP\5.0.1\HikariCP-5.0.1.jar;D:\Applications\Editors\TOOLS\apache-maven-3.9.6\repository\org\springframework\spring-jdbc\6.0.11\spring-jdbc-6.0.11.jar;D:\Applications\Editors\TOOLS\apache-maven-3.9.6\repository\com\mysql\mysql-connector-j\8.0.33\mysql-connector-j-8.0.33.jar;"/>
    <property name="sun.cpu.endian" value="little"/>
    <property name="user.home" value="C:\Users\l"/>
    <property name="user.language" value="zh"/>
    <property name="java.specification.vendor" value="Oracle Corporation"/>
    <property name="java.version.date" value="2024-04-16"/>
    <property name="java.home" value="D:\Applications\Editors\Languages\JDK\jdk-17"/>
    <property name="file.separator" value="\"/>
    <property name="basedir" value="D:\Files\Code\CoursesProjects\SoftwareTestPlatform\test-targets\Microservices\schedule-service"/>
    <property name="java.vm.compressedOopsMode" value="Zero based"/>
    <property name="line.separator" value="&#10;"/>
    <property name="java.vm.specification.vendor" value="Oracle Corporation"/>
    <property name="java.specification.name" value="Java Platform API Specification"/>
    <property name="FILE_LOG_CHARSET" value="GBK"/>
    <property name="java.awt.headless" value="true"/>
    <property name="surefire.real.class.path" value="C:\Users\l\AppData\Local\Temp\surefire1080451981600012641\surefirebooter-20240601014704866_25.jar"/>
    <property name="user.script" value=""/>
    <property name="sun.management.compiler" value="HotSpot 64-Bit Tiered Compilers"/>
    <property name="java.runtime.version" value="17.0.11+7-LTS-207"/>
    <property name="user.name" value="l"/>
    <property name="path.separator" value=";"/>
    <property name="os.version" value="10.0"/>
    <property name="java.runtime.name" value="Java(TM) SE Runtime Environment"/>
    <property name="file.encoding" value="GBK"/>
    <property name="java.vm.name" value="Java HotSpot(TM) 64-Bit Server VM"/>
    <property name="localRepository" value="D:\Applications\Editors\TOOLS\apache-maven-3.9.6\repository"/>
    <property name="java.vendor.url.bug" value="https://bugreport.java.com/bugreport/"/>
    <property name="java.io.tmpdir" value="C:\Users\l\AppData\Local\Temp\"/>
    <property name="java.version" value="17.0.11"/>
    <property name="user.dir" value="D:\Files\Code\CoursesProjects\SoftwareTestPlatform\test-targets\Microservices\schedule-service"/>
    <property name="os.arch" value="amd64"/>
    <property name="java.vm.specification.name" value="Java Virtual Machine Specification"/>
    <property name="PID" value="29504"/>
    <property name="sun.os.patch.level" value=""/>
    <property name="CONSOLE_LOG_CHARSET" value="GBK"/>
    <property name="native.encoding" value="GBK"/>
    <property name="java.library.path" value="D:\Applications\Editors\Languages\JDK\jdk-17\bin;C:\Windows\Sun\Java\bin;C:\Windows\system32;C:\Windows;D:\Applications\Editors\Anaconda3;D:\Applications\Editors\Anaconda3\Library\mingw-w64\bin;D:\Applications\Editors\Anaconda3\Library\usr\bin;D:\Applications\Editors\Anaconda3\Library\bin;D:\Applications\Editors\Anaconda3\Scripts;D:\Applications\Editors\Anaconda3\bin;D:\Applications\Editors\Anaconda3\condabin;D:\Program Files\NVIDIA GPU Computing Toolkit\CUDA\v11.8\bin;D:\Program Files\NVIDIA GPU Computing Toolkit\CUDA\v11.8\libnvvp;D:\Applications\virtualMachines\VMware\VMware Workstation\bin;D:\Applications\Editors\Languages\Python\Scripts;D:\Applications\Editors\Languages\Python;D:\Program Files\PlasticSCM5\server;D:\Program Files\PlasticSCM5\client;C:\Windows\system32;C:\Windows;C:\Windows\System32\Wbem;C:\Windows\System32\WindowsPowerShell\v1.0;C:\Windows\System32\OpenSSH;C:\Program Files (x86)\NVIDIA Corporation\PhysX\Common;C:\Program Files\NVIDIA Corporation\NVIDIA NvDLISR;C:\Program Files\Microsoft SQL Server\150\Tools\Binn;C:\Program Files\Microsoft SQL Server\Client SDK\ODBC\170\Tools\Binn;C:\Program Files\dotnet;D:\Windows Kits\10\Windows Performance Toolkit;D:\Program Files\Git\cmd;D:\Applications\Editors\nodejs;D:\Applications\Editors\nodejs\node_global\node_modules;D:\Applications\Editors\Languages\CMake\bin;D:\Applications\Editors\mingw64\bin;D:\Program Files\Git LFS;D:\Applications\Editors\Anaconda3;D:\Applications\Editors\Anaconda3\Scripts;D:\Applications\Editors\Anaconda3\Library\bin;D:\Applications\Editors\Anaconda3\Library\mingw-w64\bin;D:\Applications\Editors\Anaconda3\Library\usr\bin;.;D:\Applications\Editors\Languages\JDK\jdk-17\bin;D:\Applications\Editors\TOOLS\apache-maven-3.9.6;D:\Applications\Editors\TOOLS\apache-maven-3.9.6\bin;.;C:\Program Files\NVIDIA Corporation\Nsight Compute 2022.3.0;D:\Applications\Tools\chromedriver_win32;.;C:\Program Files\Docker\Docker\resources\bin;C:\Users\l\AppData\Local\Microsoft\WindowsApps;D:\Applications\Microsoft VS Code\bin;C:\Users\l\.dotnet\tools;D:\Applications\Editors\PyCharm Community Edition 2023.3.4\bin;.;D:\Applications\Editors\nodejs\node_global;D:\Applications\Editors\JetBrains\IntelliJ IDEA 2023.3.6\bin;.;.;D:\Applications\Editors\JetBrains\PyCharm 2023.2.6\bin;.;."/>
    <property name="java.vm.info" value="mixed mode, sharing"/>
    <property name="java.vendor" value="Oracle Corporation"/>
    <property name="java.vm.version" value="17.0.11+7-LTS-207"/>
    <property name="sun.io.unicode.encoding" value="UnicodeLittle"/>
    <property name="java.class.version" value="61.0"/>
  </properties>
  <testcase name="contextLoads" classname="com.tongji.microservice.teamsphere.TeamsphereScheduleApplicationTests" time="0.006">
    <system-out><![CDATA[2024-06-01T01:47:07.334+08:00  INFO 29504 --- [           main] d.s.b.c.e.WelcomeLogoApplicationListener :  [DUBBO] 

 :: Dubbo (v3.2.9) : https://github.com/apache/dubbo
 :: Discuss group : dev@dubbo.apache.org
, dubbo version: 3.2.9, current host: 192.168.220.1

  .   ____          _            __ _ _
 /\\ / ___'_ __ _ _(_)_ __  __ _ \ \ \ \
( ( )\___ | '_ | '_| | '_ \/ _` | \ \ \ \
 \\/  ___)| |_)| | | | | || (_| |  ) ) ) )
  '  |____| .__|_| |_|_| |_\__, | / / / /
 =========|_|==============|___/=/_/_/_/
 :: Spring Boot ::                (v3.1.2)

2024-06-01T01:47:07.375+08:00  INFO 29504 --- [           main] t.m.t.TeamsphereScheduleApplicationTests : Starting TeamsphereScheduleApplicationTests using Java 17.0.11 with PID 29504 (started by l in D:\Files\Code\CoursesProjects\SoftwareTestPlatform\test-targets\Microservices\schedule-service)
2024-06-01T01:47:07.378+08:00  INFO 29504 --- [           main] t.m.t.TeamsphereScheduleApplicationTests : No active profile set, falling back to 1 default profile: "default"
2024-06-01T01:47:07.662+08:00  INFO 29504 --- [           main] o.apache.dubbo.rpc.model.FrameworkModel  :  [DUBBO] Dubbo Framework[1] is created, dubbo version: 3.2.9, current host: 192.168.220.1
2024-06-01T01:47:07.669+08:00  INFO 29504 --- [           main] o.a.d.c.r.GlobalResourcesRepository      :  [DUBBO] Creating global shared handler ..., dubbo version: 3.2.9, current host: 192.168.220.1
2024-06-01T01:47:07.708+08:00  INFO 29504 --- [           main] o.a.dubbo.rpc.model.ApplicationModel     :  [DUBBO] Dubbo Application[1.0](unknown) is created, dubbo version: 3.2.9, current host: 192.168.220.1
2024-06-01T01:47:07.710+08:00  INFO 29504 --- [           main] org.apache.dubbo.rpc.model.ScopeModel    :  [DUBBO] Dubbo Module[1.0.0] is created, dubbo version: 3.2.9, current host: 192.168.220.1
2024-06-01T01:47:07.726+08:00  INFO 29504 --- [           main] o.a.d.c.context.AbstractConfigManager    :  [DUBBO] Config settings: {dubbo.config.mode=STRICT, dubbo.config.ignore-duplicated-interface=false}, dubbo version: 3.2.9, current host: 192.168.220.1
2024-06-01T01:47:07.726+08:00  INFO 29504 --- [           main] o.a.d.c.context.AbstractConfigManager    :  [DUBBO] Config settings: {dubbo.config.mode=STRICT, dubbo.config.ignore-duplicated-interface=false}, dubbo version: 3.2.9, current host: 192.168.220.1
2024-06-01T01:47:07.734+08:00  INFO 29504 --- [           main] o.a.d.c.utils.SerializeSecurityManager   :  [DUBBO] Serialize check serializable: true, dubbo version: 3.2.9, current host: 192.168.220.1
2024-06-01T01:47:07.734+08:00  INFO 29504 --- [           main] o.a.d.c.u.SerializeSecurityConfigurator  :  [DUBBO] Read serialize allow list from jar:file:/D:/Applications/Editors/TOOLS/apache-maven-3.9.6/repository/org/apache/dubbo/dubbo/3.2.9/dubbo-3.2.9.jar!/security/serialize.allowlist, dubbo version: 3.2.9, current host: 192.168.220.1
2024-06-01T01:47:07.747+08:00  INFO 29504 --- [           main] o.a.d.c.u.SerializeSecurityConfigurator  :  [DUBBO] Read serialize blocked list from jar:file:/D:/Applications/Editors/TOOLS/apache-maven-3.9.6/repository/org/apache/dubbo/dubbo/3.2.9/dubbo-3.2.9.jar!/security/serialize.blockedlist, dubbo version: 3.2.9, current host: 192.168.220.1
2024-06-01T01:47:07.838+08:00  INFO 29504 --- [           main] o.a.dubbo.rpc.model.ApplicationModel     :  [DUBBO] Dubbo Application[1.1](unknown) is created, dubbo version: 3.2.9, current host: 192.168.220.1
2024-06-01T01:47:07.838+08:00  INFO 29504 --- [           main] org.apache.dubbo.rpc.model.ScopeModel    :  [DUBBO] Dubbo Module[1.1.0] is created, dubbo version: 3.2.9, current host: 192.168.220.1
2024-06-01T01:47:07.843+08:00  INFO 29504 --- [           main] o.a.d.c.context.AbstractConfigManager    :  [DUBBO] Config settings: {dubbo.config.mode=STRICT, dubbo.config.ignore-duplicated-interface=false}, dubbo version: 3.2.9, current host: 192.168.220.1
2024-06-01T01:47:07.843+08:00  INFO 29504 --- [           main] o.a.d.c.context.AbstractConfigManager    :  [DUBBO] Config settings: {dubbo.config.mode=STRICT, dubbo.config.ignore-duplicated-interface=false}, dubbo version: 3.2.9, current host: 192.168.220.1
2024-06-01T01:47:07.845+08:00  INFO 29504 --- [           main] o.a.d.c.u.SerializeSecurityConfigurator  :  [DUBBO] Read serialize allow list from jar:file:/D:/Applications/Editors/TOOLS/apache-maven-3.9.6/repository/org/apache/dubbo/dubbo/3.2.9/dubbo-3.2.9.jar!/security/serialize.allowlist, dubbo version: 3.2.9, current host: 192.168.220.1
2024-06-01T01:47:07.845+08:00  INFO 29504 --- [           main] o.a.d.c.u.SerializeSecurityConfigurator  :  [DUBBO] Read serialize blocked list from jar:file:/D:/Applications/Editors/TOOLS/apache-maven-3.9.6/repository/org/apache/dubbo/dubbo/3.2.9/dubbo-3.2.9.jar!/security/serialize.blockedlist, dubbo version: 3.2.9, current host: 192.168.220.1
2024-06-01T01:47:07.851+08:00  INFO 29504 --- [           main] o.a.d.c.s.c.DubboSpringInitializer       :  [DUBBO] Use default application: Dubbo Application[1.1](unknown), dubbo version: 3.2.9, current host: 192.168.220.1
2024-06-01T01:47:07.852+08:00  INFO 29504 --- [           main] org.apache.dubbo.rpc.model.ScopeModel    :  [DUBBO] Dubbo Module[1.1.1] is created, dubbo version: 3.2.9, current host: 192.168.220.1
2024-06-01T01:47:07.855+08:00  INFO 29504 --- [           main] o.a.d.c.context.AbstractConfigManager    :  [DUBBO] Config settings: {dubbo.config.mode=STRICT, dubbo.config.ignore-duplicated-interface=false}, dubbo version: 3.2.9, current host: 192.168.220.1
2024-06-01T01:47:07.856+08:00  INFO 29504 --- [           main] o.a.d.c.u.SerializeSecurityConfigurator  :  [DUBBO] Read serialize allow list from jar:file:/D:/Applications/Editors/TOOLS/apache-maven-3.9.6/repository/org/apache/dubbo/dubbo/3.2.9/dubbo-3.2.9.jar!/security/serialize.allowlist, dubbo version: 3.2.9, current host: 192.168.220.1
2024-06-01T01:47:07.856+08:00  INFO 29504 --- [           main] o.a.d.c.u.SerializeSecurityConfigurator  :  [DUBBO] Read serialize blocked list from jar:file:/D:/Applications/Editors/TOOLS/apache-maven-3.9.6/repository/org/apache/dubbo/dubbo/3.2.9/dubbo-3.2.9.jar!/security/serialize.blockedlist, dubbo version: 3.2.9, current host: 192.168.220.1
2024-06-01T01:47:07.857+08:00  INFO 29504 --- [           main] o.a.d.c.s.c.DubboSpringInitializer       :  [DUBBO] Use default module model of target application: Dubbo Module[1.1.1], dubbo version: 3.2.9, current host: 192.168.220.1
2024-06-01T01:47:07.858+08:00  INFO 29504 --- [           main] o.a.d.c.s.c.DubboSpringInitializer       :  [DUBBO] Bind Dubbo Module[1.1.1] to spring container: org.springframework.beans.factory.support.DefaultListableBeanFactory@78910096, dubbo version: 3.2.9, current host: 192.168.220.1
2024-06-01T01:47:08.058+08:00  INFO 29504 --- [           main] c.s.b.f.a.ServiceAnnotationPostProcessor :  [DUBBO] BeanNameGenerator bean can't be found in BeanFactory with name [org.springframework.context.annotation.internalConfigurationBeanNameGenerator], dubbo version: 3.2.9, current host: 192.168.220.1
2024-06-01T01:47:08.059+08:00  INFO 29504 --- [           main] c.s.b.f.a.ServiceAnnotationPostProcessor :  [DUBBO] BeanNameGenerator will be a instance of org.springframework.context.annotation.AnnotationBeanNameGenerator , it maybe a potential problem on bean name generation., dubbo version: 3.2.9, current host: 192.168.220.1
2024-06-01T01:47:08.061+08:00  INFO 29504 --- [           main] c.s.b.f.a.ServiceAnnotationPostProcessor :  [DUBBO] Found 1 classes annotated by Dubbo @Service under package [com.tongji.microservice.teamsphere.scheduleservice]: [com.tongji.microservice.teamsphere.scheduleservice.impl.ScheduleServiceImpl], dubbo version: 3.2.9, current host: 192.168.220.1
2024-06-01T01:47:08.072+08:00  INFO 29504 --- [           main] c.s.b.f.a.ServiceAnnotationPostProcessor :  [DUBBO] Register ServiceBean[ServiceBean:com.tongji.microservice.teamsphere.dubbo.api.ScheduleService::]: Root bean: class [org.apache.dubbo.config.spring.ServiceBean]; scope=; abstract=false; lazyInit=null; autowireMode=3; dependencyCheck=0; autowireCandidate=true; primary=false; factoryBeanName=null; factoryMethodName=null; initMethodNames=null; destroyMethodNames=null, dubbo version: 3.2.9, current host: 192.168.220.1
2024-06-01T01:47:08.345+08:00  INFO 29504 --- [           main] f.a.ReferenceAnnotationBeanPostProcessor :  [DUBBO] class org.apache.dubbo.config.spring.beans.factory.annotation.ReferenceAnnotationBeanPostProcessor was destroying!, dubbo version: 3.2.9, current host: 192.168.220.1
2024-06-01T01:47:08.388+08:00  INFO 29504 --- [           main] o.a.d.c.s.c.DubboConfigBeanInitializer   :  [DUBBO] loading dubbo config beans ..., dubbo version: 3.2.9, current host: 192.168.220.1
2024-06-01T01:47:08.390+08:00  INFO 29504 --- [           main] o.a.d.c.s.c.DubboConfigBeanInitializer   :  [DUBBO] dubbo config beans are loaded., dubbo version: 3.2.9, current host: 192.168.220.1
2024-06-01T01:47:08.431+08:00  INFO 29504 --- [           main] o.a.d.c.d.DefaultApplicationDeployer     :  [DUBBO] No value is configured in the registry, the DynamicConfigurationFactory extension[name : nacos] supports as the config center, dubbo version: 3.2.9, current host: 192.168.220.1
2024-06-01T01:47:08.432+08:00  INFO 29504 --- [           main] o.a.d.c.d.DefaultApplicationDeployer     :  [DUBBO] The registry[<dubbo:registry port="8848" address="nacos://127.0.0.1:8848" protocol="nacos" />] will be used as the config center, dubbo version: 3.2.9, current host: 192.168.220.1
2024-06-01T01:47:08.436+08:00  INFO 29504 --- [           main] o.a.d.c.d.DefaultApplicationDeployer     :  [DUBBO] use registry as config-center: <dubbo:config-center highestPriority="false" id="config-center-nacos-127.0.0.1-8848" address="nacos://127.0.0.1:8848" protocol="nacos" port="8848" parameters="{client=null}" />, dubbo version: 3.2.9, current host: 192.168.220.1
2024-06-01T01:47:08.464+08:00  WARN 29504 --- [           main] c.a.nacos.client.logging.NacosLogging    : Load Logback Configuration of Nacos fail, message: Could not initialize Logback Nacos logging from classpath:nacos-logback.xml
2024-06-01T01:47:08.466+08:00  INFO 29504 --- [           main] c.alibaba.nacos.client.utils.ParamUtil   : [settings] [req-serv] nacos-server port:8848
2024-06-01T01:47:08.466+08:00  INFO 29504 --- [           main] c.alibaba.nacos.client.utils.ParamUtil   : [settings] [http-client] connect timeout:1000
2024-06-01T01:47:08.467+08:00  INFO 29504 --- [           main] c.alibaba.nacos.client.utils.ParamUtil   : PER_TASK_CONFIG_SIZE: 3000.0
2024-06-01T01:47:08.486+08:00  INFO 29504 --- [           main] c.a.n.p.a.s.c.ClientAuthPluginManager    : [ClientAuthPluginManager] Load ClientAuthService com.alibaba.nacos.client.auth.impl.NacosClientAuthServiceImpl success.
2024-06-01T01:47:08.486+08:00  INFO 29504 --- [           main] c.a.n.p.a.s.c.ClientAuthPluginManager    : [ClientAuthPluginManager] Load ClientAuthService com.alibaba.nacos.client.auth.ram.RamClientAuthServiceImpl success.
2024-06-01T01:47:08.488+08:00  INFO 29504 --- [           main] c.a.n.c.a.r.identify.CredentialWatcher   : null No credential found
2024-06-01T01:47:08.492+08:00  INFO 29504 --- [           main] com.alibaba.nacos.common.remote.client   : [RpcClientFactory] create a new rpc client of d2e1daee-68d1-48c2-bbea-a6d6027ca24d_config-0
2024-06-01T01:47:08.504+08:00  INFO 29504 --- [           main] com.alibaba.nacos.common.remote.client   : [d2e1daee-68d1-48c2-bbea-a6d6027ca24d_config-0] Register server push request handler:com.alibaba.nacos.client.config.impl.ClientWorker$ConfigRpcTransportClient$$Lambda$1144/0x0000018529614068
2024-06-01T01:47:08.504+08:00  INFO 29504 --- [           main] com.alibaba.nacos.common.remote.client   : [d2e1daee-68d1-48c2-bbea-a6d6027ca24d_config-0] Register server push request handler:com.alibaba.nacos.client.config.impl.ClientWorker$ConfigRpcTransportClient$$Lambda$1145/0x0000018529614488
2024-06-01T01:47:08.505+08:00  INFO 29504 --- [           main] com.alibaba.nacos.common.remote.client   : [d2e1daee-68d1-48c2-bbea-a6d6027ca24d_config-0] Registry connection listener to current client:com.alibaba.nacos.client.config.impl.ClientWorker$ConfigRpcTransportClient$1
2024-06-01T01:47:08.505+08:00  INFO 29504 --- [           main] com.alibaba.nacos.common.remote.client   : [d2e1daee-68d1-48c2-bbea-a6d6027ca24d_config-0] RpcClient init, ServerListFactory = com.alibaba.nacos.client.config.impl.ClientWorker$ConfigRpcTransportClient$2
2024-06-01T01:47:08.509+08:00  INFO 29504 --- [           main] com.alibaba.nacos.common.remote.client   : [d2e1daee-68d1-48c2-bbea-a6d6027ca24d_config-0] Try to connect to server on start up, server: {serverIp = '127.0.0.1', server main port = 8848}
2024-06-01T01:47:08.531+08:00  INFO 29504 --- [           main] c.a.n.c.remote.client.grpc.GrpcClient    : grpc client connection server:127.0.0.1 ip,serverPort:9848,grpcTslConfig:{"sslProvider":"OPENSSL","enableTls":false,"mutualAuthEnable":false,"trustAll":false}
2024-06-01T01:47:09.231+08:00  INFO 29504 --- [           main] com.alibaba.nacos.common.remote.client   : [d2e1daee-68d1-48c2-bbea-a6d6027ca24d_config-0] Success to connect to server [127.0.0.1:8848] on start up, connectionId = 1717177629065_127.0.0.1_50869
2024-06-01T01:47:09.232+08:00  INFO 29504 --- [t.remote.worker] com.alibaba.nacos.common.remote.client   : [d2e1daee-68d1-48c2-bbea-a6d6027ca24d_config-0] Notify connected event to listeners.
2024-06-01T01:47:09.233+08:00  INFO 29504 --- [t.remote.worker] c.a.n.client.config.impl.ClientWorker    : [d2e1daee-68d1-48c2-bbea-a6d6027ca24d_config-0] Connected,notify listen context...
2024-06-01T01:47:09.233+08:00  INFO 29504 --- [           main] com.alibaba.nacos.common.remote.client   : [d2e1daee-68d1-48c2-bbea-a6d6027ca24d_config-0] Register server push request handler:com.alibaba.nacos.common.remote.client.RpcClient$ConnectResetRequestHandler
2024-06-01T01:47:09.234+08:00  INFO 29504 --- [           main] com.alibaba.nacos.common.remote.client   : [d2e1daee-68d1-48c2-bbea-a6d6027ca24d_config-0] Register server push request handler:com.alibaba.nacos.common.remote.client.RpcClient$$Lambda$1161/0x0000018529757bd8
2024-06-01T01:47:09.239+08:00  INFO 29504 --- [           main] c.a.n.c.c.impl.LocalConfigInfoProcessor  : LOCAL_SNAPSHOT_PATH:C:\Users\l\nacos\config
2024-06-01T01:47:09.280+08:00  INFO 29504 --- [           main] c.a.nacos.client.config.impl.Limiter     : limitTime:5.0
2024-06-01T01:47:09.294+08:00  INFO 29504 --- [           main] o.a.d.common.config.ConfigurationUtils   :  [DUBBO] Config center was specified, but no config item found., dubbo version: 3.2.9, current host: 192.168.220.1
2024-06-01T01:47:09.294+08:00  INFO 29504 --- [           main] o.a.d.common.config.ConfigurationUtils   :  [DUBBO] Config center was specified, but no config item found., dubbo version: 3.2.9, current host: 192.168.220.1
2024-06-01T01:47:09.309+08:00  INFO 29504 --- [           main] o.a.dubbo.config.context.ConfigManager   :  [DUBBO] The current configurations or effective configurations are as follows:, dubbo version: 3.2.9, current host: 192.168.220.1
2024-06-01T01:47:09.309+08:00  INFO 29504 --- [           main] o.a.dubbo.config.context.ConfigManager   :  [DUBBO] <dubbo:application enableFileCache="true" logger="slf4j" qosPort="22225" executorManagementMode="isolation" parameters="{}" name="schedule-service" protocol="dubbo" />, dubbo version: 3.2.9, current host: 192.168.220.1
2024-06-01T01:47:09.309+08:00  INFO 29504 --- [           main] o.a.dubbo.config.context.ConfigManager   :  [DUBBO] <dubbo:protocol preferSerialization="fastjson2,hessian2" port="20883" name="dubbo" />, dubbo version: 3.2.9, current host: 192.168.220.1
2024-06-01T01:47:09.309+08:00  INFO 29504 --- [           main] o.a.dubbo.config.context.ConfigManager   :  [DUBBO] <dubbo:registry port="8848" address="nacos://127.0.0.1:8848" protocol="nacos" />, dubbo version: 3.2.9, current host: 192.168.220.1
2024-06-01T01:47:09.310+08:00  INFO 29504 --- [           main] o.a.dubbo.config.context.ConfigManager   :  [DUBBO] <dubbo:ssl />, dubbo version: 3.2.9, current host: 192.168.220.1
2024-06-01T01:47:09.328+08:00  INFO 29504 --- [           main] o.a.d.c.deploy.DefaultModuleDeployer     :  [DUBBO] Dubbo Module[1.1.0] has been initialized!, dubbo version: 3.2.9, current host: 192.168.220.1
2024-06-01T01:47:09.329+08:00  INFO 29504 --- [           main] o.a.d.c.deploy.DefaultModuleDeployer     :  [DUBBO] Dubbo Module[1.1.1] has been initialized!, dubbo version: 3.2.9, current host: 192.168.220.1
2024-06-01T01:47:09.334+08:00  INFO 29504 --- [           main] o.a.d.c.d.DefaultApplicationDeployer     :  [DUBBO] No value is configured in the registry, the MetadataReportFactory extension[name : nacos] supports as the metadata center, dubbo version: 3.2.9, current host: 192.168.220.1
2024-06-01T01:47:09.334+08:00  INFO 29504 --- [           main] o.a.d.c.d.DefaultApplicationDeployer     :  [DUBBO] The registry[<dubbo:registry port="8848" address="nacos://127.0.0.1:8848" protocol="nacos" />] will be used as the metadata center, dubbo version: 3.2.9, current host: 192.168.220.1
2024-06-01T01:47:09.336+08:00  INFO 29504 --- [           main] o.a.d.c.d.DefaultApplicationDeployer     :  [DUBBO] use registry as metadata-center: <dubbo:metadata-report address="nacos://127.0.0.1:8848" protocol="nacos" port="8848" parameters="{client=null}" />, dubbo version: 3.2.9, current host: 192.168.220.1
2024-06-01T01:47:09.396+08:00  INFO 29504 --- [           main] c.a.n.p.a.s.c.ClientAuthPluginManager    : [ClientAuthPluginManager] Load ClientAuthService com.alibaba.nacos.client.auth.impl.NacosClientAuthServiceImpl success.
2024-06-01T01:47:09.396+08:00  INFO 29504 --- [           main] c.a.n.p.a.s.c.ClientAuthPluginManager    : [ClientAuthPluginManager] Load ClientAuthService com.alibaba.nacos.client.auth.ram.RamClientAuthServiceImpl success.
2024-06-01T01:47:09.396+08:00  INFO 29504 --- [           main] com.alibaba.nacos.common.remote.client   : [RpcClientFactory] create a new rpc client of de24ca10-2dc3-4b86-bcbc-f660594d44af_config-0
2024-06-01T01:47:09.396+08:00  INFO 29504 --- [           main] com.alibaba.nacos.common.remote.client   : [de24ca10-2dc3-4b86-bcbc-f660594d44af_config-0] Register server push request handler:com.alibaba.nacos.client.config.impl.ClientWorker$ConfigRpcTransportClient$$Lambda$1144/0x0000018529614068
2024-06-01T01:47:09.396+08:00  INFO 29504 --- [           main] com.alibaba.nacos.common.remote.client   : [de24ca10-2dc3-4b86-bcbc-f660594d44af_config-0] Register server push request handler:com.alibaba.nacos.client.config.impl.ClientWorker$ConfigRpcTransportClient$$Lambda$1145/0x0000018529614488
2024-06-01T01:47:09.396+08:00  INFO 29504 --- [           main] com.alibaba.nacos.common.remote.client   : [de24ca10-2dc3-4b86-bcbc-f660594d44af_config-0] Registry connection listener to current client:com.alibaba.nacos.client.config.impl.ClientWorker$ConfigRpcTransportClient$1
2024-06-01T01:47:09.396+08:00  INFO 29504 --- [           main] com.alibaba.nacos.common.remote.client   : [de24ca10-2dc3-4b86-bcbc-f660594d44af_config-0] RpcClient init, ServerListFactory = com.alibaba.nacos.client.config.impl.ClientWorker$ConfigRpcTransportClient$2
2024-06-01T01:47:09.397+08:00  INFO 29504 --- [           main] com.alibaba.nacos.common.remote.client   : [de24ca10-2dc3-4b86-bcbc-f660594d44af_config-0] Try to connect to server on start up, server: {serverIp = '127.0.0.1', server main port = 8848}
2024-06-01T01:47:09.397+08:00  INFO 29504 --- [           main] c.a.n.c.remote.client.grpc.GrpcClient    : grpc client connection server:127.0.0.1 ip,serverPort:9848,grpcTslConfig:{"sslProvider":"OPENSSL","enableTls":false,"mutualAuthEnable":false,"trustAll":false}
2024-06-01T01:47:09.511+08:00  INFO 29504 --- [           main] com.alibaba.nacos.common.remote.client   : [de24ca10-2dc3-4b86-bcbc-f660594d44af_config-0] Success to connect to server [127.0.0.1:8848] on start up, connectionId = 1717177629400_127.0.0.1_50870
2024-06-01T01:47:09.511+08:00  INFO 29504 --- [           main] com.alibaba.nacos.common.remote.client   : [de24ca10-2dc3-4b86-bcbc-f660594d44af_config-0] Register server push request handler:com.alibaba.nacos.common.remote.client.RpcClient$ConnectResetRequestHandler
2024-06-01T01:47:09.512+08:00  INFO 29504 --- [           main] com.alibaba.nacos.common.remote.client   : [de24ca10-2dc3-4b86-bcbc-f660594d44af_config-0] Register server push request handler:com.alibaba.nacos.common.remote.client.RpcClient$$Lambda$1161/0x0000018529757bd8
2024-06-01T01:47:09.512+08:00  INFO 29504 --- [t.remote.worker] com.alibaba.nacos.common.remote.client   : [de24ca10-2dc3-4b86-bcbc-f660594d44af_config-0] Notify connected event to listeners.
2024-06-01T01:47:09.512+08:00  INFO 29504 --- [t.remote.worker] c.a.n.client.config.impl.ClientWorker    : [de24ca10-2dc3-4b86-bcbc-f660594d44af_config-0] Connected,notify listen context...
2024-06-01T01:47:09.525+08:00  INFO 29504 --- [           main] o.a.d.c.d.DefaultApplicationDeployer     :  [DUBBO] Dubbo Application[1.1](schedule-service) has been initialized!, dubbo version: 3.2.9, current host: 192.168.220.1
2024-06-01T01:47:09.790+08:00  INFO 29504 --- [           main] o.s.b.a.w.s.WelcomePageHandlerMapping    : Adding welcome page: class path resource [static/index.html]
 _ _   |_  _ _|_. ___ _ |    _ 
| | |\/|_)(_| | |_\  |_)||_|_\ 
     /               |         
                        3.5.4.1 
2024-06-01T01:47:10.502+08:00  WARN 29504 --- [           main] c.b.m.core.metadata.TableInfoHelper      : This "id" is the table primary key by default name for `id` in Class: "com.tongji.microservice.teamsphere.scheduleservice.entities.Event",So @TableField will not work!
2024-06-01T01:47:10.502+08:00  WARN 29504 --- [           main] c.b.m.core.metadata.TableInfoHelper      : This primary key of "id" is primitive !不建议如此请使用包装类 in Class: "com.tongji.microservice.teamsphere.scheduleservice.entities.Event"
2024-06-01T01:47:10.639+08:00  INFO 29504 --- [           main] o.a.d.c.deploy.DefaultModuleDeployer     :  [DUBBO] Dubbo Module[1.1.1] is starting., dubbo version: 3.2.9, current host: 192.168.220.1
2024-06-01T01:47:10.640+08:00  INFO 29504 --- [           main] o.a.d.c.d.DefaultApplicationDeployer     :  [DUBBO] Dubbo Application[1.1](schedule-service) is starting., dubbo version: 3.2.9, current host: 192.168.220.1
2024-06-01T01:47:11.300+08:00  INFO 29504 --- [           main] org.apache.dubbo.qos.server.Server       :  [DUBBO] qos-server bind localhost:22225, dubbo version: 3.2.9, current host: 192.168.220.1
2024-06-01T01:47:11.306+08:00  INFO 29504 --- [           main] org.apache.dubbo.config.ServiceConfig    :  [DUBBO] Export dubbo service com.tongji.microservice.teamsphere.dubbo.api.ScheduleService to local registry url : injvm://127.0.0.1/com.tongji.microservice.teamsphere.dubbo.api.ScheduleService?anyhost=true&application=schedule-service&background=false&bind.ip=192.168.220.1&bind.port=20883&deprecated=false&dubbo=2.0.2&dynamic=true&executor-management-mode=isolation&exporter.listener=injvm&file-cache=true&generic=false&interface=com.tongji.microservice.teamsphere.dubbo.api.ScheduleService&logger=slf4j&methods=createEvent,getEventId,getEventInfo,getEvents,removeEvent,updateEventInfo&pid=29504&prefer.serialization=fastjson2,hessian2&qos.port=22225&release=3.2.9&revision=0.0.1-SNAPSHOT&side=provider&timeout=5000&timestamp=1717177630762, dubbo version: 3.2.9, current host: 192.168.220.1
2024-06-01T01:47:11.306+08:00  INFO 29504 --- [           main] org.apache.dubbo.config.ServiceConfig    :  [DUBBO] Register dubbo service com.tongji.microservice.teamsphere.dubbo.api.ScheduleService url dubbo://192.168.220.1:20883/com.tongji.microservice.teamsphere.dubbo.api.ScheduleService?anyhost=true&application=schedule-service&background=false&bind.ip=192.168.220.1&bind.port=20883&deprecated=false&dubbo=2.0.2&dynamic=true&executor-management-mode=isolation&file-cache=true&generic=false&interface=com.tongji.microservice.teamsphere.dubbo.api.ScheduleService&logger=slf4j&methods=createEvent,getEventId,getEventInfo,getEvents,removeEvent,updateEventInfo&pid=29504&prefer.serialization=fastjson2,hessian2&qos.port=22225&release=3.2.9&revision=0.0.1-SNAPSHOT&service-name-mapping=true&side=provider&timeout=5000&timestamp=1717177630762 to registry 127.0.0.1:8848, dubbo version: 3.2.9, current host: 192.168.220.1
2024-06-01T01:47:11.318+08:00  INFO 29504 --- [           main] c.a.nacos.client.config.impl.CacheData   : nacos.cache.data.init.snapshot = true 
2024-06-01T01:47:11.318+08:00  INFO 29504 --- [           main] c.a.n.client.config.impl.ClientWorker    : [fixed-127.0.0.1_8848] [subscribe] schedule-service.configurators+dubbo
2024-06-01T01:47:11.326+08:00  INFO 29504 --- [           main] c.a.nacos.client.config.impl.CacheData   : [fixed-127.0.0.1_8848] [add-listener] ok, tenant=, dataId=schedule-service.configurators, group=dubbo, cnt=1
2024-06-01T01:47:11.333+08:00  INFO 29504 --- [           main] c.a.n.client.config.impl.ClientWorker    : [fixed-127.0.0.1_8848] [subscribe] com.tongji.microservice.teamsphere.dubbo.api.ScheduleService::.configurators+dubbo
2024-06-01T01:47:11.333+08:00  INFO 29504 --- [           main] c.a.nacos.client.config.impl.CacheData   : [fixed-127.0.0.1_8848] [add-listener] ok, tenant=, dataId=com.tongji.microservice.teamsphere.dubbo.api.ScheduleService::.configurators, group=dubbo, cnt=1
2024-06-01T01:47:11.420+08:00  INFO 29504 --- [           main] o.a.d.remoting.transport.AbstractServer  :  [DUBBO] Start NettyServer bind /0.0.0.0:20883, export /192.168.220.1:20883, dubbo version: 3.2.9, current host: 192.168.220.1
2024-06-01T01:47:11.459+08:00  INFO 29504 --- [           main] com.alibaba.nacos.client.naming          : initializer namespace from ans.namespace attribute : null
2024-06-01T01:47:11.460+08:00  INFO 29504 --- [           main] com.alibaba.nacos.client.naming          : initializer namespace from ALIBABA_ALIWARE_NAMESPACE attribute :null
2024-06-01T01:47:11.460+08:00  INFO 29504 --- [           main] com.alibaba.nacos.client.naming          : initializer namespace from namespace attribute :null
2024-06-01T01:47:11.466+08:00  INFO 29504 --- [           main] c.a.n.p.a.s.c.ClientAuthPluginManager    : [ClientAuthPluginManager] Load ClientAuthService com.alibaba.nacos.client.auth.impl.NacosClientAuthServiceImpl success.
2024-06-01T01:47:11.466+08:00  INFO 29504 --- [           main] c.a.n.p.a.s.c.ClientAuthPluginManager    : [ClientAuthPluginManager] Load ClientAuthService com.alibaba.nacos.client.auth.ram.RamClientAuthServiceImpl success.
2024-06-01T01:47:11.468+08:00  INFO 29504 --- [           main] com.alibaba.nacos.common.remote.client   : [RpcClientFactory] create a new rpc client of fe2fa0ec-a2c9-4608-b8c5-651b7dcb4b55
2024-06-01T01:47:11.469+08:00  INFO 29504 --- [           main] com.alibaba.nacos.common.remote.client   : [fe2fa0ec-a2c9-4608-b8c5-651b7dcb4b55] RpcClient init, ServerListFactory = com.alibaba.nacos.client.naming.core.ServerListManager
2024-06-01T01:47:11.469+08:00  INFO 29504 --- [           main] com.alibaba.nacos.common.remote.client   : [fe2fa0ec-a2c9-4608-b8c5-651b7dcb4b55] Registry connection listener to current client:com.alibaba.nacos.client.naming.remote.gprc.redo.NamingGrpcRedoService
2024-06-01T01:47:11.470+08:00  INFO 29504 --- [           main] com.alibaba.nacos.common.remote.client   : [fe2fa0ec-a2c9-4608-b8c5-651b7dcb4b55] Register server push request handler:com.alibaba.nacos.client.naming.remote.gprc.NamingPushRequestHandler
2024-06-01T01:47:11.470+08:00  INFO 29504 --- [           main] com.alibaba.nacos.common.remote.client   : [fe2fa0ec-a2c9-4608-b8c5-651b7dcb4b55] Try to connect to server on start up, server: {serverIp = '127.0.0.1', server main port = 8848}
2024-06-01T01:47:11.470+08:00  INFO 29504 --- [           main] c.a.n.c.remote.client.grpc.GrpcClient    : grpc client connection server:127.0.0.1 ip,serverPort:9848,grpcTslConfig:{"sslProvider":"OPENSSL","enableTls":false,"mutualAuthEnable":false,"trustAll":false}
2024-06-01T01:47:11.586+08:00  INFO 29504 --- [           main] com.alibaba.nacos.common.remote.client   : [fe2fa0ec-a2c9-4608-b8c5-651b7dcb4b55] Success to connect to server [127.0.0.1:8848] on start up, connectionId = 1717177631474_127.0.0.1_50871
2024-06-01T01:47:11.587+08:00  INFO 29504 --- [           main] com.alibaba.nacos.common.remote.client   : [fe2fa0ec-a2c9-4608-b8c5-651b7dcb4b55] Register server push request handler:com.alibaba.nacos.common.remote.client.RpcClient$ConnectResetRequestHandler
2024-06-01T01:47:11.587+08:00  INFO 29504 --- [t.remote.worker] com.alibaba.nacos.common.remote.client   : [fe2fa0ec-a2c9-4608-b8c5-651b7dcb4b55] Notify connected event to listeners.
2024-06-01T01:47:11.587+08:00  INFO 29504 --- [           main] com.alibaba.nacos.common.remote.client   : [fe2fa0ec-a2c9-4608-b8c5-651b7dcb4b55] Register server push request handler:com.alibaba.nacos.common.remote.client.RpcClient$$Lambda$1161/0x0000018529757bd8
2024-06-01T01:47:11.588+08:00  INFO 29504 --- [t.remote.worker] com.alibaba.nacos.client.naming          : Grpc connection connect
2024-06-01T01:47:11.619+08:00  INFO 29504 --- [           main] o.a.d.r.nacos.NacosNamingServiceWrapper  :  [DUBBO] Nacos batch register enable: true, dubbo version: 3.2.9, current host: 192.168.220.1
2024-06-01T01:47:11.634+08:00  INFO 29504 --- [           main] o.a.d.r.c.m.MigrationRuleListener        :  [DUBBO] Listening for migration rules on dataId schedule-service.migration, group DUBBO_SERVICEDISCOVERY_MIGRATION, dubbo version: 3.2.9, current host: 192.168.220.1
2024-06-01T01:47:11.635+08:00  INFO 29504 --- [           main] c.a.n.client.config.impl.ClientWorker    : [fixed-127.0.0.1_8848] [subscribe] schedule-service.migration+DUBBO_SERVICEDISCOVERY_MIGRATION
2024-06-01T01:47:11.635+08:00  INFO 29504 --- [           main] c.a.nacos.client.config.impl.CacheData   : [fixed-127.0.0.1_8848] [add-listener] ok, tenant=, dataId=schedule-service.migration, group=DUBBO_SERVICEDISCOVERY_MIGRATION, cnt=1
2024-06-01T01:47:11.643+08:00  INFO 29504 --- [           main] org.apache.dubbo.config.ServiceConfig    :  [DUBBO] Register dubbo service com.tongji.microservice.teamsphere.dubbo.api.ScheduleService url dubbo://192.168.220.1:20883/com.tongji.microservice.teamsphere.dubbo.api.ScheduleService?anyhost=true&application=schedule-service&background=false&bind.ip=192.168.220.1&bind.port=20883&deprecated=false&dubbo=2.0.2&dynamic=true&executor-management-mode=isolation&file-cache=true&generic=false&interface=com.tongji.microservice.teamsphere.dubbo.api.ScheduleService&logger=slf4j&methods=createEvent,getEventId,getEventInfo,getEvents,removeEvent,updateEventInfo&pid=29504&prefer.serialization=fastjson2,hessian2&qos.port=22225&release=3.2.9&revision=0.0.1-SNAPSHOT&service-name-mapping=true&side=provider&timeout=5000&timestamp=1717177630762 to registry 127.0.0.1:8848, dubbo version: 3.2.9, current host: 192.168.220.1
2024-06-01T01:47:11.649+08:00  INFO 29504 --- [           main] com.alibaba.nacos.client.naming          : initializer namespace from ans.namespace attribute : null
2024-06-01T01:47:11.650+08:00  INFO 29504 --- [           main] com.alibaba.nacos.client.naming          : initializer namespace from ALIBABA_ALIWARE_NAMESPACE attribute :null
2024-06-01T01:47:11.650+08:00  INFO 29504 --- [           main] com.alibaba.nacos.client.naming          : initializer namespace from namespace attribute :null
2024-06-01T01:47:11.650+08:00  INFO 29504 --- [           main] c.a.n.p.a.s.c.ClientAuthPluginManager    : [ClientAuthPluginManager] Load ClientAuthService com.alibaba.nacos.client.auth.impl.NacosClientAuthServiceImpl success.
2024-06-01T01:47:11.650+08:00  INFO 29504 --- [           main] c.a.n.p.a.s.c.ClientAuthPluginManager    : [ClientAuthPluginManager] Load ClientAuthService com.alibaba.nacos.client.auth.ram.RamClientAuthServiceImpl success.
2024-06-01T01:47:11.650+08:00  INFO 29504 --- [           main] com.alibaba.nacos.common.remote.client   : [RpcClientFactory] create a new rpc client of 17d42f92-e1f6-4085-b47c-f7e4ce4a3835
2024-06-01T01:47:11.650+08:00  INFO 29504 --- [           main] com.alibaba.nacos.common.remote.client   : [17d42f92-e1f6-4085-b47c-f7e4ce4a3835] RpcClient init, ServerListFactory = com.alibaba.nacos.client.naming.core.ServerListManager
2024-06-01T01:47:11.650+08:00  INFO 29504 --- [           main] com.alibaba.nacos.common.remote.client   : [17d42f92-e1f6-4085-b47c-f7e4ce4a3835] Registry connection listener to current client:com.alibaba.nacos.client.naming.remote.gprc.redo.NamingGrpcRedoService
2024-06-01T01:47:11.651+08:00  INFO 29504 --- [           main] com.alibaba.nacos.common.remote.client   : [17d42f92-e1f6-4085-b47c-f7e4ce4a3835] Register server push request handler:com.alibaba.nacos.client.naming.remote.gprc.NamingPushRequestHandler
2024-06-01T01:47:11.651+08:00  INFO 29504 --- [           main] com.alibaba.nacos.common.remote.client   : [17d42f92-e1f6-4085-b47c-f7e4ce4a3835] Try to connect to server on start up, server: {serverIp = '127.0.0.1', server main port = 8848}
2024-06-01T01:47:11.651+08:00  INFO 29504 --- [           main] c.a.n.c.remote.client.grpc.GrpcClient    : grpc client connection server:127.0.0.1 ip,serverPort:9848,grpcTslConfig:{"sslProvider":"OPENSSL","enableTls":false,"mutualAuthEnable":false,"trustAll":false}
2024-06-01T01:47:11.760+08:00  INFO 29504 --- [           main] com.alibaba.nacos.common.remote.client   : [17d42f92-e1f6-4085-b47c-f7e4ce4a3835] Success to connect to server [127.0.0.1:8848] on start up, connectionId = 1717177631653_127.0.0.1_50872
2024-06-01T01:47:11.760+08:00  INFO 29504 --- [t.remote.worker] com.alibaba.nacos.common.remote.client   : [17d42f92-e1f6-4085-b47c-f7e4ce4a3835] Notify connected event to listeners.
2024-06-01T01:47:11.760+08:00  INFO 29504 --- [           main] com.alibaba.nacos.common.remote.client   : [17d42f92-e1f6-4085-b47c-f7e4ce4a3835] Register server push request handler:com.alibaba.nacos.common.remote.client.RpcClient$ConnectResetRequestHandler
2024-06-01T01:47:11.760+08:00  INFO 29504 --- [t.remote.worker] com.alibaba.nacos.client.naming          : Grpc connection connect
2024-06-01T01:47:11.760+08:00  INFO 29504 --- [           main] com.alibaba.nacos.common.remote.client   : [17d42f92-e1f6-4085-b47c-f7e4ce4a3835] Register server push request handler:com.alibaba.nacos.common.remote.client.RpcClient$$Lambda$1161/0x0000018529757bd8
2024-06-01T01:47:11.766+08:00  INFO 29504 --- [           main] o.a.d.r.nacos.NacosNamingServiceWrapper  :  [DUBBO] Nacos batch register enable: true, dubbo version: 3.2.9, current host: 192.168.220.1
2024-06-01T01:47:11.767+08:00  INFO 29504 --- [           main] o.a.dubbo.registry.nacos.NacosRegistry   :  [DUBBO] Subscribe: provider://192.168.220.1:20883/com.tongji.microservice.teamsphere.dubbo.api.ScheduleService?anyhost=true&application=schedule-service&background=false&bind.ip=192.168.220.1&bind.port=20883&category=configurators&check=false&deprecated=false&dubbo=2.0.2&dynamic=true&executor-management-mode=isolation&file-cache=true&generic=false&interface=com.tongji.microservice.teamsphere.dubbo.api.ScheduleService&logger=slf4j&methods=createEvent,getEventId,getEventInfo,getEvents,removeEvent,updateEventInfo&pid=29504&prefer.serialization=fastjson2,hessian2&qos.port=22225&release=3.2.9&revision=0.0.1-SNAPSHOT&service-name-mapping=true&side=provider&timeout=5000&timestamp=1717177630762, dubbo version: 3.2.9, current host: 192.168.220.1
2024-06-01T01:47:11.777+08:00  INFO 29504 --- [           main] com.alibaba.nacos.client.naming          : [SUBSCRIBE-SERVICE] service:providers:com.tongji.microservice.teamsphere.dubbo.api.ScheduleService::, group:DEFAULT_GROUP, clusters: 
2024-06-01T01:47:11.785+08:00  INFO 29504 --- [           main] com.alibaba.nacos.client.naming          : init new ips(0) service: DEFAULT_GROUP@@providers:com.tongji.microservice.teamsphere.dubbo.api.ScheduleService:: -> []
2024-06-01T01:47:11.786+08:00  INFO 29504 --- [           main] com.alibaba.nacos.client.naming          : current ips:(0) service: DEFAULT_GROUP@@providers:com.tongji.microservice.teamsphere.dubbo.api.ScheduleService:: -> []
2024-06-01T01:47:11.792+08:00  WARN 29504 --- [           main] o.a.dubbo.registry.nacos.NacosRegistry   :  [DUBBO] Received empty url address list and empty protection is disabled, will clear current available addresses, dubbo version: 3.2.9, current host: 192.168.220.1, error code: 1-37. This may be caused by , go to https://dubbo.apache.org/faq/1/37 to find instructions. 
2024-06-01T01:47:11.792+08:00  INFO 29504 --- [           main] o.a.dubbo.registry.nacos.NacosRegistry   :  [DUBBO] Notify urls for subscribe url provider://192.168.220.1:20883/com.tongji.microservice.teamsphere.dubbo.api.ScheduleService?anyhost=true&application=schedule-service&background=false&bind.ip=192.168.220.1&bind.port=20883&category=configurators&check=false&deprecated=false&dubbo=2.0.2&dynamic=true&executor-management-mode=isolation&file-cache=true&generic=false&interface=com.tongji.microservice.teamsphere.dubbo.api.ScheduleService&logger=slf4j&methods=createEvent,getEventId,getEventInfo,getEvents,removeEvent,updateEventInfo&pid=29504&prefer.serialization=fastjson2,hessian2&qos.port=22225&release=3.2.9&revision=0.0.1-SNAPSHOT&service-name-mapping=true&side=provider&timeout=5000&timestamp=1717177630762, url size: 1, dubbo version: 3.2.9, current host: 192.168.220.1
2024-06-01T01:47:11.792+08:00  INFO 29504 --- [           main] com.alibaba.nacos.client.naming          : [SUBSCRIBE-SERVICE] service:providers:com.tongji.microservice.teamsphere.dubbo.api.ScheduleService, group:DEFAULT_GROUP, clusters: 
2024-06-01T01:47:11.796+08:00  INFO 29504 --- [           main] com.alibaba.nacos.client.naming          : init new ips(0) service: DEFAULT_GROUP@@providers:com.tongji.microservice.teamsphere.dubbo.api.ScheduleService -> []
2024-06-01T01:47:11.796+08:00  INFO 29504 --- [           main] com.alibaba.nacos.client.naming          : current ips:(0) service: DEFAULT_GROUP@@providers:com.tongji.microservice.teamsphere.dubbo.api.ScheduleService -> []
2024-06-01T01:47:11.798+08:00  WARN 29504 --- [           main] o.a.dubbo.registry.nacos.NacosRegistry   :  [DUBBO] Received empty url address list and empty protection is disabled, will clear current available addresses, dubbo version: 3.2.9, current host: 192.168.220.1, error code: 1-37. This may be caused by , go to https://dubbo.apache.org/faq/1/37 to find instructions. 
2024-06-01T01:47:11.798+08:00  INFO 29504 --- [           main] o.a.dubbo.registry.nacos.NacosRegistry   :  [DUBBO] Notify urls for subscribe url provider://192.168.220.1:20883/com.tongji.microservice.teamsphere.dubbo.api.ScheduleService?anyhost=true&application=schedule-service&background=false&bind.ip=192.168.220.1&bind.port=20883&category=configurators&check=false&deprecated=false&dubbo=2.0.2&dynamic=true&executor-management-mode=isolation&file-cache=true&generic=false&interface=com.tongji.microservice.teamsphere.dubbo.api.ScheduleService&logger=slf4j&methods=createEvent,getEventId,getEventInfo,getEvents,removeEvent,updateEventInfo&pid=29504&prefer.serialization=fastjson2,hessian2&qos.port=22225&release=3.2.9&revision=0.0.1-SNAPSHOT&service-name-mapping=true&side=provider&timeout=5000&timestamp=1717177630762, url size: 1, dubbo version: 3.2.9, current host: 192.168.220.1
2024-06-01T01:47:11.801+08:00  INFO 29504 --- [           main] com.alibaba.nacos.client.naming          : [SUBSCRIBE-SERVICE] service:providers:com.tongji.microservice.teamsphere.dubbo.api.ScheduleService::, group:DEFAULT_GROUP, clusters: 
2024-06-01T01:47:11.802+08:00  INFO 29504 --- [           main] com.alibaba.nacos.client.naming          : [SUBSCRIBE-SERVICE] service:providers:com.tongji.microservice.teamsphere.dubbo.api.ScheduleService, group:DEFAULT_GROUP, clusters: 
2024-06-01T01:47:11.810+08:00  INFO 29504 --- [Report-thread-1] o.a.d.m.store.nacos.NacosMetadataReport  :  [DUBBO] store provider metadata. Identifier : MetadataIdentifier{application='schedule-service', serviceInterface='com.tongji.microservice.teamsphere.dubbo.api.ScheduleService', version='', group='', side='provider'}; definition: FullServiceDefinition{parameters={interface=com.tongji.microservice.teamsphere.dubbo.api.ScheduleService, dubbo=2.0.2, release=3.2.9, pid=29504, side=provider, anyhost=true, application=schedule-service, executor-management-mode=isolation, file-cache=true, methods=createEvent,getEventId,getEventInfo,getEvents,removeEvent,updateEventInfo, logger=slf4j, deprecated=false, qos.port=22225, service-name-mapping=true, timeout=5000, generic=false, bind.port=20883, revision=0.0.1-SNAPSHOT, bind.ip=192.168.220.1, prefer.serialization=fastjson2,hessian2, background=false, dynamic=true, timestamp=1717177630762}} ServiceDefinition [canonicalName=com.tongji.microservice.teamsphere.dubbo.api.ScheduleService, codeSource=teamsphere-api-0.0.1-SNAPSHOT.jar, methods=[MethodDefinition [name=createEvent, parameterTypes=[int, java.time.LocalDateTime, java.time.LocalDateTime, java.lang.String, java.lang.String, int], returnType=com.tongji.microservice.teamsphere.dto.sceduleservice.EventIdResponse], MethodDefinition [name=getEventId, parameterTypes=[int, java.lang.String], returnType=com.tongji.microservice.teamsphere.dto.sceduleservice.EventIdResponse], MethodDefinition [name=getEventInfo, parameterTypes=[int], returnType=com.tongji.microservice.teamsphere.dto.sceduleservice.EventInfoResponse], MethodDefinition [name=updateEventInfo, parameterTypes=[int, java.time.LocalDateTime, java.time.LocalDateTime, java.lang.String, java.lang.String, int], returnType=com.tongji.microservice.teamsphere.dto.APIResponse], MethodDefinition [name=removeEvent, parameterTypes=[int], returnType=com.tongji.microservice.teamsphere.dto.APIResponse], MethodDefinition [name=getEvents, parameterTypes=[int], returnType=com.tongji.microservice.teamsphere.dto.sceduleservice.EventsResponse]]], dubbo version: 3.2.9, current host: 192.168.220.1
2024-06-01T01:47:11.814+08:00  INFO 29504 --- [           main] org.apache.dubbo.config.ServiceConfig    :  [DUBBO] Try to register interface application mapping for service com.tongji.microservice.teamsphere.dubbo.api.ScheduleService, dubbo version: 3.2.9, current host: 192.168.220.1
2024-06-01T01:47:11.821+08:00  INFO 29504 --- [           main] c.a.nacos.client.config.utils.JvmUtil    : isMultiInstance:false
2024-06-01T01:47:11.823+08:00  INFO 29504 --- [           main] org.apache.dubbo.config.ServiceConfig    :  [DUBBO] Successfully registered interface application mapping for service com.tongji.microservice.teamsphere.dubbo.api.ScheduleService, dubbo version: 3.2.9, current host: 192.168.220.1
2024-06-01T01:47:11.823+08:00  INFO 29504 --- [           main] o.a.d.c.deploy.DefaultModuleDeployer     :  [DUBBO] Dubbo Module[1.1.0] is starting., dubbo version: 3.2.9, current host: 192.168.220.1
2024-06-01T01:47:11.824+08:00  INFO 29504 --- [           main] o.a.d.c.deploy.DefaultModuleDeployer     :  [DUBBO] Dubbo Module[1.1.0] has started., dubbo version: 3.2.9, current host: 192.168.220.1
2024-06-01T01:47:11.824+08:00  INFO 29504 --- [           main] o.a.d.c.deploy.DefaultModuleDeployer     :  [DUBBO] Dubbo Module[1.1.1] has started., dubbo version: 3.2.9, current host: 192.168.220.1
2024-06-01T01:47:11.824+08:00  INFO 29504 --- [           main] o.a.d.c.d.DefaultMetricsServiceExporter  :  [DUBBO] The MetricsConfig not exist, will not export metrics service., dubbo version: 3.2.9, current host: 192.168.220.1
2024-06-01T01:47:11.829+08:00  INFO 29504 --- [           main] o.a.d.c.b.b.InternalServiceConfigBuilder :  [DUBBO] org.apache.dubbo.metadata.MetadataServiceService Port hasn't been set will use default protocol defined in protocols., dubbo version: 3.2.9, current host: 192.168.220.1
2024-06-01T01:47:11.830+08:00  INFO 29504 --- [           main] o.a.d.c.b.b.InternalServiceConfigBuilder :  [DUBBO] Using dubbo protocol to export org.apache.dubbo.metadata.MetadataService service on port 20883, dubbo version: 3.2.9, current host: 192.168.220.1
2024-06-01T01:47:11.843+08:00  INFO 29504 --- [Report-thread-1] c.a.n.client.config.impl.ClientWorker    : [fixed-127.0.0.1_8848] [publish-single] ok, dataId=com.tongji.microservice.teamsphere.dubbo.api.ScheduleService:::provider:schedule-service, group=dubbo, tenant=, config={"annotations":[],"canonicalName":"com.tongji.microservice.teamsphere.dubbo.api.ScheduleService","co...
2024-06-01T01:47:11.860+08:00  INFO 29504 --- [           main] org.apache.dubbo.config.ServiceConfig    :  [DUBBO] Export dubbo service org.apache.dubbo.metadata.MetadataService to local registry url : injvm://127.0.0.1/org.apache.dubbo.metadata.MetadataService?anyhost=true&application=schedule-service&background=false&bind.ip=192.168.220.1&bind.port=20883&delay=0&deprecated=false&dubbo=2.0.2&dynamic=true&executor-management-mode=isolation&exporter.listener=injvm&file-cache=true&generic=false&getAndListenInstanceMetadata.1.callback=true&getAndListenInstanceMetadata.return=true&getAndListenInstanceMetadata.sent=true&group=schedule-service&interface=org.apache.dubbo.metadata.MetadataService&logger=slf4j&methods=exportInstanceMetadata,getAndListenInstanceMetadata,getExportedServiceURLs,getExportedURLs,getInstanceMetadataChangedListenerMap,getMetadataInfo,getMetadataInfos,getMetadataURL,getServiceDefinition,getSubscribedURLs,isMetadataService,serviceName,toSortedStrings,version&pid=29504&prefer.serialization=fastjson2,hessian2&qos.port=22225&register=false&release=3.2.9&revision=3.2.9&service.filter=-default&side=provider&timeout=5000&timestamp=1717177631842&version=1.0.0, dubbo version: 3.2.9, current host: 192.168.220.1
2024-06-01T01:47:11.861+08:00  INFO 29504 --- [           main] org.apache.dubbo.config.ServiceConfig    :  [DUBBO] Export dubbo service org.apache.dubbo.metadata.MetadataService to url dubbo://192.168.220.1:20883/org.apache.dubbo.metadata.MetadataService?anyhost=true&application=schedule-service&background=false&bind.ip=192.168.220.1&bind.port=20883&delay=0&deprecated=false&dubbo=2.0.2&dynamic=true&executor-management-mode=isolation&file-cache=true&generic=false&getAndListenInstanceMetadata.1.callback=true&getAndListenInstanceMetadata.return=true&getAndListenInstanceMetadata.sent=true&group=schedule-service&interface=org.apache.dubbo.metadata.MetadataService&logger=slf4j&methods=exportInstanceMetadata,getAndListenInstanceMetadata,getExportedServiceURLs,getExportedURLs,getInstanceMetadataChangedListenerMap,getMetadataInfo,getMetadataInfos,getMetadataURL,getServiceDefinition,getSubscribedURLs,isMetadataService,serviceName,toSortedStrings,version&pid=29504&prefer.serialization=fastjson2,hessian2&qos.port=22225&register=false&release=3.2.9&revision=3.2.9&service.filter=-default&side=provider&timeout=5000&timestamp=1717177631842&version=1.0.0, dubbo version: 3.2.9, current host: 192.168.220.1
2024-06-01T01:47:11.862+08:00  INFO 29504 --- [           main] .c.m.ConfigurableMetadataServiceExporter :  [DUBBO] The MetadataService exports urls : [dubbo://192.168.220.1:20883/org.apache.dubbo.metadata.MetadataService?anyhost=true&application=schedule-service&background=false&bind.ip=192.168.220.1&bind.port=20883&delay=0&deprecated=false&dubbo=2.0.2&dynamic=true&executor-management-mode=isolation&file-cache=true&generic=false&getAndListenInstanceMetadata.1.callback=true&getAndListenInstanceMetadata.return=true&getAndListenInstanceMetadata.sent=true&group=schedule-service&interface=org.apache.dubbo.metadata.MetadataService&logger=slf4j&methods=exportInstanceMetadata,getAndListenInstanceMetadata,getExportedServiceURLs,getExportedURLs,getInstanceMetadataChangedListenerMap,getMetadataInfo,getMetadataInfos,getMetadataURL,getServiceDefinition,getSubscribedURLs,isMetadataService,serviceName,toSortedStrings,version&pid=29504&prefer.serialization=fastjson2,hessian2&qos.port=22225&register=false&release=3.2.9&revision=3.2.9&service.filter=-default&side=provider&timeout=5000&timestamp=1717177631842&version=1.0.0], dubbo version: 3.2.9, current host: 192.168.220.1
2024-06-01T01:47:11.865+08:00  INFO 29504 --- [           main] o.a.d.r.c.m.ServiceInstanceMetadataUtils :  [DUBBO] Start registering instance address to registry., dubbo version: 3.2.9, current host: 192.168.220.1
2024-06-01T01:47:11.876+08:00  INFO 29504 --- [           main] o.a.d.c.d.DefaultApplicationDeployer     :  [DUBBO] Dubbo Application[1.1](schedule-service) is ready., dubbo version: 3.2.9, current host: 192.168.220.1
2024-06-01T01:47:11.882+08:00  INFO 29504 --- [           main] o.a.d.r.integration.RegistryProtocol     :  [DUBBO] Registered dubbo service com.tongji.microservice.teamsphere.dubbo.api.ScheduleService url dubbo://192.168.220.1:20883/com.tongji.microservice.teamsphere.dubbo.api.ScheduleService?application=schedule-service&deprecated=false&dubbo=2.0.2&dynamic=true&generic=false&interface=com.tongji.microservice.teamsphere.dubbo.api.ScheduleService&logger=slf4j&methods=createEvent,getEventId,getEventInfo,getEvents,removeEvent,updateEventInfo&prefer.serialization=fastjson2,hessian2&release=3.2.9&revision=0.0.1-SNAPSHOT&service-name-mapping=true&side=provider&timeout=5000&timestamp=1717177630762 to registry service-discovery-registry://127.0.0.1:8848/org.apache.dubbo.registry.RegistryService?application=schedule-service&dubbo=2.0.2&executor-management-mode=isolation&file-cache=true&logger=slf4j&pid=29504&qos.port=22225&register=false&registry=nacos&release=3.2.9&timestamp=1717177630662, dubbo version: 3.2.9, current host: 192.168.220.1
2024-06-01T01:47:11.882+08:00  INFO 29504 --- [           main] o.a.dubbo.registry.nacos.NacosRegistry   :  [DUBBO] Register: dubbo://192.168.220.1:20883/com.tongji.microservice.teamsphere.dubbo.api.ScheduleService?application=schedule-service&deprecated=false&dubbo=2.0.2&dynamic=true&generic=false&interface=com.tongji.microservice.teamsphere.dubbo.api.ScheduleService&logger=slf4j&methods=createEvent,getEventId,getEventInfo,getEvents,removeEvent,updateEventInfo&prefer.serialization=fastjson2,hessian2&release=3.2.9&revision=0.0.1-SNAPSHOT&service-name-mapping=true&side=provider&timeout=5000&timestamp=1717177630762, dubbo version: 3.2.9, current host: 192.168.220.1
2024-06-01T01:47:11.884+08:00  INFO 29504 --- [           main] com.alibaba.nacos.client.naming          : [REGISTER-SERVICE] public registering service providers:com.tongji.microservice.teamsphere.dubbo.api.ScheduleService:: with instance Instance{instanceId='null', ip='192.168.220.1', port=20883, weight=1.0, healthy=true, enabled=true, ephemeral=true, clusterName='null', serviceName='null', metadata={side=provider, release=3.2.9, methods=createEvent,getEventId,getEventInfo,getEvents,removeEvent,updateEventInfo, logger=slf4j, deprecated=false, dubbo=2.0.2, interface=com.tongji.microservice.teamsphere.dubbo.api.ScheduleService, service-name-mapping=true, timeout=5000, generic=false, revision=0.0.1-SNAPSHOT, path=com.tongji.microservice.teamsphere.dubbo.api.ScheduleService, protocol=dubbo, application=schedule-service, prefer.serialization=fastjson2,hessian2, dynamic=true, category=providers, timestamp=1717177630762}}
2024-06-01T01:47:11.890+08:00  INFO 29504 --- [           main] o.a.d.r.integration.RegistryProtocol     :  [DUBBO] Registered dubbo service com.tongji.microservice.teamsphere.dubbo.api.ScheduleService url dubbo://192.168.220.1:20883/com.tongji.microservice.teamsphere.dubbo.api.ScheduleService?application=schedule-service&deprecated=false&dubbo=2.0.2&dynamic=true&generic=false&interface=com.tongji.microservice.teamsphere.dubbo.api.ScheduleService&logger=slf4j&methods=createEvent,getEventId,getEventInfo,getEvents,removeEvent,updateEventInfo&prefer.serialization=fastjson2,hessian2&release=3.2.9&revision=0.0.1-SNAPSHOT&service-name-mapping=true&side=provider&timeout=5000&timestamp=1717177630762 to registry nacos://127.0.0.1:8848/org.apache.dubbo.registry.RegistryService?application=schedule-service&dubbo=2.0.2&executor-management-mode=isolation&file-cache=true&logger=slf4j&pid=29504&qos.port=22225&register=false&release=3.2.9&timestamp=1717177630662, dubbo version: 3.2.9, current host: 192.168.220.1
2024-06-01T01:47:11.893+08:00  INFO 29504 --- [           main] org.apache.dubbo.metadata.MetadataInfo   :  [DUBBO] metadata revision changed: null -> 6ca3b52a99ac736fe9a5d4249bd311f6, app: schedule-service, services: 1, dubbo version: 3.2.9, current host: 192.168.220.1
2024-06-01T01:47:11.898+08:00  INFO 29504 --- [           main] com.alibaba.nacos.client.naming          : [REGISTER-SERVICE] public registering service schedule-service with instance Instance{instanceId='null', ip='192.168.220.1', port=20883, weight=1.0, healthy=true, enabled=true, ephemeral=true, clusterName='null', serviceName='schedule-service', metadata={dubbo.endpoints=[{"port":20883,"protocol":"dubbo"}], dubbo.metadata-service.url-params={"prefer.serialization":"fastjson2,hessian2","timeout":"5000","version":"1.0.0","dubbo":"2.0.2","release":"3.2.9","side":"provider","port":"20883","protocol":"dubbo"}, dubbo.metadata.revision=6ca3b52a99ac736fe9a5d4249bd311f6, dubbo.metadata.storage-type=local, timestamp=1717177630762}}
2024-06-01T01:47:11.902+08:00  INFO 29504 --- [           main] t.m.t.TeamsphereScheduleApplicationTests : Started TeamsphereScheduleApplicationTests in 5.091 seconds (process running for 6.948)
]]></system-out>
  </testcase>
</testsuite>