<?xml version="1.0" encoding="UTF-8"?>
<testsuite xmlns:xsi="http://www.w3.org/2001/XMLSchema-instance" xsi:noNamespaceSchemaLocation="https://maven.apache.org/surefire/maven-surefire-plugin/xsd/surefire-test-report-3.0.xsd" version="3.0" name="com.tongji.microservice.teamsphere.TeamsphereChatApplicationTests" time="18.159" tests="1" errors="1" skipped="0" failures="0">
  <properties>
    <property name="java.specification.version" value="17"/>
    <property name="sun.cpu.isalist" value="amd64"/>
    <property name="sun.jnu.encoding" value="GBK"/>
    <property name="java.class.path" value="D:\Files\Code\CoursesProjects\SoftwareTestPlatform\test-targets\Microservices\chat-service\target\test-classes;D:\Files\Code\CoursesProjects\SoftwareTestPlatform\test-targets\Microservices\chat-service\target\classes;D:\Applications\Editors\TOOLS\apache-maven-3.9.6\repository\org\springframework\boot\spring-boot-starter-amqp\3.1.2\spring-boot-starter-amqp-3.1.2.jar;D:\Applications\Editors\TOOLS\apache-maven-3.9.6\repository\org\springframework\boot\spring-boot-starter\3.1.2\spring-boot-starter-3.1.2.jar;D:\Applications\Editors\TOOLS\apache-maven-3.9.6\repository\org\springframework\boot\spring-boot\3.1.2\spring-boot-3.1.2.jar;D:\Applications\Editors\TOOLS\apache-maven-3.9.6\repository\org\springframework\boot\spring-boot-starter-logging\3.1.2\spring-boot-starter-logging-3.1.2.jar;D:\Applications\Editors\TOOLS\apache-maven-3.9.6\repository\ch\qos\logback\logback-classic\1.4.8\logback-classic-1.4.8.jar;D:\Applications\Editors\TOOLS\apache-maven-3.9.6\repository\ch\qos\logback\logback-core\1.4.8\logback-core-1.4.8.jar;D:\Applications\Editors\TOOLS\apache-maven-3.9.6\repository\org\apache\logging\log4j\log4j-to-slf4j\2.20.0\log4j-to-slf4j-2.20.0.jar;D:\Applications\Editors\TOOLS\apache-maven-3.9.6\repository\org\apache\logging\log4j\log4j-api\2.20.0\log4j-api-2.20.0.jar;D:\Applications\Editors\TOOLS\apache-maven-3.9.6\repository\org\slf4j\jul-to-slf4j\2.0.7\jul-to-slf4j-2.0.7.jar;D:\Applications\Editors\TOOLS\apache-maven-3.9.6\repository\jakarta\annotation\jakarta.annotation-api\2.1.1\jakarta.annotation-api-2.1.1.jar;D:\Applications\Editors\TOOLS\apache-maven-3.9.6\repository\org\springframework\spring-messaging\6.0.11\spring-messaging-6.0.11.jar;D:\Applications\Editors\TOOLS\apache-maven-3.9.6\repository\org\springframework\spring-beans\6.0.11\spring-beans-6.0.11.jar;D:\Applications\Editors\TOOLS\apache-maven-3.9.6\repository\org\springframework\amqp\spring-rabbit\3.0.6\spring-rabbit-3.0.6.jar;D:\Applications\Editors\TOOLS\apache-maven-3.9.6\repository\org\springframework\amqp\spring-amqp\3.0.6\spring-amqp-3.0.6.jar;D:\Applications\Editors\TOOLS\apache-maven-3.9.6\repository\org\springframework\retry\spring-retry\2.0.2\spring-retry-2.0.2.jar;D:\Applications\Editors\TOOLS\apache-maven-3.9.6\repository\com\rabbitmq\amqp-client\5.17.1\amqp-client-5.17.1.jar;D:\Applications\Editors\TOOLS\apache-maven-3.9.6\repository\org\springframework\spring-context\6.0.11\spring-context-6.0.11.jar;D:\Applications\Editors\TOOLS\apache-maven-3.9.6\repository\org\springframework\spring-tx\6.0.11\spring-tx-6.0.11.jar;D:\Applications\Editors\TOOLS\apache-maven-3.9.6\repository\io\micrometer\micrometer-observation\1.11.2\micrometer-observation-1.11.2.jar;D:\Applications\Editors\TOOLS\apache-maven-3.9.6\repository\io\micrometer\micrometer-commons\1.11.2\micrometer-commons-1.11.2.jar;D:\Applications\Editors\TOOLS\apache-maven-3.9.6\repository\org\springframework\boot\spring-boot-starter-web\3.1.2\spring-boot-starter-web-3.1.2.jar;D:\Applications\Editors\TOOLS\apache-maven-3.9.6\repository\org\springframework\boot\spring-boot-starter-json\3.1.2\spring-boot-starter-json-3.1.2.jar;D:\Applications\Editors\TOOLS\apache-maven-3.9.6\repository\com\fasterxml\jackson\datatype\jackson-datatype-jdk8\2.15.2\jackson-datatype-jdk8-2.15.2.jar;D:\Applications\Editors\TOOLS\apache-maven-3.9.6\repository\com\fasterxml\jackson\datatype\jackson-datatype-jsr310\2.15.2\jackson-datatype-jsr310-2.15.2.jar;D:\Applications\Editors\TOOLS\apache-maven-3.9.6\repository\com\fasterxml\jackson\module\jackson-module-parameter-names\2.15.2\jackson-module-parameter-names-2.15.2.jar;D:\Applications\Editors\TOOLS\apache-maven-3.9.6\repository\org\springframework\boot\spring-boot-starter-tomcat\3.1.2\spring-boot-starter-tomcat-3.1.2.jar;D:\Applications\Editors\TOOLS\apache-maven-3.9.6\repository\org\apache\tomcat\embed\tomcat-embed-core\10.1.11\tomcat-embed-core-10.1.11.jar;D:\Applications\Editors\TOOLS\apache-maven-3.9.6\repository\org\apache\tomcat\embed\tomcat-embed-el\10.1.11\tomcat-embed-el-10.1.11.jar;D:\Applications\Editors\TOOLS\apache-maven-3.9.6\repository\org\apache\tomcat\embed\tomcat-embed-websocket\10.1.11\tomcat-embed-websocket-10.1.11.jar;D:\Applications\Editors\TOOLS\apache-maven-3.9.6\repository\org\springframework\spring-web\6.0.11\spring-web-6.0.11.jar;D:\Applications\Editors\TOOLS\apache-maven-3.9.6\repository\org\springframework\spring-webmvc\6.0.11\spring-webmvc-6.0.11.jar;D:\Applications\Editors\TOOLS\apache-maven-3.9.6\repository\org\springframework\spring-aop\6.0.11\spring-aop-6.0.11.jar;D:\Applications\Editors\TOOLS\apache-maven-3.9.6\repository\org\springframework\spring-expression\6.0.11\spring-expression-6.0.11.jar;D:\Applications\Editors\TOOLS\apache-maven-3.9.6\repository\com\alibaba\nacos\nacos-client\2.2.1\nacos-client-2.2.1.jar;D:\Applications\Editors\TOOLS\apache-maven-3.9.6\repository\com\alibaba\nacos\nacos-auth-plugin\2.2.1\nacos-auth-plugin-2.2.1.jar;D:\Applications\Editors\TOOLS\apache-maven-3.9.6\repository\com\alibaba\nacos\nacos-encryption-plugin\2.2.1\nacos-encryption-plugin-2.2.1.jar;D:\Applications\Editors\TOOLS\apache-maven-3.9.6\repository\commons-codec\commons-codec\1.15\commons-codec-1.15.jar;D:\Applications\Editors\TOOLS\apache-maven-3.9.6\repository\com\fasterxml\jackson\core\jackson-core\2.15.2\jackson-core-2.15.2.jar;D:\Applications\Editors\TOOLS\apache-maven-3.9.6\repository\com\fasterxml\jackson\core\jackson-databind\2.15.2\jackson-databind-2.15.2.jar;D:\Applications\Editors\TOOLS\apache-maven-3.9.6\repository\com\fasterxml\jackson\core\jackson-annotations\2.15.2\jackson-annotations-2.15.2.jar;D:\Applications\Editors\TOOLS\apache-maven-3.9.6\repository\org\apache\httpcomponents\httpasyncclient\4.1.5\httpasyncclient-4.1.5.jar;D:\Applications\Editors\TOOLS\apache-maven-3.9.6\repository\org\apache\httpcomponents\httpcore\4.4.16\httpcore-4.4.16.jar;D:\Applications\Editors\TOOLS\apache-maven-3.9.6\repository\org\apache\httpcomponents\httpcore-nio\4.4.16\httpcore-nio-4.4.16.jar;D:\Applications\Editors\TOOLS\apache-maven-3.9.6\repository\org\apache\httpcomponents\httpclient\4.5.13\httpclient-4.5.13.jar;D:\Applications\Editors\TOOLS\apache-maven-3.9.6\repository\io\prometheus\simpleclient\0.16.0\simpleclient-0.16.0.jar;D:\Applications\Editors\TOOLS\apache-maven-3.9.6\repository\io\prometheus\simpleclient_tracer_otel\0.16.0\simpleclient_tracer_otel-0.16.0.jar;D:\Applications\Editors\TOOLS\apache-maven-3.9.6\repository\io\prometheus\simpleclient_tracer_common\0.16.0\simpleclient_tracer_common-0.16.0.jar;D:\Applications\Editors\TOOLS\apache-maven-3.9.6\repository\io\prometheus\simpleclient_tracer_otel_agent\0.16.0\simpleclient_tracer_otel_agent-0.16.0.jar;D:\Applications\Editors\TOOLS\apache-maven-3.9.6\repository\org\yaml\snakeyaml\1.33\snakeyaml-1.33.jar;D:\Applications\Editors\TOOLS\apache-maven-3.9.6\repository\com\tongji\microservice\teamsphere-api\0.0.1-SNAPSHOT\teamsphere-api-0.0.1-SNAPSHOT.jar;D:\Applications\Editors\TOOLS\apache-maven-3.9.6\repository\org\apache\dubbo\dubbo-spring-boot-starter\3.2.9\dubbo-spring-boot-starter-3.2.9.jar;D:\Applications\Editors\TOOLS\apache-maven-3.9.6\repository\org\apache\dubbo\dubbo-spring-boot-autoconfigure\3.2.9\dubbo-spring-boot-autoconfigure-3.2.9.jar;D:\Applications\Editors\TOOLS\apache-maven-3.9.6\repository\org\apache\dubbo\dubbo-spring-boot-autoconfigure-compatible\3.2.9\dubbo-spring-boot-autoconfigure-compatible-3.2.9.jar;D:\Applications\Editors\TOOLS\apache-maven-3.9.6\repository\org\apache\dubbo\dubbo\3.2.9\dubbo-3.2.9.jar;D:\Applications\Editors\TOOLS\apache-maven-3.9.6\repository\com\alibaba\spring\spring-context-support\1.0.11\spring-context-support-1.0.11.jar;D:\Applications\Editors\TOOLS\apache-maven-3.9.6\repository\org\javassist\javassist\3.29.2-GA\javassist-3.29.2-GA.jar;D:\Applications\Editors\TOOLS\apache-maven-3.9.6\repository\io\netty\netty-all\4.1.94.Final\netty-all-4.1.94.Final.jar;D:\Applications\Editors\TOOLS\apache-maven-3.9.6\repository\io\netty\netty-codec-dns\4.1.94.Final\netty-codec-dns-4.1.94.Final.jar;D:\Applications\Editors\TOOLS\apache-maven-3.9.6\repository\io\netty\netty-codec-haproxy\4.1.94.Final\netty-codec-haproxy-4.1.94.Final.jar;D:\Applications\Editors\TOOLS\apache-maven-3.9.6\repository\io\netty\netty-codec-http2\4.1.94.Final\netty-codec-http2-4.1.94.Final.jar;D:\Applications\Editors\TOOLS\apache-maven-3.9.6\repository\io\netty\netty-codec-memcache\4.1.94.Final\netty-codec-memcache-4.1.94.Final.jar;D:\Applications\Editors\TOOLS\apache-maven-3.9.6\repository\io\netty\netty-codec-mqtt\4.1.94.Final\netty-codec-mqtt-4.1.94.Final.jar;D:\Applications\Editors\TOOLS\apache-maven-3.9.6\repository\io\netty\netty-codec-redis\4.1.94.Final\netty-codec-redis-4.1.94.Final.jar;D:\Applications\Editors\TOOLS\apache-maven-3.9.6\repository\io\netty\netty-codec-smtp\4.1.94.Final\netty-codec-smtp-4.1.94.Final.jar;D:\Applications\Editors\TOOLS\apache-maven-3.9.6\repository\io\netty\netty-codec-socks\4.1.94.Final\netty-codec-socks-4.1.94.Final.jar;D:\Applications\Editors\TOOLS\apache-maven-3.9.6\repository\io\netty\netty-codec-stomp\4.1.94.Final\netty-codec-stomp-4.1.94.Final.jar;D:\Applications\Editors\TOOLS\apache-maven-3.9.6\repository\io\netty\netty-codec-xml\4.1.94.Final\netty-codec-xml-4.1.94.Final.jar;D:\Applications\Editors\TOOLS\apache-maven-3.9.6\repository\io\netty\netty-handler-proxy\4.1.94.Final\netty-handler-proxy-4.1.94.Final.jar;D:\Applications\Editors\TOOLS\apache-maven-3.9.6\repository\io\netty\netty-handler-ssl-ocsp\4.1.94.Final\netty-handler-ssl-ocsp-4.1.94.Final.jar;D:\Applications\Editors\TOOLS\apache-maven-3.9.6\repository\io\netty\netty-resolver-dns\4.1.94.Final\netty-resolver-dns-4.1.94.Final.jar;D:\Applications\Editors\TOOLS\apache-maven-3.9.6\repository\io\netty\netty-transport-rxtx\4.1.94.Final\netty-transport-rxtx-4.1.94.Final.jar;D:\Applications\Editors\TOOLS\apache-maven-3.9.6\repository\io\netty\netty-transport-sctp\4.1.94.Final\netty-transport-sctp-4.1.94.Final.jar;D:\Applications\Editors\TOOLS\apache-maven-3.9.6\repository\io\netty\netty-transport-udt\4.1.94.Final\netty-transport-udt-4.1.94.Final.jar;D:\Applications\Editors\TOOLS\apache-maven-3.9.6\repository\io\netty\netty-transport-classes-kqueue\4.1.94.Final\netty-transport-classes-kqueue-4.1.94.Final.jar;D:\Applications\Editors\TOOLS\apache-maven-3.9.6\repository\io\netty\netty-resolver-dns-classes-macos\4.1.94.Final\netty-resolver-dns-classes-macos-4.1.94.Final.jar;D:\Applications\Editors\TOOLS\apache-maven-3.9.6\repository\io\netty\netty-transport-native-epoll\4.1.94.Final\netty-transport-native-epoll-4.1.94.Final-linux-x86_64.jar;D:\Applications\Editors\TOOLS\apache-maven-3.9.6\repository\io\netty\netty-transport-native-epoll\4.1.94.Final\netty-transport-native-epoll-4.1.94.Final-linux-aarch_64.jar;D:\Applications\Editors\TOOLS\apache-maven-3.9.6\repository\io\netty\netty-transport-native-kqueue\4.1.94.Final\netty-transport-native-kqueue-4.1.94.Final-osx-x86_64.jar;D:\Applications\Editors\TOOLS\apache-maven-3.9.6\repository\io\netty\netty-transport-native-kqueue\4.1.94.Final\netty-transport-native-kqueue-4.1.94.Final-osx-aarch_64.jar;D:\Applications\Editors\TOOLS\apache-maven-3.9.6\repository\io\netty\netty-resolver-dns-native-macos\4.1.94.Final\netty-resolver-dns-native-macos-4.1.94.Final-osx-x86_64.jar;D:\Applications\Editors\TOOLS\apache-maven-3.9.6\repository\io\netty\netty-resolver-dns-native-macos\4.1.94.Final\netty-resolver-dns-native-macos-4.1.94.Final-osx-aarch_64.jar;D:\Applications\Editors\TOOLS\apache-maven-3.9.6\repository\com\alibaba\hessian-lite\3.2.13\hessian-lite-3.2.13.jar;D:\Applications\Editors\TOOLS\apache-maven-3.9.6\repository\com\alibaba\fastjson2\fastjson2\2.0.42\fastjson2-2.0.42.jar;D:\Applications\Editors\TOOLS\apache-maven-3.9.6\repository\org\springframework\boot\spring-boot-configuration-processor\3.1.2\spring-boot-configuration-processor-3.1.2.jar;D:\Applications\Editors\TOOLS\apache-maven-3.9.6\repository\org\projectlombok\lombok\1.18.28\lombok-1.18.28.jar;D:\Applications\Editors\TOOLS\apache-maven-3.9.6\repository\org\springframework\boot\spring-boot-starter-test\3.1.2\spring-boot-starter-test-3.1.2.jar;D:\Applications\Editors\TOOLS\apache-maven-3.9.6\repository\org\springframework\boot\spring-boot-test\3.1.2\spring-boot-test-3.1.2.jar;D:\Applications\Editors\TOOLS\apache-maven-3.9.6\repository\org\springframework\boot\spring-boot-test-autoconfigure\3.1.2\spring-boot-test-autoconfigure-3.1.2.jar;D:\Applications\Editors\TOOLS\apache-maven-3.9.6\repository\com\jayway\jsonpath\json-path\2.8.0\json-path-2.8.0.jar;D:\Applications\Editors\TOOLS\apache-maven-3.9.6\repository\jakarta\xml\bind\jakarta.xml.bind-api\4.0.0\jakarta.xml.bind-api-4.0.0.jar;D:\Applications\Editors\TOOLS\apache-maven-3.9.6\repository\jakarta\activation\jakarta.activation-api\2.1.2\jakarta.activation-api-2.1.2.jar;D:\Applications\Editors\TOOLS\apache-maven-3.9.6\repository\net\minidev\json-smart\2.4.11\json-smart-2.4.11.jar;D:\Applications\Editors\TOOLS\apache-maven-3.9.6\repository\net\minidev\accessors-smart\2.4.11\accessors-smart-2.4.11.jar;D:\Applications\Editors\TOOLS\apache-maven-3.9.6\repository\org\ow2\asm\asm\9.3\asm-9.3.jar;D:\Applications\Editors\TOOLS\apache-maven-3.9.6\repository\org\assertj\assertj-core\3.24.2\assertj-core-3.24.2.jar;D:\Applications\Editors\TOOLS\apache-maven-3.9.6\repository\net\bytebuddy\byte-buddy\1.14.5\byte-buddy-1.14.5.jar;D:\Applications\Editors\TOOLS\apache-maven-3.9.6\repository\org\hamcrest\hamcrest\2.2\hamcrest-2.2.jar;D:\Applications\Editors\TOOLS\apache-maven-3.9.6\repository\org\junit\jupiter\junit-jupiter\5.9.3\junit-jupiter-5.9.3.jar;D:\Applications\Editors\TOOLS\apache-maven-3.9.6\repository\org\junit\jupiter\junit-jupiter-api\5.9.3\junit-jupiter-api-5.9.3.jar;D:\Applications\Editors\TOOLS\apache-maven-3.9.6\repository\org\opentest4j\opentest4j\1.2.0\opentest4j-1.2.0.jar;D:\Applications\Editors\TOOLS\apache-maven-3.9.6\repository\org\junit\platform\junit-platform-commons\1.9.3\junit-platform-commons-1.9.3.jar;D:\Applications\Editors\TOOLS\apache-maven-3.9.6\repository\org\apiguardian\apiguardian-api\1.1.2\apiguardian-api-1.1.2.jar;D:\Applications\Editors\TOOLS\apache-maven-3.9.6\repository\org\junit\jupiter\junit-jupiter-params\5.9.3\junit-jupiter-params-5.9.3.jar;D:\Applications\Editors\TOOLS\apache-maven-3.9.6\repository\org\junit\jupiter\junit-jupiter-engine\5.9.3\junit-jupiter-engine-5.9.3.jar;D:\Applications\Editors\TOOLS\apache-maven-3.9.6\repository\org\junit\platform\junit-platform-engine\1.9.3\junit-platform-engine-1.9.3.jar;D:\Applications\Editors\TOOLS\apache-maven-3.9.6\repository\org\mockito\mockito-core\5.3.1\mockito-core-5.3.1.jar;D:\Applications\Editors\TOOLS\apache-maven-3.9.6\repository\net\bytebuddy\byte-buddy-agent\1.14.5\byte-buddy-agent-1.14.5.jar;D:\Applications\Editors\TOOLS\apache-maven-3.9.6\repository\org\objenesis\objenesis\3.3\objenesis-3.3.jar;D:\Applications\Editors\TOOLS\apache-maven-3.9.6\repository\org\mockito\mockito-junit-jupiter\5.3.1\mockito-junit-jupiter-5.3.1.jar;D:\Applications\Editors\TOOLS\apache-maven-3.9.6\repository\org\skyscreamer\jsonassert\1.5.1\jsonassert-1.5.1.jar;D:\Applications\Editors\TOOLS\apache-maven-3.9.6\repository\com\vaadin\external\google\android-json\0.0.20131108.vaadin1\android-json-0.0.20131108.vaadin1.jar;D:\Applications\Editors\TOOLS\apache-maven-3.9.6\repository\org\springframework\spring-core\6.0.11\spring-core-6.0.11.jar;D:\Applications\Editors\TOOLS\apache-maven-3.9.6\repository\org\springframework\spring-jcl\6.0.11\spring-jcl-6.0.11.jar;D:\Applications\Editors\TOOLS\apache-maven-3.9.6\repository\org\springframework\spring-test\6.0.11\spring-test-6.0.11.jar;D:\Applications\Editors\TOOLS\apache-maven-3.9.6\repository\org\xmlunit\xmlunit-core\2.9.1\xmlunit-core-2.9.1.jar;D:\Applications\Editors\TOOLS\apache-maven-3.9.6\repository\org\springframework\amqp\spring-rabbit-test\3.0.6\spring-rabbit-test-3.0.6.jar;D:\Applications\Editors\TOOLS\apache-maven-3.9.6\repository\org\springframework\amqp\spring-rabbit-junit\3.0.6\spring-rabbit-junit-3.0.6.jar;D:\Applications\Editors\TOOLS\apache-maven-3.9.6\repository\org\hamcrest\hamcrest-library\2.2\hamcrest-library-2.2.jar;D:\Applications\Editors\TOOLS\apache-maven-3.9.6\repository\org\hamcrest\hamcrest-core\2.2\hamcrest-core-2.2.jar;D:\Applications\Editors\TOOLS\apache-maven-3.9.6\repository\org\springframework\boot\spring-boot-starter-data-mongodb\3.1.2\spring-boot-starter-data-mongodb-3.1.2.jar;D:\Applications\Editors\TOOLS\apache-maven-3.9.6\repository\org\mongodb\mongodb-driver-sync\4.9.1\mongodb-driver-sync-4.9.1.jar;D:\Applications\Editors\TOOLS\apache-maven-3.9.6\repository\org\mongodb\bson\4.9.1\bson-4.9.1.jar;D:\Applications\Editors\TOOLS\apache-maven-3.9.6\repository\org\mongodb\mongodb-driver-core\4.9.1\mongodb-driver-core-4.9.1.jar;D:\Applications\Editors\TOOLS\apache-maven-3.9.6\repository\org\mongodb\bson-record-codec\4.9.1\bson-record-codec-4.9.1.jar;D:\Applications\Editors\TOOLS\apache-maven-3.9.6\repository\org\springframework\data\spring-data-mongodb\4.1.2\spring-data-mongodb-4.1.2.jar;D:\Applications\Editors\TOOLS\apache-maven-3.9.6\repository\org\springframework\data\spring-data-commons\3.1.2\spring-data-commons-3.1.2.jar;D:\Applications\Editors\TOOLS\apache-maven-3.9.6\repository\org\springframework\boot\spring-boot-starter-websocket\3.1.2\spring-boot-starter-websocket-3.1.2.jar;D:\Applications\Editors\TOOLS\apache-maven-3.9.6\repository\org\springframework\spring-websocket\6.0.11\spring-websocket-6.0.11.jar;D:\Applications\Editors\TOOLS\apache-maven-3.9.6\repository\com\corundumstudio\socketio\netty-socketio\2.0.6\netty-socketio-2.0.6.jar;D:\Applications\Editors\TOOLS\apache-maven-3.9.6\repository\io\netty\netty-buffer\4.1.94.Final\netty-buffer-4.1.94.Final.jar;D:\Applications\Editors\TOOLS\apache-maven-3.9.6\repository\io\netty\netty-common\4.1.94.Final\netty-common-4.1.94.Final.jar;D:\Applications\Editors\TOOLS\apache-maven-3.9.6\repository\io\netty\netty-transport\4.1.94.Final\netty-transport-4.1.94.Final.jar;D:\Applications\Editors\TOOLS\apache-maven-3.9.6\repository\io\netty\netty-resolver\4.1.94.Final\netty-resolver-4.1.94.Final.jar;D:\Applications\Editors\TOOLS\apache-maven-3.9.6\repository\io\netty\netty-handler\4.1.94.Final\netty-handler-4.1.94.Final.jar;D:\Applications\Editors\TOOLS\apache-maven-3.9.6\repository\io\netty\netty-transport-native-unix-common\4.1.94.Final\netty-transport-native-unix-common-4.1.94.Final.jar;D:\Applications\Editors\TOOLS\apache-maven-3.9.6\repository\io\netty\netty-codec-http\4.1.94.Final\netty-codec-http-4.1.94.Final.jar;D:\Applications\Editors\TOOLS\apache-maven-3.9.6\repository\io\netty\netty-codec\4.1.94.Final\netty-codec-4.1.94.Final.jar;D:\Applications\Editors\TOOLS\apache-maven-3.9.6\repository\io\netty\netty-transport-native-epoll\4.1.94.Final\netty-transport-native-epoll-4.1.94.Final.jar;D:\Applications\Editors\TOOLS\apache-maven-3.9.6\repository\io\netty\netty-transport-classes-epoll\4.1.94.Final\netty-transport-classes-epoll-4.1.94.Final.jar;D:\Applications\Editors\TOOLS\apache-maven-3.9.6\repository\org\slf4j\slf4j-api\2.0.7\slf4j-api-2.0.7.jar;D:\Applications\Editors\TOOLS\apache-maven-3.9.6\repository\javax\annotation\javax.annotation-api\1.3.2\javax.annotation-api-1.3.2.jar;D:\Applications\Editors\TOOLS\apache-maven-3.9.6\repository\com\google\guava\guava\31.1-jre\guava-31.1-jre.jar;D:\Applications\Editors\TOOLS\apache-maven-3.9.6\repository\com\google\guava\failureaccess\1.0.1\failureaccess-1.0.1.jar;D:\Applications\Editors\TOOLS\apache-maven-3.9.6\repository\com\google\guava\listenablefuture\9999.0-empty-to-avoid-conflict-with-guava\listenablefuture-9999.0-empty-to-avoid-conflict-with-guava.jar;D:\Applications\Editors\TOOLS\apache-maven-3.9.6\repository\com\google\code\findbugs\jsr305\3.0.2\jsr305-3.0.2.jar;D:\Applications\Editors\TOOLS\apache-maven-3.9.6\repository\org\checkerframework\checker-qual\3.12.0\checker-qual-3.12.0.jar;D:\Applications\Editors\TOOLS\apache-maven-3.9.6\repository\com\google\errorprone\error_prone_annotations\2.11.0\error_prone_annotations-2.11.0.jar;D:\Applications\Editors\TOOLS\apache-maven-3.9.6\repository\com\google\j2objc\j2objc-annotations\1.3\j2objc-annotations-1.3.jar;D:\Applications\Editors\TOOLS\apache-maven-3.9.6\repository\cn\dev33\sa-token-core\1.37.0\sa-token-core-1.37.0.jar;D:\Applications\Editors\TOOLS\apache-maven-3.9.6\repository\com\baomidou\mybatis-plus-spring-boot3-starter\3.5.4.1\mybatis-plus-spring-boot3-starter-3.5.4.1.jar;D:\Applications\Editors\TOOLS\apache-maven-3.9.6\repository\com\baomidou\mybatis-plus\3.5.4.1\mybatis-plus-3.5.4.1.jar;D:\Applications\Editors\TOOLS\apache-maven-3.9.6\repository\com\baomidou\mybatis-plus-core\3.5.4.1\mybatis-plus-core-3.5.4.1.jar;D:\Applications\Editors\TOOLS\apache-maven-3.9.6\repository\com\baomidou\mybatis-plus-annotation\3.5.4.1\mybatis-plus-annotation-3.5.4.1.jar;D:\Applications\Editors\TOOLS\apache-maven-3.9.6\repository\com\baomidou\mybatis-plus-extension\3.5.4.1\mybatis-plus-extension-3.5.4.1.jar;D:\Applications\Editors\TOOLS\apache-maven-3.9.6\repository\org\mybatis\mybatis\3.5.13\mybatis-3.5.13.jar;D:\Applications\Editors\TOOLS\apache-maven-3.9.6\repository\com\github\jsqlparser\jsqlparser\4.6\jsqlparser-4.6.jar;D:\Applications\Editors\TOOLS\apache-maven-3.9.6\repository\org\mybatis\mybatis-spring\3.0.2\mybatis-spring-3.0.2.jar;D:\Applications\Editors\TOOLS\apache-maven-3.9.6\repository\com\baomidou\mybatis-plus-spring-boot-autoconfigure\3.5.4.1\mybatis-plus-spring-boot-autoconfigure-3.5.4.1.jar;D:\Applications\Editors\TOOLS\apache-maven-3.9.6\repository\org\springframework\boot\spring-boot-autoconfigure\3.1.2\spring-boot-autoconfigure-3.1.2.jar;D:\Applications\Editors\TOOLS\apache-maven-3.9.6\repository\org\springframework\boot\spring-boot-starter-jdbc\3.1.2\spring-boot-starter-jdbc-3.1.2.jar;D:\Applications\Editors\TOOLS\apache-maven-3.9.6\repository\com\zaxxer\HikariCP\5.0.1\HikariCP-5.0.1.jar;D:\Applications\Editors\TOOLS\apache-maven-3.9.6\repository\org\springframework\spring-jdbc\6.0.11\spring-jdbc-6.0.11.jar;D:\Applications\Editors\TOOLS\apache-maven-3.9.6\repository\org\mariadb\jdbc\mariadb-java-client\3.1.4\mariadb-java-client-3.1.4.jar;D:\Applications\Editors\TOOLS\apache-maven-3.9.6\repository\com\github\waffle\waffle-jna\3.2.0\waffle-jna-3.2.0.jar;D:\Applications\Editors\TOOLS\apache-maven-3.9.6\repository\net\java\dev\jna\jna\5.12.1\jna-5.12.1.jar;D:\Applications\Editors\TOOLS\apache-maven-3.9.6\repository\net\java\dev\jna\jna-platform\5.12.1\jna-platform-5.12.1.jar;D:\Applications\Editors\TOOLS\apache-maven-3.9.6\repository\org\slf4j\jcl-over-slf4j\2.0.7\jcl-over-slf4j-2.0.7.jar;D:\Applications\Editors\TOOLS\apache-maven-3.9.6\repository\com\github\ben-manes\caffeine\caffeine\3.1.6\caffeine-3.1.6.jar;"/>
    <property name="java.vm.vendor" value="Oracle Corporation"/>
    <property name="sun.arch.data.model" value="64"/>
    <property name="user.variant" value=""/>
    <property name="java.vendor.url" value="https://java.oracle.com/"/>
    <property name="user.timezone" value="Asia/Shanghai"/>
    <property name="os.name" value="Windows 11"/>
    <property name="java.vm.specification.version" value="17"/>
    <property name="sun.java.launcher" value="SUN_STANDARD"/>
    <property name="user.country" value="CN"/>
    <property name="sun.boot.library.path" value="D:\Applications\Editors\Languages\JDK\jdk-17\bin"/>
    <property name="sun.java.command" value="C:\Users\l\AppData\Local\Temp\surefire3419921962918064111\surefirebooter-20240624130534672_3.jar C:\Users\l\AppData\Local\Temp\surefire3419921962918064111 2024-06-24T13-05-34_272-jvmRun1 surefire-20240624130534672_1tmp surefire_0-20240624130534672_2tmp"/>
    <property name="jdk.debug" value="release"/>
    <property name="surefire.test.class.path" value="D:\Files\Code\CoursesProjects\SoftwareTestPlatform\test-targets\Microservices\chat-service\target\test-classes;D:\Files\Code\CoursesProjects\SoftwareTestPlatform\test-targets\Microservices\chat-service\target\classes;D:\Applications\Editors\TOOLS\apache-maven-3.9.6\repository\org\springframework\boot\spring-boot-starter-amqp\3.1.2\spring-boot-starter-amqp-3.1.2.jar;D:\Applications\Editors\TOOLS\apache-maven-3.9.6\repository\org\springframework\boot\spring-boot-starter\3.1.2\spring-boot-starter-3.1.2.jar;D:\Applications\Editors\TOOLS\apache-maven-3.9.6\repository\org\springframework\boot\spring-boot\3.1.2\spring-boot-3.1.2.jar;D:\Applications\Editors\TOOLS\apache-maven-3.9.6\repository\org\springframework\boot\spring-boot-starter-logging\3.1.2\spring-boot-starter-logging-3.1.2.jar;D:\Applications\Editors\TOOLS\apache-maven-3.9.6\repository\ch\qos\logback\logback-classic\1.4.8\logback-classic-1.4.8.jar;D:\Applications\Editors\TOOLS\apache-maven-3.9.6\repository\ch\qos\logback\logback-core\1.4.8\logback-core-1.4.8.jar;D:\Applications\Editors\TOOLS\apache-maven-3.9.6\repository\org\apache\logging\log4j\log4j-to-slf4j\2.20.0\log4j-to-slf4j-2.20.0.jar;D:\Applications\Editors\TOOLS\apache-maven-3.9.6\repository\org\apache\logging\log4j\log4j-api\2.20.0\log4j-api-2.20.0.jar;D:\Applications\Editors\TOOLS\apache-maven-3.9.6\repository\org\slf4j\jul-to-slf4j\2.0.7\jul-to-slf4j-2.0.7.jar;D:\Applications\Editors\TOOLS\apache-maven-3.9.6\repository\jakarta\annotation\jakarta.annotation-api\2.1.1\jakarta.annotation-api-2.1.1.jar;D:\Applications\Editors\TOOLS\apache-maven-3.9.6\repository\org\springframework\spring-messaging\6.0.11\spring-messaging-6.0.11.jar;D:\Applications\Editors\TOOLS\apache-maven-3.9.6\repository\org\springframework\spring-beans\6.0.11\spring-beans-6.0.11.jar;D:\Applications\Editors\TOOLS\apache-maven-3.9.6\repository\org\springframework\amqp\spring-rabbit\3.0.6\spring-rabbit-3.0.6.jar;D:\Applications\Editors\TOOLS\apache-maven-3.9.6\repository\org\springframework\amqp\spring-amqp\3.0.6\spring-amqp-3.0.6.jar;D:\Applications\Editors\TOOLS\apache-maven-3.9.6\repository\org\springframework\retry\spring-retry\2.0.2\spring-retry-2.0.2.jar;D:\Applications\Editors\TOOLS\apache-maven-3.9.6\repository\com\rabbitmq\amqp-client\5.17.1\amqp-client-5.17.1.jar;D:\Applications\Editors\TOOLS\apache-maven-3.9.6\repository\org\springframework\spring-context\6.0.11\spring-context-6.0.11.jar;D:\Applications\Editors\TOOLS\apache-maven-3.9.6\repository\org\springframework\spring-tx\6.0.11\spring-tx-6.0.11.jar;D:\Applications\Editors\TOOLS\apache-maven-3.9.6\repository\io\micrometer\micrometer-observation\1.11.2\micrometer-observation-1.11.2.jar;D:\Applications\Editors\TOOLS\apache-maven-3.9.6\repository\io\micrometer\micrometer-commons\1.11.2\micrometer-commons-1.11.2.jar;D:\Applications\Editors\TOOLS\apache-maven-3.9.6\repository\org\springframework\boot\spring-boot-starter-web\3.1.2\spring-boot-starter-web-3.1.2.jar;D:\Applications\Editors\TOOLS\apache-maven-3.9.6\repository\org\springframework\boot\spring-boot-starter-json\3.1.2\spring-boot-starter-json-3.1.2.jar;D:\Applications\Editors\TOOLS\apache-maven-3.9.6\repository\com\fasterxml\jackson\datatype\jackson-datatype-jdk8\2.15.2\jackson-datatype-jdk8-2.15.2.jar;D:\Applications\Editors\TOOLS\apache-maven-3.9.6\repository\com\fasterxml\jackson\datatype\jackson-datatype-jsr310\2.15.2\jackson-datatype-jsr310-2.15.2.jar;D:\Applications\Editors\TOOLS\apache-maven-3.9.6\repository\com\fasterxml\jackson\module\jackson-module-parameter-names\2.15.2\jackson-module-parameter-names-2.15.2.jar;D:\Applications\Editors\TOOLS\apache-maven-3.9.6\repository\org\springframework\boot\spring-boot-starter-tomcat\3.1.2\spring-boot-starter-tomcat-3.1.2.jar;D:\Applications\Editors\TOOLS\apache-maven-3.9.6\repository\org\apache\tomcat\embed\tomcat-embed-core\10.1.11\tomcat-embed-core-10.1.11.jar;D:\Applications\Editors\TOOLS\apache-maven-3.9.6\repository\org\apache\tomcat\embed\tomcat-embed-el\10.1.11\tomcat-embed-el-10.1.11.jar;D:\Applications\Editors\TOOLS\apache-maven-3.9.6\repository\org\apache\tomcat\embed\tomcat-embed-websocket\10.1.11\tomcat-embed-websocket-10.1.11.jar;D:\Applications\Editors\TOOLS\apache-maven-3.9.6\repository\org\springframework\spring-web\6.0.11\spring-web-6.0.11.jar;D:\Applications\Editors\TOOLS\apache-maven-3.9.6\repository\org\springframework\spring-webmvc\6.0.11\spring-webmvc-6.0.11.jar;D:\Applications\Editors\TOOLS\apache-maven-3.9.6\repository\org\springframework\spring-aop\6.0.11\spring-aop-6.0.11.jar;D:\Applications\Editors\TOOLS\apache-maven-3.9.6\repository\org\springframework\spring-expression\6.0.11\spring-expression-6.0.11.jar;D:\Applications\Editors\TOOLS\apache-maven-3.9.6\repository\com\alibaba\nacos\nacos-client\2.2.1\nacos-client-2.2.1.jar;D:\Applications\Editors\TOOLS\apache-maven-3.9.6\repository\com\alibaba\nacos\nacos-auth-plugin\2.2.1\nacos-auth-plugin-2.2.1.jar;D:\Applications\Editors\TOOLS\apache-maven-3.9.6\repository\com\alibaba\nacos\nacos-encryption-plugin\2.2.1\nacos-encryption-plugin-2.2.1.jar;D:\Applications\Editors\TOOLS\apache-maven-3.9.6\repository\commons-codec\commons-codec\1.15\commons-codec-1.15.jar;D:\Applications\Editors\TOOLS\apache-maven-3.9.6\repository\com\fasterxml\jackson\core\jackson-core\2.15.2\jackson-core-2.15.2.jar;D:\Applications\Editors\TOOLS\apache-maven-3.9.6\repository\com\fasterxml\jackson\core\jackson-databind\2.15.2\jackson-databind-2.15.2.jar;D:\Applications\Editors\TOOLS\apache-maven-3.9.6\repository\com\fasterxml\jackson\core\jackson-annotations\2.15.2\jackson-annotations-2.15.2.jar;D:\Applications\Editors\TOOLS\apache-maven-3.9.6\repository\org\apache\httpcomponents\httpasyncclient\4.1.5\httpasyncclient-4.1.5.jar;D:\Applications\Editors\TOOLS\apache-maven-3.9.6\repository\org\apache\httpcomponents\httpcore\4.4.16\httpcore-4.4.16.jar;D:\Applications\Editors\TOOLS\apache-maven-3.9.6\repository\org\apache\httpcomponents\httpcore-nio\4.4.16\httpcore-nio-4.4.16.jar;D:\Applications\Editors\TOOLS\apache-maven-3.9.6\repository\org\apache\httpcomponents\httpclient\4.5.13\httpclient-4.5.13.jar;D:\Applications\Editors\TOOLS\apache-maven-3.9.6\repository\io\prometheus\simpleclient\0.16.0\simpleclient-0.16.0.jar;D:\Applications\Editors\TOOLS\apache-maven-3.9.6\repository\io\prometheus\simpleclient_tracer_otel\0.16.0\simpleclient_tracer_otel-0.16.0.jar;D:\Applications\Editors\TOOLS\apache-maven-3.9.6\repository\io\prometheus\simpleclient_tracer_common\0.16.0\simpleclient_tracer_common-0.16.0.jar;D:\Applications\Editors\TOOLS\apache-maven-3.9.6\repository\io\prometheus\simpleclient_tracer_otel_agent\0.16.0\simpleclient_tracer_otel_agent-0.16.0.jar;D:\Applications\Editors\TOOLS\apache-maven-3.9.6\repository\org\yaml\snakeyaml\1.33\snakeyaml-1.33.jar;D:\Applications\Editors\TOOLS\apache-maven-3.9.6\repository\com\tongji\microservice\teamsphere-api\0.0.1-SNAPSHOT\teamsphere-api-0.0.1-SNAPSHOT.jar;D:\Applications\Editors\TOOLS\apache-maven-3.9.6\repository\org\apache\dubbo\dubbo-spring-boot-starter\3.2.9\dubbo-spring-boot-starter-3.2.9.jar;D:\Applications\Editors\TOOLS\apache-maven-3.9.6\repository\org\apache\dubbo\dubbo-spring-boot-autoconfigure\3.2.9\dubbo-spring-boot-autoconfigure-3.2.9.jar;D:\Applications\Editors\TOOLS\apache-maven-3.9.6\repository\org\apache\dubbo\dubbo-spring-boot-autoconfigure-compatible\3.2.9\dubbo-spring-boot-autoconfigure-compatible-3.2.9.jar;D:\Applications\Editors\TOOLS\apache-maven-3.9.6\repository\org\apache\dubbo\dubbo\3.2.9\dubbo-3.2.9.jar;D:\Applications\Editors\TOOLS\apache-maven-3.9.6\repository\com\alibaba\spring\spring-context-support\1.0.11\spring-context-support-1.0.11.jar;D:\Applications\Editors\TOOLS\apache-maven-3.9.6\repository\org\javassist\javassist\3.29.2-GA\javassist-3.29.2-GA.jar;D:\Applications\Editors\TOOLS\apache-maven-3.9.6\repository\io\netty\netty-all\4.1.94.Final\netty-all-4.1.94.Final.jar;D:\Applications\Editors\TOOLS\apache-maven-3.9.6\repository\io\netty\netty-codec-dns\4.1.94.Final\netty-codec-dns-4.1.94.Final.jar;D:\Applications\Editors\TOOLS\apache-maven-3.9.6\repository\io\netty\netty-codec-haproxy\4.1.94.Final\netty-codec-haproxy-4.1.94.Final.jar;D:\Applications\Editors\TOOLS\apache-maven-3.9.6\repository\io\netty\netty-codec-http2\4.1.94.Final\netty-codec-http2-4.1.94.Final.jar;D:\Applications\Editors\TOOLS\apache-maven-3.9.6\repository\io\netty\netty-codec-memcache\4.1.94.Final\netty-codec-memcache-4.1.94.Final.jar;D:\Applications\Editors\TOOLS\apache-maven-3.9.6\repository\io\netty\netty-codec-mqtt\4.1.94.Final\netty-codec-mqtt-4.1.94.Final.jar;D:\Applications\Editors\TOOLS\apache-maven-3.9.6\repository\io\netty\netty-codec-redis\4.1.94.Final\netty-codec-redis-4.1.94.Final.jar;D:\Applications\Editors\TOOLS\apache-maven-3.9.6\repository\io\netty\netty-codec-smtp\4.1.94.Final\netty-codec-smtp-4.1.94.Final.jar;D:\Applications\Editors\TOOLS\apache-maven-3.9.6\repository\io\netty\netty-codec-socks\4.1.94.Final\netty-codec-socks-4.1.94.Final.jar;D:\Applications\Editors\TOOLS\apache-maven-3.9.6\repository\io\netty\netty-codec-stomp\4.1.94.Final\netty-codec-stomp-4.1.94.Final.jar;D:\Applications\Editors\TOOLS\apache-maven-3.9.6\repository\io\netty\netty-codec-xml\4.1.94.Final\netty-codec-xml-4.1.94.Final.jar;D:\Applications\Editors\TOOLS\apache-maven-3.9.6\repository\io\netty\netty-handler-proxy\4.1.94.Final\netty-handler-proxy-4.1.94.Final.jar;D:\Applications\Editors\TOOLS\apache-maven-3.9.6\repository\io\netty\netty-handler-ssl-ocsp\4.1.94.Final\netty-handler-ssl-ocsp-4.1.94.Final.jar;D:\Applications\Editors\TOOLS\apache-maven-3.9.6\repository\io\netty\netty-resolver-dns\4.1.94.Final\netty-resolver-dns-4.1.94.Final.jar;D:\Applications\Editors\TOOLS\apache-maven-3.9.6\repository\io\netty\netty-transport-rxtx\4.1.94.Final\netty-transport-rxtx-4.1.94.Final.jar;D:\Applications\Editors\TOOLS\apache-maven-3.9.6\repository\io\netty\netty-transport-sctp\4.1.94.Final\netty-transport-sctp-4.1.94.Final.jar;D:\Applications\Editors\TOOLS\apache-maven-3.9.6\repository\io\netty\netty-transport-udt\4.1.94.Final\netty-transport-udt-4.1.94.Final.jar;D:\Applications\Editors\TOOLS\apache-maven-3.9.6\repository\io\netty\netty-transport-classes-kqueue\4.1.94.Final\netty-transport-classes-kqueue-4.1.94.Final.jar;D:\Applications\Editors\TOOLS\apache-maven-3.9.6\repository\io\netty\netty-resolver-dns-classes-macos\4.1.94.Final\netty-resolver-dns-classes-macos-4.1.94.Final.jar;D:\Applications\Editors\TOOLS\apache-maven-3.9.6\repository\io\netty\netty-transport-native-epoll\4.1.94.Final\netty-transport-native-epoll-4.1.94.Final-linux-x86_64.jar;D:\Applications\Editors\TOOLS\apache-maven-3.9.6\repository\io\netty\netty-transport-native-epoll\4.1.94.Final\netty-transport-native-epoll-4.1.94.Final-linux-aarch_64.jar;D:\Applications\Editors\TOOLS\apache-maven-3.9.6\repository\io\netty\netty-transport-native-kqueue\4.1.94.Final\netty-transport-native-kqueue-4.1.94.Final-osx-x86_64.jar;D:\Applications\Editors\TOOLS\apache-maven-3.9.6\repository\io\netty\netty-transport-native-kqueue\4.1.94.Final\netty-transport-native-kqueue-4.1.94.Final-osx-aarch_64.jar;D:\Applications\Editors\TOOLS\apache-maven-3.9.6\repository\io\netty\netty-resolver-dns-native-macos\4.1.94.Final\netty-resolver-dns-native-macos-4.1.94.Final-osx-x86_64.jar;D:\Applications\Editors\TOOLS\apache-maven-3.9.6\repository\io\netty\netty-resolver-dns-native-macos\4.1.94.Final\netty-resolver-dns-native-macos-4.1.94.Final-osx-aarch_64.jar;D:\Applications\Editors\TOOLS\apache-maven-3.9.6\repository\com\alibaba\hessian-lite\3.2.13\hessian-lite-3.2.13.jar;D:\Applications\Editors\TOOLS\apache-maven-3.9.6\repository\com\alibaba\fastjson2\fastjson2\2.0.42\fastjson2-2.0.42.jar;D:\Applications\Editors\TOOLS\apache-maven-3.9.6\repository\org\springframework\boot\spring-boot-configuration-processor\3.1.2\spring-boot-configuration-processor-3.1.2.jar;D:\Applications\Editors\TOOLS\apache-maven-3.9.6\repository\org\projectlombok\lombok\1.18.28\lombok-1.18.28.jar;D:\Applications\Editors\TOOLS\apache-maven-3.9.6\repository\org\springframework\boot\spring-boot-starter-test\3.1.2\spring-boot-starter-test-3.1.2.jar;D:\Applications\Editors\TOOLS\apache-maven-3.9.6\repository\org\springframework\boot\spring-boot-test\3.1.2\spring-boot-test-3.1.2.jar;D:\Applications\Editors\TOOLS\apache-maven-3.9.6\repository\org\springframework\boot\spring-boot-test-autoconfigure\3.1.2\spring-boot-test-autoconfigure-3.1.2.jar;D:\Applications\Editors\TOOLS\apache-maven-3.9.6\repository\com\jayway\jsonpath\json-path\2.8.0\json-path-2.8.0.jar;D:\Applications\Editors\TOOLS\apache-maven-3.9.6\repository\jakarta\xml\bind\jakarta.xml.bind-api\4.0.0\jakarta.xml.bind-api-4.0.0.jar;D:\Applications\Editors\TOOLS\apache-maven-3.9.6\repository\jakarta\activation\jakarta.activation-api\2.1.2\jakarta.activation-api-2.1.2.jar;D:\Applications\Editors\TOOLS\apache-maven-3.9.6\repository\net\minidev\json-smart\2.4.11\json-smart-2.4.11.jar;D:\Applications\Editors\TOOLS\apache-maven-3.9.6\repository\net\minidev\accessors-smart\2.4.11\accessors-smart-2.4.11.jar;D:\Applications\Editors\TOOLS\apache-maven-3.9.6\repository\org\ow2\asm\asm\9.3\asm-9.3.jar;D:\Applications\Editors\TOOLS\apache-maven-3.9.6\repository\org\assertj\assertj-core\3.24.2\assertj-core-3.24.2.jar;D:\Applications\Editors\TOOLS\apache-maven-3.9.6\repository\net\bytebuddy\byte-buddy\1.14.5\byte-buddy-1.14.5.jar;D:\Applications\Editors\TOOLS\apache-maven-3.9.6\repository\org\hamcrest\hamcrest\2.2\hamcrest-2.2.jar;D:\Applications\Editors\TOOLS\apache-maven-3.9.6\repository\org\junit\jupiter\junit-jupiter\5.9.3\junit-jupiter-5.9.3.jar;D:\Applications\Editors\TOOLS\apache-maven-3.9.6\repository\org\junit\jupiter\junit-jupiter-api\5.9.3\junit-jupiter-api-5.9.3.jar;D:\Applications\Editors\TOOLS\apache-maven-3.9.6\repository\org\opentest4j\opentest4j\1.2.0\opentest4j-1.2.0.jar;D:\Applications\Editors\TOOLS\apache-maven-3.9.6\repository\org\junit\platform\junit-platform-commons\1.9.3\junit-platform-commons-1.9.3.jar;D:\Applications\Editors\TOOLS\apache-maven-3.9.6\repository\org\apiguardian\apiguardian-api\1.1.2\apiguardian-api-1.1.2.jar;D:\Applications\Editors\TOOLS\apache-maven-3.9.6\repository\org\junit\jupiter\junit-jupiter-params\5.9.3\junit-jupiter-params-5.9.3.jar;D:\Applications\Editors\TOOLS\apache-maven-3.9.6\repository\org\junit\jupiter\junit-jupiter-engine\5.9.3\junit-jupiter-engine-5.9.3.jar;D:\Applications\Editors\TOOLS\apache-maven-3.9.6\repository\org\junit\platform\junit-platform-engine\1.9.3\junit-platform-engine-1.9.3.jar;D:\Applications\Editors\TOOLS\apache-maven-3.9.6\repository\org\mockito\mockito-core\5.3.1\mockito-core-5.3.1.jar;D:\Applications\Editors\TOOLS\apache-maven-3.9.6\repository\net\bytebuddy\byte-buddy-agent\1.14.5\byte-buddy-agent-1.14.5.jar;D:\Applications\Editors\TOOLS\apache-maven-3.9.6\repository\org\objenesis\objenesis\3.3\objenesis-3.3.jar;D:\Applications\Editors\TOOLS\apache-maven-3.9.6\repository\org\mockito\mockito-junit-jupiter\5.3.1\mockito-junit-jupiter-5.3.1.jar;D:\Applications\Editors\TOOLS\apache-maven-3.9.6\repository\org\skyscreamer\jsonassert\1.5.1\jsonassert-1.5.1.jar;D:\Applications\Editors\TOOLS\apache-maven-3.9.6\repository\com\vaadin\external\google\android-json\0.0.20131108.vaadin1\android-json-0.0.20131108.vaadin1.jar;D:\Applications\Editors\TOOLS\apache-maven-3.9.6\repository\org\springframework\spring-core\6.0.11\spring-core-6.0.11.jar;D:\Applications\Editors\TOOLS\apache-maven-3.9.6\repository\org\springframework\spring-jcl\6.0.11\spring-jcl-6.0.11.jar;D:\Applications\Editors\TOOLS\apache-maven-3.9.6\repository\org\springframework\spring-test\6.0.11\spring-test-6.0.11.jar;D:\Applications\Editors\TOOLS\apache-maven-3.9.6\repository\org\xmlunit\xmlunit-core\2.9.1\xmlunit-core-2.9.1.jar;D:\Applications\Editors\TOOLS\apache-maven-3.9.6\repository\org\springframework\amqp\spring-rabbit-test\3.0.6\spring-rabbit-test-3.0.6.jar;D:\Applications\Editors\TOOLS\apache-maven-3.9.6\repository\org\springframework\amqp\spring-rabbit-junit\3.0.6\spring-rabbit-junit-3.0.6.jar;D:\Applications\Editors\TOOLS\apache-maven-3.9.6\repository\org\hamcrest\hamcrest-library\2.2\hamcrest-library-2.2.jar;D:\Applications\Editors\TOOLS\apache-maven-3.9.6\repository\org\hamcrest\hamcrest-core\2.2\hamcrest-core-2.2.jar;D:\Applications\Editors\TOOLS\apache-maven-3.9.6\repository\org\springframework\boot\spring-boot-starter-data-mongodb\3.1.2\spring-boot-starter-data-mongodb-3.1.2.jar;D:\Applications\Editors\TOOLS\apache-maven-3.9.6\repository\org\mongodb\mongodb-driver-sync\4.9.1\mongodb-driver-sync-4.9.1.jar;D:\Applications\Editors\TOOLS\apache-maven-3.9.6\repository\org\mongodb\bson\4.9.1\bson-4.9.1.jar;D:\Applications\Editors\TOOLS\apache-maven-3.9.6\repository\org\mongodb\mongodb-driver-core\4.9.1\mongodb-driver-core-4.9.1.jar;D:\Applications\Editors\TOOLS\apache-maven-3.9.6\repository\org\mongodb\bson-record-codec\4.9.1\bson-record-codec-4.9.1.jar;D:\Applications\Editors\TOOLS\apache-maven-3.9.6\repository\org\springframework\data\spring-data-mongodb\4.1.2\spring-data-mongodb-4.1.2.jar;D:\Applications\Editors\TOOLS\apache-maven-3.9.6\repository\org\springframework\data\spring-data-commons\3.1.2\spring-data-commons-3.1.2.jar;D:\Applications\Editors\TOOLS\apache-maven-3.9.6\repository\org\springframework\boot\spring-boot-starter-websocket\3.1.2\spring-boot-starter-websocket-3.1.2.jar;D:\Applications\Editors\TOOLS\apache-maven-3.9.6\repository\org\springframework\spring-websocket\6.0.11\spring-websocket-6.0.11.jar;D:\Applications\Editors\TOOLS\apache-maven-3.9.6\repository\com\corundumstudio\socketio\netty-socketio\2.0.6\netty-socketio-2.0.6.jar;D:\Applications\Editors\TOOLS\apache-maven-3.9.6\repository\io\netty\netty-buffer\4.1.94.Final\netty-buffer-4.1.94.Final.jar;D:\Applications\Editors\TOOLS\apache-maven-3.9.6\repository\io\netty\netty-common\4.1.94.Final\netty-common-4.1.94.Final.jar;D:\Applications\Editors\TOOLS\apache-maven-3.9.6\repository\io\netty\netty-transport\4.1.94.Final\netty-transport-4.1.94.Final.jar;D:\Applications\Editors\TOOLS\apache-maven-3.9.6\repository\io\netty\netty-resolver\4.1.94.Final\netty-resolver-4.1.94.Final.jar;D:\Applications\Editors\TOOLS\apache-maven-3.9.6\repository\io\netty\netty-handler\4.1.94.Final\netty-handler-4.1.94.Final.jar;D:\Applications\Editors\TOOLS\apache-maven-3.9.6\repository\io\netty\netty-transport-native-unix-common\4.1.94.Final\netty-transport-native-unix-common-4.1.94.Final.jar;D:\Applications\Editors\TOOLS\apache-maven-3.9.6\repository\io\netty\netty-codec-http\4.1.94.Final\netty-codec-http-4.1.94.Final.jar;D:\Applications\Editors\TOOLS\apache-maven-3.9.6\repository\io\netty\netty-codec\4.1.94.Final\netty-codec-4.1.94.Final.jar;D:\Applications\Editors\TOOLS\apache-maven-3.9.6\repository\io\netty\netty-transport-native-epoll\4.1.94.Final\netty-transport-native-epoll-4.1.94.Final.jar;D:\Applications\Editors\TOOLS\apache-maven-3.9.6\repository\io\netty\netty-transport-classes-epoll\4.1.94.Final\netty-transport-classes-epoll-4.1.94.Final.jar;D:\Applications\Editors\TOOLS\apache-maven-3.9.6\repository\org\slf4j\slf4j-api\2.0.7\slf4j-api-2.0.7.jar;D:\Applications\Editors\TOOLS\apache-maven-3.9.6\repository\javax\annotation\javax.annotation-api\1.3.2\javax.annotation-api-1.3.2.jar;D:\Applications\Editors\TOOLS\apache-maven-3.9.6\repository\com\google\guava\guava\31.1-jre\guava-31.1-jre.jar;D:\Applications\Editors\TOOLS\apache-maven-3.9.6\repository\com\google\guava\failureaccess\1.0.1\failureaccess-1.0.1.jar;D:\Applications\Editors\TOOLS\apache-maven-3.9.6\repository\com\google\guava\listenablefuture\9999.0-empty-to-avoid-conflict-with-guava\listenablefuture-9999.0-empty-to-avoid-conflict-with-guava.jar;D:\Applications\Editors\TOOLS\apache-maven-3.9.6\repository\com\google\code\findbugs\jsr305\3.0.2\jsr305-3.0.2.jar;D:\Applications\Editors\TOOLS\apache-maven-3.9.6\repository\org\checkerframework\checker-qual\3.12.0\checker-qual-3.12.0.jar;D:\Applications\Editors\TOOLS\apache-maven-3.9.6\repository\com\google\errorprone\error_prone_annotations\2.11.0\error_prone_annotations-2.11.0.jar;D:\Applications\Editors\TOOLS\apache-maven-3.9.6\repository\com\google\j2objc\j2objc-annotations\1.3\j2objc-annotations-1.3.jar;D:\Applications\Editors\TOOLS\apache-maven-3.9.6\repository\cn\dev33\sa-token-core\1.37.0\sa-token-core-1.37.0.jar;D:\Applications\Editors\TOOLS\apache-maven-3.9.6\repository\com\baomidou\mybatis-plus-spring-boot3-starter\3.5.4.1\mybatis-plus-spring-boot3-starter-3.5.4.1.jar;D:\Applications\Editors\TOOLS\apache-maven-3.9.6\repository\com\baomidou\mybatis-plus\3.5.4.1\mybatis-plus-3.5.4.1.jar;D:\Applications\Editors\TOOLS\apache-maven-3.9.6\repository\com\baomidou\mybatis-plus-core\3.5.4.1\mybatis-plus-core-3.5.4.1.jar;D:\Applications\Editors\TOOLS\apache-maven-3.9.6\repository\com\baomidou\mybatis-plus-annotation\3.5.4.1\mybatis-plus-annotation-3.5.4.1.jar;D:\Applications\Editors\TOOLS\apache-maven-3.9.6\repository\com\baomidou\mybatis-plus-extension\3.5.4.1\mybatis-plus-extension-3.5.4.1.jar;D:\Applications\Editors\TOOLS\apache-maven-3.9.6\repository\org\mybatis\mybatis\3.5.13\mybatis-3.5.13.jar;D:\Applications\Editors\TOOLS\apache-maven-3.9.6\repository\com\github\jsqlparser\jsqlparser\4.6\jsqlparser-4.6.jar;D:\Applications\Editors\TOOLS\apache-maven-3.9.6\repository\org\mybatis\mybatis-spring\3.0.2\mybatis-spring-3.0.2.jar;D:\Applications\Editors\TOOLS\apache-maven-3.9.6\repository\com\baomidou\mybatis-plus-spring-boot-autoconfigure\3.5.4.1\mybatis-plus-spring-boot-autoconfigure-3.5.4.1.jar;D:\Applications\Editors\TOOLS\apache-maven-3.9.6\repository\org\springframework\boot\spring-boot-autoconfigure\3.1.2\spring-boot-autoconfigure-3.1.2.jar;D:\Applications\Editors\TOOLS\apache-maven-3.9.6\repository\org\springframework\boot\spring-boot-starter-jdbc\3.1.2\spring-boot-starter-jdbc-3.1.2.jar;D:\Applications\Editors\TOOLS\apache-maven-3.9.6\repository\com\zaxxer\HikariCP\5.0.1\HikariCP-5.0.1.jar;D:\Applications\Editors\TOOLS\apache-maven-3.9.6\repository\org\springframework\spring-jdbc\6.0.11\spring-jdbc-6.0.11.jar;D:\Applications\Editors\TOOLS\apache-maven-3.9.6\repository\org\mariadb\jdbc\mariadb-java-client\3.1.4\mariadb-java-client-3.1.4.jar;D:\Applications\Editors\TOOLS\apache-maven-3.9.6\repository\com\github\waffle\waffle-jna\3.2.0\waffle-jna-3.2.0.jar;D:\Applications\Editors\TOOLS\apache-maven-3.9.6\repository\net\java\dev\jna\jna\5.12.1\jna-5.12.1.jar;D:\Applications\Editors\TOOLS\apache-maven-3.9.6\repository\net\java\dev\jna\jna-platform\5.12.1\jna-platform-5.12.1.jar;D:\Applications\Editors\TOOLS\apache-maven-3.9.6\repository\org\slf4j\jcl-over-slf4j\2.0.7\jcl-over-slf4j-2.0.7.jar;D:\Applications\Editors\TOOLS\apache-maven-3.9.6\repository\com\github\ben-manes\caffeine\caffeine\3.1.6\caffeine-3.1.6.jar;"/>
    <property name="sun.cpu.endian" value="little"/>
    <property name="user.home" value="C:\Users\l"/>
    <property name="user.language" value="zh"/>
    <property name="java.specification.vendor" value="Oracle Corporation"/>
    <property name="java.version.date" value="2024-04-16"/>
    <property name="java.home" value="D:\Applications\Editors\Languages\JDK\jdk-17"/>
    <property name="file.separator" value="\"/>
    <property name="basedir" value="D:\Files\Code\CoursesProjects\SoftwareTestPlatform\test-targets\Microservices\chat-service"/>
    <property name="java.vm.compressedOopsMode" value="Zero based"/>
    <property name="line.separator" value="&#10;"/>
    <property name="java.vm.specification.vendor" value="Oracle Corporation"/>
    <property name="java.specification.name" value="Java Platform API Specification"/>
    <property name="FILE_LOG_CHARSET" value="GBK"/>
    <property name="java.awt.headless" value="true"/>
    <property name="surefire.real.class.path" value="C:\Users\l\AppData\Local\Temp\surefire3419921962918064111\surefirebooter-20240624130534672_3.jar"/>
    <property name="user.script" value=""/>
    <property name="sun.management.compiler" value="HotSpot 64-Bit Tiered Compilers"/>
    <property name="java.runtime.version" value="17.0.11+7-LTS-207"/>
    <property name="user.name" value="l"/>
    <property name="path.separator" value=";"/>
    <property name="os.version" value="10.0"/>
    <property name="java.runtime.name" value="Java(TM) SE Runtime Environment"/>
    <property name="file.encoding" value="GBK"/>
    <property name="java.vm.name" value="Java HotSpot(TM) 64-Bit Server VM"/>
    <property name="localRepository" value="D:\Applications\Editors\TOOLS\apache-maven-3.9.6\repository"/>
    <property name="java.vendor.url.bug" value="https://bugreport.java.com/bugreport/"/>
    <property name="java.io.tmpdir" value="C:\Users\l\AppData\Local\Temp\"/>
    <property name="java.version" value="17.0.11"/>
    <property name="user.dir" value="D:\Files\Code\CoursesProjects\SoftwareTestPlatform\test-targets\Microservices\chat-service"/>
    <property name="os.arch" value="amd64"/>
    <property name="java.vm.specification.name" value="Java Virtual Machine Specification"/>
    <property name="PID" value="45980"/>
    <property name="sun.os.patch.level" value=""/>
    <property name="CONSOLE_LOG_CHARSET" value="GBK"/>
    <property name="native.encoding" value="GBK"/>
    <property name="java.library.path" value="D:\Applications\Editors\Languages\JDK\jdk-17\bin;C:\Windows\Sun\Java\bin;C:\Windows\system32;C:\Windows;D:\Applications\Editors\Anaconda3\condabin;D:\Program Files\NVIDIA GPU Computing Toolkit\CUDA\v11.8\bin;D:\Program Files\NVIDIA GPU Computing Toolkit\CUDA\v11.8\libnvvp;D:\Applications\virtualMachines\VMware\VMware Workstation\bin\;D:\Applications\Editors\Languages\Python\Scripts\;D:\Applications\Editors\Languages\Python\;D:\Program Files\PlasticSCM5\server;D:\Program Files\PlasticSCM5\client;C:\Windows\system32;C:\Windows;C:\Windows\System32\Wbem;C:\Windows\System32\WindowsPowerShell\v1.0\;C:\Windows\System32\OpenSSH\;C:\Program Files (x86)\NVIDIA Corporation\PhysX\Common;C:\Program Files\NVIDIA Corporation\NVIDIA NvDLISR;C:\Program Files\Microsoft SQL Server\150\Tools\Binn\;C:\Program Files\Microsoft SQL Server\Client SDK\ODBC\170\Tools\Binn\;C:\Program Files\dotnet\;D:\Windows Kits\10\Windows Performance Toolkit\;D:\Applications\Editors\nodejs\;D:\Applications\Editors\nodejs\node_global\node_modules;D:\Applications\Editors\Languages\CMake\bin;D:\Applications\Editors\mingw64\bin;D:\Program Files\Git LFS;D:\Applications\Editors\Anaconda3;D:\Applications\Editors\Anaconda3\Scripts;D:\Applications\Editors\Anaconda3\Library\bin;D:\Applications\Editors\Anaconda3\Library\mingw-w64\bin;D:\Applications\Editors\Anaconda3\Library\usr\bin;;D:\Applications\Editors\Languages\JDK\jdk-17\bin;D:\Applications\Editors\TOOLS\apache-maven-3.9.6\bin;C:\Program Files\NVIDIA Corporation\Nsight Compute 2022.3.0\;D:\Applications\Tools\chromedriver_win32;C:\Program Files\Docker\Docker\resources\bin;D:\Program Files\Git\cmd;C:\Users\l\AppData\Local\Microsoft\WindowsApps;D:\Applications\Microsoft VS Code\bin;C:\Users\l\.dotnet\tools;D:\Applications\Editors\PyCharm Community Edition 2023.3.4\bin;;D:\Applications\Editors\nodejs\node_global;D:\Applications\Editors\JetBrains\IntelliJ IDEA 2023.3.6\bin;;;D:\Applications\Editors\JetBrains\PyCharm 2023.2.6\bin;;D:\Applications\Editors\modeltech\win64;."/>
    <property name="java.vm.info" value="mixed mode, sharing"/>
    <property name="java.vendor" value="Oracle Corporation"/>
    <property name="java.vm.version" value="17.0.11+7-LTS-207"/>
    <property name="sun.io.unicode.encoding" value="UnicodeLittle"/>
    <property name="java.class.version" value="61.0"/>
  </properties>
  <testcase name="contextLoads" classname="com.tongji.microservice.teamsphere.TeamsphereChatApplicationTests" time="0.0">
    <error message="Failed to load ApplicationContext for [WebMergedContextConfiguration@10264cb0 testClass = com.tongji.microservice.teamsphere.TeamsphereChatApplicationTests, locations = [], classes = [com.tongji.microservice.teamsphere.chatservice.TeamsphereChatApplication], contextInitializerClasses = [], activeProfiles = [], propertySourceLocations = [], propertySourceProperties = [&quot;org.springframework.boot.test.context.SpringBootTestContextBootstrapper=true&quot;], contextCustomizers = [org.springframework.boot.test.context.filter.ExcludeFilterContextCustomizer@7b7683d4, org.springframework.boot.test.json.DuplicateJsonObjectContextCustomizerFactory$DuplicateJsonObjectContextCustomizer@3f92a84e, org.springframework.boot.test.mock.mockito.MockitoContextCustomizer@0, org.springframework.boot.test.web.client.TestRestTemplateContextCustomizer@523d6bdb, org.springframework.boot.test.autoconfigure.actuate.observability.ObservabilityContextCustomizerFactory$DisableObservabilityContextCustomizer@1f, org.springframework.boot.test.autoconfigure.properties.PropertyMappingContextCustomizer@0, org.springframework.boot.test.autoconfigure.web.servlet.WebDriverContextCustomizerFactory$Customizer@4c2fb9dd, org.springframework.boot.test.context.SpringBootTestAnnotation@11f80278], resourceBasePath = &quot;src/main/webapp&quot;, contextLoader = org.springframework.boot.test.context.SpringBootContextLoader, parent = null]" type="java.lang.IllegalStateException"><![CDATA[java.lang.IllegalStateException: Failed to load ApplicationContext for [WebMergedContextConfiguration@10264cb0 testClass = com.tongji.microservice.teamsphere.TeamsphereChatApplicationTests, locations = [], classes = [com.tongji.microservice.teamsphere.chatservice.TeamsphereChatApplication], contextInitializerClasses = [], activeProfiles = [], propertySourceLocations = [], propertySourceProperties = ["org.springframework.boot.test.context.SpringBootTestContextBootstrapper=true"], contextCustomizers = [org.springframework.boot.test.context.filter.ExcludeFilterContextCustomizer@7b7683d4, org.springframework.boot.test.json.DuplicateJsonObjectContextCustomizerFactory$DuplicateJsonObjectContextCustomizer@3f92a84e, org.springframework.boot.test.mock.mockito.MockitoContextCustomizer@0, org.springframework.boot.test.web.client.TestRestTemplateContextCustomizer@523d6bdb, org.springframework.boot.test.autoconfigure.actuate.observability.ObservabilityContextCustomizerFactory$DisableObservabilityContextCustomizer@1f, org.springframework.boot.test.autoconfigure.properties.PropertyMappingContextCustomizer@0, org.springframework.boot.test.autoconfigure.web.servlet.WebDriverContextCustomizerFactory$Customizer@4c2fb9dd, org.springframework.boot.test.context.SpringBootTestAnnotation@11f80278], resourceBasePath = "src/main/webapp", contextLoader = org.springframework.boot.test.context.SpringBootContextLoader, parent = null]
	at org.springframework.test.context.cache.DefaultCacheAwareContextLoaderDelegate.loadContext(DefaultCacheAwareContextLoaderDelegate.java:143)
	at org.springframework.test.context.support.DefaultTestContext.getApplicationContext(DefaultTestContext.java:127)
	at org.springframework.test.context.web.ServletTestExecutionListener.setUpRequestContextIfNecessary(ServletTestExecutionListener.java:191)
	at org.springframework.test.context.web.ServletTestExecutionListener.prepareTestInstance(ServletTestExecutionListener.java:130)
	at org.springframework.test.context.TestContextManager.prepareTestInstance(TestContextManager.java:241)
	at org.springframework.test.context.junit.jupiter.SpringExtension.postProcessTestInstance(SpringExtension.java:138)
	at org.junit.jupiter.engine.descriptor.ClassBasedTestDescriptor.lambda$invokeTestInstancePostProcessors$10(ClassBasedTestDescriptor.java:377)
	at org.junit.jupiter.engine.descriptor.ClassBasedTestDescriptor.executeAndMaskThrowable(ClassBasedTestDescriptor.java:382)
	at org.junit.jupiter.engine.descriptor.ClassBasedTestDescriptor.lambda$invokeTestInstancePostProcessors$11(ClassBasedTestDescriptor.java:377)
	at java.base/java.util.stream.ReferencePipeline$3$1.accept(ReferencePipeline.java:197)
	at java.base/java.util.stream.ReferencePipeline$2$1.accept(ReferencePipeline.java:179)
	at java.base/java.util.ArrayList$ArrayListSpliterator.forEachRemaining(ArrayList.java:1625)
	at java.base/java.util.stream.AbstractPipeline.copyInto(AbstractPipeline.java:509)
	at java.base/java.util.stream.AbstractPipeline.wrapAndCopyInto(AbstractPipeline.java:499)
	at java.base/java.util.stream.StreamSpliterators$WrappingSpliterator.forEachRemaining(StreamSpliterators.java:310)
	at java.base/java.util.stream.Streams$ConcatSpliterator.forEachRemaining(Streams.java:735)
	at java.base/java.util.stream.Streams$ConcatSpliterator.forEachRemaining(Streams.java:734)
	at java.base/java.util.stream.ReferencePipeline$Head.forEach(ReferencePipeline.java:762)
	at org.junit.jupiter.engine.descriptor.ClassBasedTestDescriptor.invokeTestInstancePostProcessors(ClassBasedTestDescriptor.java:376)
	at org.junit.jupiter.engine.descriptor.ClassBasedTestDescriptor.lambda$instantiateAndPostProcessTestInstance$6(ClassBasedTestDescriptor.java:289)
	at org.junit.platform.engine.support.hierarchical.ThrowableCollector.execute(ThrowableCollector.java:73)
	at org.junit.jupiter.engine.descriptor.ClassBasedTestDescriptor.instantiateAndPostProcessTestInstance(ClassBasedTestDescriptor.java:288)
	at org.junit.jupiter.engine.descriptor.ClassBasedTestDescriptor.lambda$testInstancesProvider$4(ClassBasedTestDescriptor.java:278)
	at java.base/java.util.Optional.orElseGet(Optional.java:364)
	at org.junit.jupiter.engine.descriptor.ClassBasedTestDescriptor.lambda$testInstancesProvider$5(ClassBasedTestDescriptor.java:277)
	at org.junit.jupiter.engine.execution.TestInstancesProvider.getTestInstances(TestInstancesProvider.java:31)
	at org.junit.jupiter.engine.descriptor.TestMethodTestDescriptor.lambda$prepare$0(TestMethodTestDescriptor.java:105)
	at org.junit.platform.engine.support.hierarchical.ThrowableCollector.execute(ThrowableCollector.java:73)
	at org.junit.jupiter.engine.descriptor.TestMethodTestDescriptor.prepare(TestMethodTestDescriptor.java:104)
	at org.junit.jupiter.engine.descriptor.TestMethodTestDescriptor.prepare(TestMethodTestDescriptor.java:68)
	at org.junit.platform.engine.support.hierarchical.NodeTestTask.lambda$prepare$2(NodeTestTask.java:123)
	at org.junit.platform.engine.support.hierarchical.ThrowableCollector.execute(ThrowableCollector.java:73)
	at org.junit.platform.engine.support.hierarchical.NodeTestTask.prepare(NodeTestTask.java:123)
	at org.junit.platform.engine.support.hierarchical.NodeTestTask.execute(NodeTestTask.java:90)
	at java.base/java.util.ArrayList.forEach(ArrayList.java:1511)
	at org.junit.platform.engine.support.hierarchical.SameThreadHierarchicalTestExecutorService.invokeAll(SameThreadHierarchicalTestExecutorService.java:41)
	at org.junit.platform.engine.support.hierarchical.NodeTestTask.lambda$executeRecursively$6(NodeTestTask.java:155)
	at org.junit.platform.engine.support.hierarchical.ThrowableCollector.execute(ThrowableCollector.java:73)
	at org.junit.platform.engine.support.hierarchical.NodeTestTask.lambda$executeRecursively$8(NodeTestTask.java:141)
	at org.junit.platform.engine.support.hierarchical.Node.around(Node.java:137)
	at org.junit.platform.engine.support.hierarchical.NodeTestTask.lambda$executeRecursively$9(NodeTestTask.java:139)
	at org.junit.platform.engine.support.hierarchical.ThrowableCollector.execute(ThrowableCollector.java:73)
	at org.junit.platform.engine.support.hierarchical.NodeTestTask.executeRecursively(NodeTestTask.java:138)
	at org.junit.platform.engine.support.hierarchical.NodeTestTask.execute(NodeTestTask.java:95)
	at java.base/java.util.ArrayList.forEach(ArrayList.java:1511)
	at org.junit.platform.engine.support.hierarchical.SameThreadHierarchicalTestExecutorService.invokeAll(SameThreadHierarchicalTestExecutorService.java:41)
	at org.junit.platform.engine.support.hierarchical.NodeTestTask.lambda$executeRecursively$6(NodeTestTask.java:155)
	at org.junit.platform.engine.support.hierarchical.ThrowableCollector.execute(ThrowableCollector.java:73)
	at org.junit.platform.engine.support.hierarchical.NodeTestTask.lambda$executeRecursively$8(NodeTestTask.java:141)
	at org.junit.platform.engine.support.hierarchical.Node.around(Node.java:137)
	at org.junit.platform.engine.support.hierarchical.NodeTestTask.lambda$executeRecursively$9(NodeTestTask.java:139)
	at org.junit.platform.engine.support.hierarchical.ThrowableCollector.execute(ThrowableCollector.java:73)
	at org.junit.platform.engine.support.hierarchical.NodeTestTask.executeRecursively(NodeTestTask.java:138)
	at org.junit.platform.engine.support.hierarchical.NodeTestTask.execute(NodeTestTask.java:95)
	at org.junit.platform.engine.support.hierarchical.SameThreadHierarchicalTestExecutorService.submit(SameThreadHierarchicalTestExecutorService.java:35)
	at org.junit.platform.engine.support.hierarchical.HierarchicalTestExecutor.execute(HierarchicalTestExecutor.java:57)
	at org.junit.platform.engine.support.hierarchical.HierarchicalTestEngine.execute(HierarchicalTestEngine.java:54)
	at org.junit.platform.launcher.core.EngineExecutionOrchestrator.execute(EngineExecutionOrchestrator.java:147)
	at org.junit.platform.launcher.core.EngineExecutionOrchestrator.execute(EngineExecutionOrchestrator.java:127)
	at org.junit.platform.launcher.core.EngineExecutionOrchestrator.execute(EngineExecutionOrchestrator.java:90)
	at org.junit.platform.launcher.core.EngineExecutionOrchestrator.lambda$execute$0(EngineExecutionOrchestrator.java:55)
	at org.junit.platform.launcher.core.EngineExecutionOrchestrator.withInterceptedStreams(EngineExecutionOrchestrator.java:102)
	at org.junit.platform.launcher.core.EngineExecutionOrchestrator.execute(EngineExecutionOrchestrator.java:54)
	at org.junit.platform.launcher.core.DefaultLauncher.execute(DefaultLauncher.java:114)
	at org.junit.platform.launcher.core.DefaultLauncher.execute(DefaultLauncher.java:86)
	at org.junit.platform.launcher.core.DefaultLauncherSession$DelegatingLauncher.execute(DefaultLauncherSession.java:86)
	at org.apache.maven.surefire.junitplatform.LazyLauncher.execute(LazyLauncher.java:56)
	at org.apache.maven.surefire.junitplatform.JUnitPlatformProvider.execute(JUnitPlatformProvider.java:184)
	at org.apache.maven.surefire.junitplatform.JUnitPlatformProvider.invokeAllTests(JUnitPlatformProvider.java:148)
	at org.apache.maven.surefire.junitplatform.JUnitPlatformProvider.invoke(JUnitPlatformProvider.java:122)
	at org.apache.maven.surefire.booter.ForkedBooter.runSuitesInProcess(ForkedBooter.java:385)
	at org.apache.maven.surefire.booter.ForkedBooter.execute(ForkedBooter.java:162)
	at org.apache.maven.surefire.booter.ForkedBooter.run(ForkedBooter.java:507)
	at org.apache.maven.surefire.booter.ForkedBooter.main(ForkedBooter.java:495)
Caused by: org.springframework.beans.factory.BeanCreationException: Error creating bean with name 'socketIOService': Invocation of init method failed
	at org.springframework.beans.factory.annotation.InitDestroyAnnotationBeanPostProcessor.postProcessBeforeInitialization(InitDestroyAnnotationBeanPostProcessor.java:222)
	at org.springframework.beans.factory.support.AbstractAutowireCapableBeanFactory.applyBeanPostProcessorsBeforeInitialization(AbstractAutowireCapableBeanFactory.java:419)
	at org.springframework.beans.factory.support.AbstractAutowireCapableBeanFactory.initializeBean(AbstractAutowireCapableBeanFactory.java:1762)
	at org.springframework.beans.factory.support.AbstractAutowireCapableBeanFactory.doCreateBean(AbstractAutowireCapableBeanFactory.java:598)
	at org.springframework.beans.factory.support.AbstractAutowireCapableBeanFactory.createBean(AbstractAutowireCapableBeanFactory.java:520)
	at org.springframework.beans.factory.support.AbstractBeanFactory.lambda$doGetBean$0(AbstractBeanFactory.java:326)
	at org.springframework.beans.factory.support.DefaultSingletonBeanRegistry.getSingleton(DefaultSingletonBeanRegistry.java:234)
	at org.springframework.beans.factory.support.AbstractBeanFactory.doGetBean(AbstractBeanFactory.java:324)
	at org.springframework.beans.factory.support.AbstractBeanFactory.getBean(AbstractBeanFactory.java:200)
	at org.springframework.beans.factory.support.DefaultListableBeanFactory.preInstantiateSingletons(DefaultListableBeanFactory.java:973)
	at org.springframework.context.support.AbstractApplicationContext.finishBeanFactoryInitialization(AbstractApplicationContext.java:942)
	at org.springframework.context.support.AbstractApplicationContext.refresh(AbstractApplicationContext.java:608)
	at org.springframework.boot.SpringApplication.refresh(SpringApplication.java:734)
	at org.springframework.boot.SpringApplication.refreshContext(SpringApplication.java:436)
	at org.springframework.boot.SpringApplication.run(SpringApplication.java:312)
	at org.springframework.boot.test.context.SpringBootContextLoader.lambda$loadContext$3(SpringBootContextLoader.java:137)
	at org.springframework.util.function.ThrowingSupplier.get(ThrowingSupplier.java:58)
	at org.springframework.util.function.ThrowingSupplier.get(ThrowingSupplier.java:46)
	at org.springframework.boot.SpringApplication.withHook(SpringApplication.java:1406)
	at org.springframework.boot.test.context.SpringBootContextLoader$ContextLoaderHook.run(SpringBootContextLoader.java:545)
	at org.springframework.boot.test.context.SpringBootContextLoader.loadContext(SpringBootContextLoader.java:137)
	at org.springframework.boot.test.context.SpringBootContextLoader.loadContext(SpringBootContextLoader.java:108)
	at org.springframework.test.context.cache.DefaultCacheAwareContextLoaderDelegate.loadContextInternal(DefaultCacheAwareContextLoaderDelegate.java:187)
	at org.springframework.test.context.cache.DefaultCacheAwareContextLoaderDelegate.loadContext(DefaultCacheAwareContextLoaderDelegate.java:119)
	... 73 more
Caused by: java.net.BindException: Address already in use: bind
	at java.base/sun.nio.ch.Net.bind0(Native Method)
	at java.base/sun.nio.ch.Net.bind(Net.java:555)
	at java.base/sun.nio.ch.ServerSocketChannelImpl.netBind(ServerSocketChannelImpl.java:337)
	at java.base/sun.nio.ch.ServerSocketChannelImpl.bind(ServerSocketChannelImpl.java:294)
	at io.netty.channel.socket.nio.NioServerSocketChannel.doBind(NioServerSocketChannel.java:141)
	at io.netty.channel.AbstractChannel$AbstractUnsafe.bind(AbstractChannel.java:562)
	at io.netty.channel.DefaultChannelPipeline$HeadContext.bind(DefaultChannelPipeline.java:1334)
	at io.netty.channel.AbstractChannelHandlerContext.invokeBind(AbstractChannelHandlerContext.java:600)
	at io.netty.channel.AbstractChannelHandlerContext.bind(AbstractChannelHandlerContext.java:579)
	at io.netty.channel.DefaultChannelPipeline.bind(DefaultChannelPipeline.java:973)
	at io.netty.channel.AbstractChannel.bind(AbstractChannel.java:260)
	at io.netty.bootstrap.AbstractBootstrap$2.run(AbstractBootstrap.java:356)
	at io.netty.util.concurrent.AbstractEventExecutor.runTask(AbstractEventExecutor.java:174)
	at io.netty.util.concurrent.AbstractEventExecutor.safeExecute(AbstractEventExecutor.java:167)
	at io.netty.util.concurrent.SingleThreadEventExecutor.runAllTasks(SingleThreadEventExecutor.java:470)
	at io.netty.channel.nio.NioEventLoop.run(NioEventLoop.java:569)
	at io.netty.util.concurrent.SingleThreadEventExecutor$4.run(SingleThreadEventExecutor.java:997)
	at io.netty.util.internal.ThreadExecutorMap$2.run(ThreadExecutorMap.java:74)
	at io.netty.util.concurrent.FastThreadLocalRunnable.run(FastThreadLocalRunnable.java:30)
	at java.base/java.lang.Thread.run(Thread.java:842)
]]></error>
    <system-out><![CDATA[2024-06-24T13:06:09.032+08:00  INFO 45980 --- [           main] d.s.b.c.e.WelcomeLogoApplicationListener :  [DUBBO] 

 :: Dubbo (v3.2.9) : https://github.com/apache/dubbo
 :: Discuss group : dev@dubbo.apache.org
, dubbo version: 3.2.9, current host: 192.168.220.1

  .   ____          _            __ _ _
 /\\ / ___'_ __ _ _(_)_ __  __ _ \ \ \ \
( ( )\___ | '_ | '_| | '_ \/ _` | \ \ \ \
 \\/  ___)| |_)| | | | | || (_| |  ) ) ) )
  '  |____| .__|_| |_|_| |_\__, | / / / /
 =========|_|==============|___/=/_/_/_/
 :: Spring Boot ::                (v3.1.2)

2024-06-24T13:06:09.284+08:00  INFO 45980 --- [           main] c.t.m.t.TeamsphereChatApplicationTests   : Starting TeamsphereChatApplicationTests using Java 17.0.11 with PID 45980 (started by l in D:\Files\Code\CoursesProjects\SoftwareTestPlatform\test-targets\Microservices\chat-service)
2024-06-24T13:06:09.287+08:00  INFO 45980 --- [           main] c.t.m.t.TeamsphereChatApplicationTests   : No active profile set, falling back to 1 default profile: "default"
2024-06-24T13:06:11.173+08:00  INFO 45980 --- [           main] o.apache.dubbo.rpc.model.FrameworkModel  :  [DUBBO] Dubbo Framework[1] is created, dubbo version: 3.2.9, current host: 192.168.220.1
2024-06-24T13:06:11.204+08:00  INFO 45980 --- [           main] o.a.d.c.r.GlobalResourcesRepository      :  [DUBBO] Creating global shared handler ..., dubbo version: 3.2.9, current host: 192.168.220.1
2024-06-24T13:06:11.387+08:00  INFO 45980 --- [           main] o.a.dubbo.rpc.model.ApplicationModel     :  [DUBBO] Dubbo Application[1.0](unknown) is created, dubbo version: 3.2.9, current host: 192.168.220.1
2024-06-24T13:06:11.403+08:00  INFO 45980 --- [           main] org.apache.dubbo.rpc.model.ScopeModel    :  [DUBBO] Dubbo Module[1.0.0] is created, dubbo version: 3.2.9, current host: 192.168.220.1
2024-06-24T13:06:11.532+08:00  INFO 45980 --- [           main] o.a.d.c.context.AbstractConfigManager    :  [DUBBO] Config settings: {dubbo.config.mode=STRICT, dubbo.config.ignore-duplicated-interface=false}, dubbo version: 3.2.9, current host: 192.168.220.1
2024-06-24T13:06:11.532+08:00  INFO 45980 --- [           main] o.a.d.c.context.AbstractConfigManager    :  [DUBBO] Config settings: {dubbo.config.mode=STRICT, dubbo.config.ignore-duplicated-interface=false}, dubbo version: 3.2.9, current host: 192.168.220.1
2024-06-24T13:06:11.561+08:00  INFO 45980 --- [           main] o.a.d.c.utils.SerializeSecurityManager   :  [DUBBO] Serialize check serializable: true, dubbo version: 3.2.9, current host: 192.168.220.1
2024-06-24T13:06:11.561+08:00  INFO 45980 --- [           main] o.a.d.c.u.SerializeSecurityConfigurator  :  [DUBBO] Read serialize allow list from jar:file:/D:/Applications/Editors/TOOLS/apache-maven-3.9.6/repository/org/apache/dubbo/dubbo/3.2.9/dubbo-3.2.9.jar!/security/serialize.allowlist, dubbo version: 3.2.9, current host: 192.168.220.1
2024-06-24T13:06:11.653+08:00  INFO 45980 --- [           main] o.a.d.c.u.SerializeSecurityConfigurator  :  [DUBBO] Read serialize blocked list from jar:file:/D:/Applications/Editors/TOOLS/apache-maven-3.9.6/repository/org/apache/dubbo/dubbo/3.2.9/dubbo-3.2.9.jar!/security/serialize.blockedlist, dubbo version: 3.2.9, current host: 192.168.220.1
2024-06-24T13:06:12.101+08:00  INFO 45980 --- [           main] o.a.dubbo.rpc.model.ApplicationModel     :  [DUBBO] Dubbo Application[1.1](unknown) is created, dubbo version: 3.2.9, current host: 192.168.220.1
2024-06-24T13:06:12.101+08:00  INFO 45980 --- [           main] org.apache.dubbo.rpc.model.ScopeModel    :  [DUBBO] Dubbo Module[1.1.0] is created, dubbo version: 3.2.9, current host: 192.168.220.1
2024-06-24T13:06:12.116+08:00  INFO 45980 --- [           main] o.a.d.c.context.AbstractConfigManager    :  [DUBBO] Config settings: {dubbo.config.mode=STRICT, dubbo.config.ignore-duplicated-interface=false}, dubbo version: 3.2.9, current host: 192.168.220.1
2024-06-24T13:06:12.116+08:00  INFO 45980 --- [           main] o.a.d.c.context.AbstractConfigManager    :  [DUBBO] Config settings: {dubbo.config.mode=STRICT, dubbo.config.ignore-duplicated-interface=false}, dubbo version: 3.2.9, current host: 192.168.220.1
2024-06-24T13:06:12.138+08:00  INFO 45980 --- [           main] o.a.d.c.u.SerializeSecurityConfigurator  :  [DUBBO] Read serialize allow list from jar:file:/D:/Applications/Editors/TOOLS/apache-maven-3.9.6/repository/org/apache/dubbo/dubbo/3.2.9/dubbo-3.2.9.jar!/security/serialize.allowlist, dubbo version: 3.2.9, current host: 192.168.220.1
2024-06-24T13:06:12.138+08:00  INFO 45980 --- [           main] o.a.d.c.u.SerializeSecurityConfigurator  :  [DUBBO] Read serialize blocked list from jar:file:/D:/Applications/Editors/TOOLS/apache-maven-3.9.6/repository/org/apache/dubbo/dubbo/3.2.9/dubbo-3.2.9.jar!/security/serialize.blockedlist, dubbo version: 3.2.9, current host: 192.168.220.1
2024-06-24T13:06:12.163+08:00  INFO 45980 --- [           main] o.a.d.c.s.c.DubboSpringInitializer       :  [DUBBO] Use default application: Dubbo Application[1.1](unknown), dubbo version: 3.2.9, current host: 192.168.220.1
2024-06-24T13:06:12.163+08:00  INFO 45980 --- [           main] org.apache.dubbo.rpc.model.ScopeModel    :  [DUBBO] Dubbo Module[1.1.1] is created, dubbo version: 3.2.9, current host: 192.168.220.1
2024-06-24T13:06:12.179+08:00  INFO 45980 --- [           main] o.a.d.c.context.AbstractConfigManager    :  [DUBBO] Config settings: {dubbo.config.mode=STRICT, dubbo.config.ignore-duplicated-interface=false}, dubbo version: 3.2.9, current host: 192.168.220.1
2024-06-24T13:06:12.179+08:00  INFO 45980 --- [           main] o.a.d.c.u.SerializeSecurityConfigurator  :  [DUBBO] Read serialize allow list from jar:file:/D:/Applications/Editors/TOOLS/apache-maven-3.9.6/repository/org/apache/dubbo/dubbo/3.2.9/dubbo-3.2.9.jar!/security/serialize.allowlist, dubbo version: 3.2.9, current host: 192.168.220.1
2024-06-24T13:06:12.179+08:00  INFO 45980 --- [           main] o.a.d.c.u.SerializeSecurityConfigurator  :  [DUBBO] Read serialize blocked list from jar:file:/D:/Applications/Editors/TOOLS/apache-maven-3.9.6/repository/org/apache/dubbo/dubbo/3.2.9/dubbo-3.2.9.jar!/security/serialize.blockedlist, dubbo version: 3.2.9, current host: 192.168.220.1
2024-06-24T13:06:12.199+08:00  INFO 45980 --- [           main] o.a.d.c.s.c.DubboSpringInitializer       :  [DUBBO] Use default module model of target application: Dubbo Module[1.1.1], dubbo version: 3.2.9, current host: 192.168.220.1
2024-06-24T13:06:12.200+08:00  INFO 45980 --- [           main] o.a.d.c.s.c.DubboSpringInitializer       :  [DUBBO] Bind Dubbo Module[1.1.1] to spring container: org.springframework.beans.factory.support.DefaultListableBeanFactory@35bfa1bb, dubbo version: 3.2.9, current host: 192.168.220.1
2024-06-24T13:06:13.012+08:00  INFO 45980 --- [           main] .s.d.r.c.RepositoryConfigurationDelegate : Bootstrapping Spring Data MongoDB repositories in DEFAULT mode.
2024-06-24T13:06:13.089+08:00  INFO 45980 --- [           main] .s.d.r.c.RepositoryConfigurationDelegate : Finished Spring Data repository scanning in 49 ms. Found 0 MongoDB repository interfaces.
2024-06-24T13:06:13.421+08:00  INFO 45980 --- [           main] c.s.b.f.a.ServiceAnnotationPostProcessor :  [DUBBO] BeanNameGenerator bean can't be found in BeanFactory with name [org.springframework.context.annotation.internalConfigurationBeanNameGenerator], dubbo version: 3.2.9, current host: 192.168.220.1
2024-06-24T13:06:13.422+08:00  INFO 45980 --- [           main] c.s.b.f.a.ServiceAnnotationPostProcessor :  [DUBBO] BeanNameGenerator will be a instance of org.springframework.context.annotation.AnnotationBeanNameGenerator , it maybe a potential problem on bean name generation., dubbo version: 3.2.9, current host: 192.168.220.1
2024-06-24T13:06:13.444+08:00  INFO 45980 --- [           main] c.s.b.f.a.ServiceAnnotationPostProcessor :  [DUBBO] Found 1 classes annotated by Dubbo @Service under package [com.tongji.microservice.teamsphere.chatservice]: [com.tongji.microservice.teamsphere.chatservice.impl.ChatServiceImpl], dubbo version: 3.2.9, current host: 192.168.220.1
2024-06-24T13:06:13.504+08:00  INFO 45980 --- [           main] c.s.b.f.a.ServiceAnnotationPostProcessor :  [DUBBO] Register ServiceBean[ServiceBean:com.tongji.microservice.teamsphere.dubbo.api.ChatService::]: Root bean: class [org.apache.dubbo.config.spring.ServiceBean]; scope=; abstract=false; lazyInit=null; autowireMode=3; dependencyCheck=0; autowireCandidate=true; primary=false; factoryBeanName=null; factoryMethodName=null; initMethodNames=null; destroyMethodNames=null, dubbo version: 3.2.9, current host: 192.168.220.1
2024-06-24T13:06:14.186+08:00  INFO 45980 --- [           main] f.a.ReferenceAnnotationBeanPostProcessor :  [DUBBO] Register dubbo reference bean: userService = ReferenceBean:com.tongji.microservice.teamsphere.dubbo.api.UserService(check=false) at private com.tongji.microservice.teamsphere.dubbo.api.UserService com.tongji.microservice.teamsphere.chatservice.socketio.SocketIOService.userService, dubbo version: 3.2.9, current host: 192.168.220.1
2024-06-24T13:06:14.186+08:00  INFO 45980 --- [           main] f.a.ReferenceAnnotationBeanPostProcessor :  [DUBBO] Register dubbo reference bean: chatService = ReferenceBean:com.tongji.microservice.teamsphere.dubbo.api.ChatService(check=false) at private com.tongji.microservice.teamsphere.dubbo.api.ChatService com.tongji.microservice.teamsphere.chatservice.socketio.SocketIOService.chatService, dubbo version: 3.2.9, current host: 192.168.220.1
2024-06-24T13:06:15.481+08:00  INFO 45980 --- [           main] f.a.ReferenceAnnotationBeanPostProcessor :  [DUBBO] class org.apache.dubbo.config.spring.beans.factory.annotation.ReferenceAnnotationBeanPostProcessor was destroying!, dubbo version: 3.2.9, current host: 192.168.220.1
2024-06-24T13:06:15.735+08:00  INFO 45980 --- [           main] o.a.d.c.s.c.DubboConfigBeanInitializer   :  [DUBBO] loading dubbo config beans ..., dubbo version: 3.2.9, current host: 192.168.220.1
2024-06-24T13:06:15.741+08:00  INFO 45980 --- [           main] o.a.d.c.s.c.DubboConfigBeanInitializer   :  [DUBBO] dubbo config beans are loaded., dubbo version: 3.2.9, current host: 192.168.220.1
2024-06-24T13:06:16.010+08:00  INFO 45980 --- [           main] o.a.d.c.d.DefaultApplicationDeployer     :  [DUBBO] No value is configured in the registry, the DynamicConfigurationFactory extension[name : nacos] supports as the config center, dubbo version: 3.2.9, current host: 192.168.220.1
2024-06-24T13:06:16.015+08:00  INFO 45980 --- [           main] o.a.d.c.d.DefaultApplicationDeployer     :  [DUBBO] The registry[<dubbo:registry port="8848" group="DEFAULT_GROUP" address="nacos://101.42.49.89:8848" protocol="nacos" />] will be used as the config center, dubbo version: 3.2.9, current host: 192.168.220.1
2024-06-24T13:06:16.030+08:00  INFO 45980 --- [           main] o.a.d.c.d.DefaultApplicationDeployer     :  [DUBBO] use registry as config-center: <dubbo:config-center namespace="DEFAULT_GROUP" group="DEFAULT_GROUP" highestPriority="false" id="config-center-nacos-101.42.49.89-8848" address="nacos://101.42.49.89:8848" protocol="nacos" port="8848" parameters="{client=null}" />, dubbo version: 3.2.9, current host: 192.168.220.1
2024-06-24T13:06:16.142+08:00  WARN 45980 --- [           main] c.a.nacos.client.logging.NacosLogging    : Load Logback Configuration of Nacos fail, message: Could not initialize Logback Nacos logging from classpath:nacos-logback.xml
2024-06-24T13:06:16.145+08:00  INFO 45980 --- [           main] c.alibaba.nacos.client.utils.ParamUtil   : [settings] [req-serv] nacos-server port:8848
2024-06-24T13:06:16.145+08:00  INFO 45980 --- [           main] c.alibaba.nacos.client.utils.ParamUtil   : [settings] [http-client] connect timeout:1000
2024-06-24T13:06:16.155+08:00  INFO 45980 --- [           main] c.alibaba.nacos.client.utils.ParamUtil   : PER_TASK_CONFIG_SIZE: 3000.0
2024-06-24T13:06:16.241+08:00  INFO 45980 --- [           main] c.a.n.p.a.s.c.ClientAuthPluginManager    : [ClientAuthPluginManager] Load ClientAuthService com.alibaba.nacos.client.auth.impl.NacosClientAuthServiceImpl success.
2024-06-24T13:06:16.242+08:00  INFO 45980 --- [           main] c.a.n.p.a.s.c.ClientAuthPluginManager    : [ClientAuthPluginManager] Load ClientAuthService com.alibaba.nacos.client.auth.ram.RamClientAuthServiceImpl success.
2024-06-24T13:06:16.251+08:00  INFO 45980 --- [           main] c.a.n.c.a.r.identify.CredentialWatcher   : null No credential found
2024-06-24T13:06:16.266+08:00  INFO 45980 --- [           main] com.alibaba.nacos.common.remote.client   : [RpcClientFactory] create a new rpc client of 996c5ca7-db93-437d-a72b-81fb485da428_config-0
2024-06-24T13:06:16.329+08:00  INFO 45980 --- [           main] com.alibaba.nacos.common.remote.client   : [996c5ca7-db93-437d-a72b-81fb485da428_config-0] Register server push request handler:com.alibaba.nacos.client.config.impl.ClientWorker$ConfigRpcTransportClient$$Lambda$1159/0x0000026be3660848
2024-06-24T13:06:16.329+08:00  INFO 45980 --- [           main] com.alibaba.nacos.common.remote.client   : [996c5ca7-db93-437d-a72b-81fb485da428_config-0] Register server push request handler:com.alibaba.nacos.client.config.impl.ClientWorker$ConfigRpcTransportClient$$Lambda$1160/0x0000026be3660c68
2024-06-24T13:06:16.329+08:00  INFO 45980 --- [           main] com.alibaba.nacos.common.remote.client   : [996c5ca7-db93-437d-a72b-81fb485da428_config-0] Registry connection listener to current client:com.alibaba.nacos.client.config.impl.ClientWorker$ConfigRpcTransportClient$1
2024-06-24T13:06:16.329+08:00  INFO 45980 --- [           main] com.alibaba.nacos.common.remote.client   : [996c5ca7-db93-437d-a72b-81fb485da428_config-0] RpcClient init, ServerListFactory = com.alibaba.nacos.client.config.impl.ClientWorker$ConfigRpcTransportClient$2
2024-06-24T13:06:16.345+08:00  INFO 45980 --- [           main] com.alibaba.nacos.common.remote.client   : [996c5ca7-db93-437d-a72b-81fb485da428_config-0] Try to connect to server on start up, server: {serverIp = '101.42.49.89', server main port = 8848}
2024-06-24T13:06:16.452+08:00  INFO 45980 --- [           main] c.a.n.c.remote.client.grpc.GrpcClient    : grpc client connection server:101.42.49.89 ip,serverPort:9848,grpcTslConfig:{"sslProvider":"OPENSSL","enableTls":false,"mutualAuthEnable":false,"trustAll":false}
2024-06-24T13:06:19.893+08:00  INFO 45980 --- [           main] com.alibaba.nacos.common.remote.client   : [996c5ca7-db93-437d-a72b-81fb485da428_config-0] Success to connect to server [101.42.49.89:8848] on start up, connectionId = 1719205577019_111.187.10.133_57376
2024-06-24T13:06:19.893+08:00  INFO 45980 --- [t.remote.worker] com.alibaba.nacos.common.remote.client   : [996c5ca7-db93-437d-a72b-81fb485da428_config-0] Notify connected event to listeners.
2024-06-24T13:06:19.893+08:00  INFO 45980 --- [           main] com.alibaba.nacos.common.remote.client   : [996c5ca7-db93-437d-a72b-81fb485da428_config-0] Register server push request handler:com.alibaba.nacos.common.remote.client.RpcClient$ConnectResetRequestHandler
2024-06-24T13:06:19.893+08:00  INFO 45980 --- [t.remote.worker] c.a.n.client.config.impl.ClientWorker    : [996c5ca7-db93-437d-a72b-81fb485da428_config-0] Connected,notify listen context...
2024-06-24T13:06:19.893+08:00  INFO 45980 --- [           main] com.alibaba.nacos.common.remote.client   : [996c5ca7-db93-437d-a72b-81fb485da428_config-0] Register server push request handler:com.alibaba.nacos.common.remote.client.RpcClient$$Lambda$1176/0x0000026be37a4120
2024-06-24T13:06:19.925+08:00  INFO 45980 --- [           main] c.a.n.c.c.impl.LocalConfigInfoProcessor  : LOCAL_SNAPSHOT_PATH:C:\Users\l\nacos\config
2024-06-24T13:06:20.066+08:00  INFO 45980 --- [           main] c.a.nacos.client.config.impl.Limiter     : limitTime:5.0
2024-06-24T13:06:20.226+08:00  INFO 45980 --- [           main] o.a.d.common.config.ConfigurationUtils   :  [DUBBO] Config center was specified, but no config item found., dubbo version: 3.2.9, current host: 192.168.220.1
2024-06-24T13:06:20.235+08:00  INFO 45980 --- [           main] o.a.d.common.config.ConfigurationUtils   :  [DUBBO] Config center was specified, but no config item found., dubbo version: 3.2.9, current host: 192.168.220.1
2024-06-24T13:06:20.319+08:00  INFO 45980 --- [           main] o.a.dubbo.config.context.ConfigManager   :  [DUBBO] The current configurations or effective configurations are as follows:, dubbo version: 3.2.9, current host: 192.168.220.1
2024-06-24T13:06:20.319+08:00  INFO 45980 --- [           main] o.a.dubbo.config.context.ConfigManager   :  [DUBBO] <dubbo:application enableFileCache="true" logger="slf4j" qosPort="22230" executorManagementMode="isolation" parameters="{}" name="chat-service" protocol="dubbo" />, dubbo version: 3.2.9, current host: 192.168.220.1
2024-06-24T13:06:20.319+08:00  INFO 45980 --- [           main] o.a.dubbo.config.context.ConfigManager   :  [DUBBO] <dubbo:protocol preferSerialization="fastjson2,hessian2" port="20880" name="dubbo" />, dubbo version: 3.2.9, current host: 192.168.220.1
2024-06-24T13:06:20.319+08:00  INFO 45980 --- [           main] o.a.dubbo.config.context.ConfigManager   :  [DUBBO] <dubbo:registry port="8848" group="DEFAULT_GROUP" address="nacos://101.42.49.89:8848" protocol="nacos" />, dubbo version: 3.2.9, current host: 192.168.220.1
2024-06-24T13:06:20.319+08:00  INFO 45980 --- [           main] o.a.dubbo.config.context.ConfigManager   :  [DUBBO] <dubbo:ssl />, dubbo version: 3.2.9, current host: 192.168.220.1
2024-06-24T13:06:20.386+08:00  INFO 45980 --- [           main] o.a.d.c.deploy.DefaultModuleDeployer     :  [DUBBO] Dubbo Module[1.1.0] has been initialized!, dubbo version: 3.2.9, current host: 192.168.220.1
2024-06-24T13:06:20.414+08:00  INFO 45980 --- [           main] o.a.d.c.deploy.DefaultModuleDeployer     :  [DUBBO] Dubbo Module[1.1.1] has been initialized!, dubbo version: 3.2.9, current host: 192.168.220.1
2024-06-24T13:06:20.430+08:00  INFO 45980 --- [           main] o.a.d.c.d.DefaultApplicationDeployer     :  [DUBBO] No value is configured in the registry, the MetadataReportFactory extension[name : nacos] supports as the metadata center, dubbo version: 3.2.9, current host: 192.168.220.1
2024-06-24T13:06:20.446+08:00  INFO 45980 --- [           main] o.a.d.c.d.DefaultApplicationDeployer     :  [DUBBO] The registry[<dubbo:registry port="8848" group="DEFAULT_GROUP" address="nacos://101.42.49.89:8848" protocol="nacos" />] will be used as the metadata center, dubbo version: 3.2.9, current host: 192.168.220.1
2024-06-24T13:06:20.453+08:00  INFO 45980 --- [           main] o.a.d.c.d.DefaultApplicationDeployer     :  [DUBBO] use registry as metadata-center: <dubbo:metadata-report group="DEFAULT_GROUP" address="nacos://101.42.49.89:8848" protocol="nacos" port="8848" parameters="{client=null}" />, dubbo version: 3.2.9, current host: 192.168.220.1
2024-06-24T13:06:20.762+08:00  INFO 45980 --- [           main] c.a.n.p.a.s.c.ClientAuthPluginManager    : [ClientAuthPluginManager] Load ClientAuthService com.alibaba.nacos.client.auth.impl.NacosClientAuthServiceImpl success.
2024-06-24T13:06:20.762+08:00  INFO 45980 --- [           main] c.a.n.p.a.s.c.ClientAuthPluginManager    : [ClientAuthPluginManager] Load ClientAuthService com.alibaba.nacos.client.auth.ram.RamClientAuthServiceImpl success.
2024-06-24T13:06:20.762+08:00  INFO 45980 --- [           main] com.alibaba.nacos.common.remote.client   : [RpcClientFactory] create a new rpc client of 58caaa94-e0aa-41bd-9824-47478d9e132b_config-0
2024-06-24T13:06:20.762+08:00  INFO 45980 --- [           main] com.alibaba.nacos.common.remote.client   : [58caaa94-e0aa-41bd-9824-47478d9e132b_config-0] Register server push request handler:com.alibaba.nacos.client.config.impl.ClientWorker$ConfigRpcTransportClient$$Lambda$1159/0x0000026be3660848
2024-06-24T13:06:20.762+08:00  INFO 45980 --- [           main] com.alibaba.nacos.common.remote.client   : [58caaa94-e0aa-41bd-9824-47478d9e132b_config-0] Register server push request handler:com.alibaba.nacos.client.config.impl.ClientWorker$ConfigRpcTransportClient$$Lambda$1160/0x0000026be3660c68
2024-06-24T13:06:20.762+08:00  INFO 45980 --- [           main] com.alibaba.nacos.common.remote.client   : [58caaa94-e0aa-41bd-9824-47478d9e132b_config-0] Registry connection listener to current client:com.alibaba.nacos.client.config.impl.ClientWorker$ConfigRpcTransportClient$1
2024-06-24T13:06:20.762+08:00  INFO 45980 --- [           main] com.alibaba.nacos.common.remote.client   : [58caaa94-e0aa-41bd-9824-47478d9e132b_config-0] RpcClient init, ServerListFactory = com.alibaba.nacos.client.config.impl.ClientWorker$ConfigRpcTransportClient$2
2024-06-24T13:06:20.762+08:00  INFO 45980 --- [           main] com.alibaba.nacos.common.remote.client   : [58caaa94-e0aa-41bd-9824-47478d9e132b_config-0] Try to connect to server on start up, server: {serverIp = '101.42.49.89', server main port = 8848}
2024-06-24T13:06:20.762+08:00  INFO 45980 --- [           main] c.a.n.c.remote.client.grpc.GrpcClient    : grpc client connection server:101.42.49.89 ip,serverPort:9848,grpcTslConfig:{"sslProvider":"OPENSSL","enableTls":false,"mutualAuthEnable":false,"trustAll":false}
2024-06-24T13:06:20.999+08:00  INFO 45980 --- [           main] com.alibaba.nacos.common.remote.client   : [58caaa94-e0aa-41bd-9824-47478d9e132b_config-0] Success to connect to server [101.42.49.89:8848] on start up, connectionId = 1719205578370_111.187.10.133_57378
2024-06-24T13:06:21.000+08:00  INFO 45980 --- [           main] com.alibaba.nacos.common.remote.client   : [58caaa94-e0aa-41bd-9824-47478d9e132b_config-0] Register server push request handler:com.alibaba.nacos.common.remote.client.RpcClient$ConnectResetRequestHandler
2024-06-24T13:06:21.000+08:00  INFO 45980 --- [t.remote.worker] com.alibaba.nacos.common.remote.client   : [58caaa94-e0aa-41bd-9824-47478d9e132b_config-0] Notify connected event to listeners.
2024-06-24T13:06:21.000+08:00  INFO 45980 --- [           main] com.alibaba.nacos.common.remote.client   : [58caaa94-e0aa-41bd-9824-47478d9e132b_config-0] Register server push request handler:com.alibaba.nacos.common.remote.client.RpcClient$$Lambda$1176/0x0000026be37a4120
2024-06-24T13:06:21.000+08:00  INFO 45980 --- [t.remote.worker] c.a.n.client.config.impl.ClientWorker    : [58caaa94-e0aa-41bd-9824-47478d9e132b_config-0] Connected,notify listen context...
2024-06-24T13:06:21.038+08:00  INFO 45980 --- [           main] o.a.d.c.d.DefaultApplicationDeployer     :  [DUBBO] Dubbo Application[1.1](chat-service) has been initialized!, dubbo version: 3.2.9, current host: 192.168.220.1
 SocketIO server started on port 9092
2024-06-24T13:06:21.318+08:00  INFO 45980 --- [           main] o.a.d.c.s.reference.ReferenceCreator     :  [DUBBO] The configBean[type:ReferenceConfig<com.tongji.microservice.teamsphere.dubbo.api.UserService>] has been built., dubbo version: 3.2.9, current host: 192.168.220.1
2024-06-24T13:06:21.556+08:00  INFO 45980 --- [           main] o.a.d.c.s.reference.ReferenceCreator     :  [DUBBO] The configBean[type:ReferenceConfig<com.tongji.microservice.teamsphere.dubbo.api.ChatService>] has been built., dubbo version: 3.2.9, current host: 192.168.220.1
正在启动服务器... Starting SocketIO server...
2024-06-24T13:06:21.571+08:00  INFO 45980 --- [           main] c.c.socketio.SocketIOServer              : Session store / pubsub factory used: MemoryStoreFactory (local session store only)
2024-06-24T13:06:22.844+08:00 ERROR 45980 --- [ntLoopGroup-2-1] c.c.socketio.SocketIOServer              : SocketIO server start failed at port: 9092!
2024-06-24T13:06:22.844+08:00  WARN 45980 --- [           main] o.s.w.c.s.GenericWebApplicationContext   : Exception encountered during context initialization - cancelling refresh attempt: org.springframework.beans.factory.BeanCreationException: Error creating bean with name 'socketIOService': Invocation of init method failed
2024-06-24T13:06:22.876+08:00  INFO 45980 --- [           main] .s.b.a.l.ConditionEvaluationReportLogger : 

Error starting ApplicationContext. To display the condition evaluation report re-run your application with 'debug' enabled.
2024-06-24T13:06:22.939+08:00 ERROR 45980 --- [           main] o.s.boot.SpringApplication               : Application run failed

org.springframework.beans.factory.BeanCreationException: Error creating bean with name 'socketIOService': Invocation of init method failed
	at org.springframework.beans.factory.annotation.InitDestroyAnnotationBeanPostProcessor.postProcessBeforeInitialization(InitDestroyAnnotationBeanPostProcessor.java:222) ~[spring-beans-6.0.11.jar:6.0.11]
	at org.springframework.beans.factory.support.AbstractAutowireCapableBeanFactory.applyBeanPostProcessorsBeforeInitialization(AbstractAutowireCapableBeanFactory.java:419) ~[spring-beans-6.0.11.jar:6.0.11]
	at org.springframework.beans.factory.support.AbstractAutowireCapableBeanFactory.initializeBean(AbstractAutowireCapableBeanFactory.java:1762) ~[spring-beans-6.0.11.jar:6.0.11]
	at org.springframework.beans.factory.support.AbstractAutowireCapableBeanFactory.doCreateBean(AbstractAutowireCapableBeanFactory.java:598) ~[spring-beans-6.0.11.jar:6.0.11]
	at org.springframework.beans.factory.support.AbstractAutowireCapableBeanFactory.createBean(AbstractAutowireCapableBeanFactory.java:520) ~[spring-beans-6.0.11.jar:6.0.11]
	at org.springframework.beans.factory.support.AbstractBeanFactory.lambda$doGetBean$0(AbstractBeanFactory.java:326) ~[spring-beans-6.0.11.jar:6.0.11]
	at org.springframework.beans.factory.support.DefaultSingletonBeanRegistry.getSingleton(DefaultSingletonBeanRegistry.java:234) ~[spring-beans-6.0.11.jar:6.0.11]
	at org.springframework.beans.factory.support.AbstractBeanFactory.doGetBean(AbstractBeanFactory.java:324) ~[spring-beans-6.0.11.jar:6.0.11]
	at org.springframework.beans.factory.support.AbstractBeanFactory.getBean(AbstractBeanFactory.java:200) ~[spring-beans-6.0.11.jar:6.0.11]
	at org.springframework.beans.factory.support.DefaultListableBeanFactory.preInstantiateSingletons(DefaultListableBeanFactory.java:973) ~[spring-beans-6.0.11.jar:6.0.11]
	at org.springframework.context.support.AbstractApplicationContext.finishBeanFactoryInitialization(AbstractApplicationContext.java:942) ~[spring-context-6.0.11.jar:6.0.11]
	at org.springframework.context.support.AbstractApplicationContext.refresh(AbstractApplicationContext.java:608) ~[spring-context-6.0.11.jar:6.0.11]
	at org.springframework.boot.SpringApplication.refresh(SpringApplication.java:734) ~[spring-boot-3.1.2.jar:3.1.2]
	at org.springframework.boot.SpringApplication.refreshContext(SpringApplication.java:436) ~[spring-boot-3.1.2.jar:3.1.2]
	at org.springframework.boot.SpringApplication.run(SpringApplication.java:312) ~[spring-boot-3.1.2.jar:3.1.2]
	at org.springframework.boot.test.context.SpringBootContextLoader.lambda$loadContext$3(SpringBootContextLoader.java:137) ~[spring-boot-test-3.1.2.jar:3.1.2]
	at org.springframework.util.function.ThrowingSupplier.get(ThrowingSupplier.java:58) ~[spring-core-6.0.11.jar:6.0.11]
	at org.springframework.util.function.ThrowingSupplier.get(ThrowingSupplier.java:46) ~[spring-core-6.0.11.jar:6.0.11]
	at org.springframework.boot.SpringApplication.withHook(SpringApplication.java:1406) ~[spring-boot-3.1.2.jar:3.1.2]
	at org.springframework.boot.test.context.SpringBootContextLoader$ContextLoaderHook.run(SpringBootContextLoader.java:545) ~[spring-boot-test-3.1.2.jar:3.1.2]
	at org.springframework.boot.test.context.SpringBootContextLoader.loadContext(SpringBootContextLoader.java:137) ~[spring-boot-test-3.1.2.jar:3.1.2]
	at org.springframework.boot.test.context.SpringBootContextLoader.loadContext(SpringBootContextLoader.java:108) ~[spring-boot-test-3.1.2.jar:3.1.2]
	at org.springframework.test.context.cache.DefaultCacheAwareContextLoaderDelegate.loadContextInternal(DefaultCacheAwareContextLoaderDelegate.java:187) ~[spring-test-6.0.11.jar:6.0.11]
	at org.springframework.test.context.cache.DefaultCacheAwareContextLoaderDelegate.loadContext(DefaultCacheAwareContextLoaderDelegate.java:119) ~[spring-test-6.0.11.jar:6.0.11]
	at org.springframework.test.context.support.DefaultTestContext.getApplicationContext(DefaultTestContext.java:127) ~[spring-test-6.0.11.jar:6.0.11]
	at org.springframework.test.context.web.ServletTestExecutionListener.setUpRequestContextIfNecessary(ServletTestExecutionListener.java:191) ~[spring-test-6.0.11.jar:6.0.11]
	at org.springframework.test.context.web.ServletTestExecutionListener.prepareTestInstance(ServletTestExecutionListener.java:130) ~[spring-test-6.0.11.jar:6.0.11]
	at org.springframework.test.context.TestContextManager.prepareTestInstance(TestContextManager.java:241) ~[spring-test-6.0.11.jar:6.0.11]
	at org.springframework.test.context.junit.jupiter.SpringExtension.postProcessTestInstance(SpringExtension.java:138) ~[spring-test-6.0.11.jar:6.0.11]
	at org.junit.jupiter.engine.descriptor.ClassBasedTestDescriptor.lambda$invokeTestInstancePostProcessors$10(ClassBasedTestDescriptor.java:377) ~[junit-jupiter-engine-5.9.3.jar:5.9.3]
	at org.junit.jupiter.engine.descriptor.ClassBasedTestDescriptor.executeAndMaskThrowable(ClassBasedTestDescriptor.java:382) ~[junit-jupiter-engine-5.9.3.jar:5.9.3]
	at org.junit.jupiter.engine.descriptor.ClassBasedTestDescriptor.lambda$invokeTestInstancePostProcessors$11(ClassBasedTestDescriptor.java:377) ~[junit-jupiter-engine-5.9.3.jar:5.9.3]
	at java.base/java.util.stream.ReferencePipeline$3$1.accept(ReferencePipeline.java:197) ~[na:na]
	at java.base/java.util.stream.ReferencePipeline$2$1.accept(ReferencePipeline.java:179) ~[na:na]
	at java.base/java.util.ArrayList$ArrayListSpliterator.forEachRemaining(ArrayList.java:1625) ~[na:na]
	at java.base/java.util.stream.AbstractPipeline.copyInto(AbstractPipeline.java:509) ~[na:na]
	at java.base/java.util.stream.AbstractPipeline.wrapAndCopyInto(AbstractPipeline.java:499) ~[na:na]
	at java.base/java.util.stream.StreamSpliterators$WrappingSpliterator.forEachRemaining(StreamSpliterators.java:310) ~[na:na]
	at java.base/java.util.stream.Streams$ConcatSpliterator.forEachRemaining(Streams.java:735) ~[na:na]
	at java.base/java.util.stream.Streams$ConcatSpliterator.forEachRemaining(Streams.java:734) ~[na:na]
	at java.base/java.util.stream.ReferencePipeline$Head.forEach(ReferencePipeline.java:762) ~[na:na]
	at org.junit.jupiter.engine.descriptor.ClassBasedTestDescriptor.invokeTestInstancePostProcessors(ClassBasedTestDescriptor.java:376) ~[junit-jupiter-engine-5.9.3.jar:5.9.3]
	at org.junit.jupiter.engine.descriptor.ClassBasedTestDescriptor.lambda$instantiateAndPostProcessTestInstance$6(ClassBasedTestDescriptor.java:289) ~[junit-jupiter-engine-5.9.3.jar:5.9.3]
	at org.junit.platform.engine.support.hierarchical.ThrowableCollector.execute(ThrowableCollector.java:73) ~[junit-platform-engine-1.9.3.jar:1.9.3]
	at org.junit.jupiter.engine.descriptor.ClassBasedTestDescriptor.instantiateAndPostProcessTestInstance(ClassBasedTestDescriptor.java:288) ~[junit-jupiter-engine-5.9.3.jar:5.9.3]
	at org.junit.jupiter.engine.descriptor.ClassBasedTestDescriptor.lambda$testInstancesProvider$4(ClassBasedTestDescriptor.java:278) ~[junit-jupiter-engine-5.9.3.jar:5.9.3]
	at java.base/java.util.Optional.orElseGet(Optional.java:364) ~[na:na]
	at org.junit.jupiter.engine.descriptor.ClassBasedTestDescriptor.lambda$testInstancesProvider$5(ClassBasedTestDescriptor.java:277) ~[junit-jupiter-engine-5.9.3.jar:5.9.3]
	at org.junit.jupiter.engine.execution.TestInstancesProvider.getTestInstances(TestInstancesProvider.java:31) ~[junit-jupiter-engine-5.9.3.jar:5.9.3]
	at org.junit.jupiter.engine.descriptor.TestMethodTestDescriptor.lambda$prepare$0(TestMethodTestDescriptor.java:105) ~[junit-jupiter-engine-5.9.3.jar:5.9.3]
	at org.junit.platform.engine.support.hierarchical.ThrowableCollector.execute(ThrowableCollector.java:73) ~[junit-platform-engine-1.9.3.jar:1.9.3]
	at org.junit.jupiter.engine.descriptor.TestMethodTestDescriptor.prepare(TestMethodTestDescriptor.java:104) ~[junit-jupiter-engine-5.9.3.jar:5.9.3]
	at org.junit.jupiter.engine.descriptor.TestMethodTestDescriptor.prepare(TestMethodTestDescriptor.java:68) ~[junit-jupiter-engine-5.9.3.jar:5.9.3]
	at org.junit.platform.engine.support.hierarchical.NodeTestTask.lambda$prepare$2(NodeTestTask.java:123) ~[junit-platform-engine-1.9.3.jar:1.9.3]
	at org.junit.platform.engine.support.hierarchical.ThrowableCollector.execute(ThrowableCollector.java:73) ~[junit-platform-engine-1.9.3.jar:1.9.3]
	at org.junit.platform.engine.support.hierarchical.NodeTestTask.prepare(NodeTestTask.java:123) ~[junit-platform-engine-1.9.3.jar:1.9.3]
	at org.junit.platform.engine.support.hierarchical.NodeTestTask.execute(NodeTestTask.java:90) ~[junit-platform-engine-1.9.3.jar:1.9.3]
	at java.base/java.util.ArrayList.forEach(ArrayList.java:1511) ~[na:na]
	at org.junit.platform.engine.support.hierarchical.SameThreadHierarchicalTestExecutorService.invokeAll(SameThreadHierarchicalTestExecutorService.java:41) ~[junit-platform-engine-1.9.3.jar:1.9.3]
	at org.junit.platform.engine.support.hierarchical.NodeTestTask.lambda$executeRecursively$6(NodeTestTask.java:155) ~[junit-platform-engine-1.9.3.jar:1.9.3]
	at org.junit.platform.engine.support.hierarchical.ThrowableCollector.execute(ThrowableCollector.java:73) ~[junit-platform-engine-1.9.3.jar:1.9.3]
	at org.junit.platform.engine.support.hierarchical.NodeTestTask.lambda$executeRecursively$8(NodeTestTask.java:141) ~[junit-platform-engine-1.9.3.jar:1.9.3]
	at org.junit.platform.engine.support.hierarchical.Node.around(Node.java:137) ~[junit-platform-engine-1.9.3.jar:1.9.3]
	at org.junit.platform.engine.support.hierarchical.NodeTestTask.lambda$executeRecursively$9(NodeTestTask.java:139) ~[junit-platform-engine-1.9.3.jar:1.9.3]
	at org.junit.platform.engine.support.hierarchical.ThrowableCollector.execute(ThrowableCollector.java:73) ~[junit-platform-engine-1.9.3.jar:1.9.3]
	at org.junit.platform.engine.support.hierarchical.NodeTestTask.executeRecursively(NodeTestTask.java:138) ~[junit-platform-engine-1.9.3.jar:1.9.3]
	at org.junit.platform.engine.support.hierarchical.NodeTestTask.execute(NodeTestTask.java:95) ~[junit-platform-engine-1.9.3.jar:1.9.3]
	at java.base/java.util.ArrayList.forEach(ArrayList.java:1511) ~[na:na]
	at org.junit.platform.engine.support.hierarchical.SameThreadHierarchicalTestExecutorService.invokeAll(SameThreadHierarchicalTestExecutorService.java:41) ~[junit-platform-engine-1.9.3.jar:1.9.3]
	at org.junit.platform.engine.support.hierarchical.NodeTestTask.lambda$executeRecursively$6(NodeTestTask.java:155) ~[junit-platform-engine-1.9.3.jar:1.9.3]
	at org.junit.platform.engine.support.hierarchical.ThrowableCollector.execute(ThrowableCollector.java:73) ~[junit-platform-engine-1.9.3.jar:1.9.3]
	at org.junit.platform.engine.support.hierarchical.NodeTestTask.lambda$executeRecursively$8(NodeTestTask.java:141) ~[junit-platform-engine-1.9.3.jar:1.9.3]
	at org.junit.platform.engine.support.hierarchical.Node.around(Node.java:137) ~[junit-platform-engine-1.9.3.jar:1.9.3]
	at org.junit.platform.engine.support.hierarchical.NodeTestTask.lambda$executeRecursively$9(NodeTestTask.java:139) ~[junit-platform-engine-1.9.3.jar:1.9.3]
	at org.junit.platform.engine.support.hierarchical.ThrowableCollector.execute(ThrowableCollector.java:73) ~[junit-platform-engine-1.9.3.jar:1.9.3]
	at org.junit.platform.engine.support.hierarchical.NodeTestTask.executeRecursively(NodeTestTask.java:138) ~[junit-platform-engine-1.9.3.jar:1.9.3]
	at org.junit.platform.engine.support.hierarchical.NodeTestTask.execute(NodeTestTask.java:95) ~[junit-platform-engine-1.9.3.jar:1.9.3]
	at org.junit.platform.engine.support.hierarchical.SameThreadHierarchicalTestExecutorService.submit(SameThreadHierarchicalTestExecutorService.java:35) ~[junit-platform-engine-1.9.3.jar:1.9.3]
	at org.junit.platform.engine.support.hierarchical.HierarchicalTestExecutor.execute(HierarchicalTestExecutor.java:57) ~[junit-platform-engine-1.9.3.jar:1.9.3]
	at org.junit.platform.engine.support.hierarchical.HierarchicalTestEngine.execute(HierarchicalTestEngine.java:54) ~[junit-platform-engine-1.9.3.jar:1.9.3]
	at org.junit.platform.launcher.core.EngineExecutionOrchestrator.execute(EngineExecutionOrchestrator.java:147) ~[junit-platform-launcher-1.9.3.jar:1.9.3]
	at org.junit.platform.launcher.core.EngineExecutionOrchestrator.execute(EngineExecutionOrchestrator.java:127) ~[junit-platform-launcher-1.9.3.jar:1.9.3]
	at org.junit.platform.launcher.core.EngineExecutionOrchestrator.execute(EngineExecutionOrchestrator.java:90) ~[junit-platform-launcher-1.9.3.jar:1.9.3]
	at org.junit.platform.launcher.core.EngineExecutionOrchestrator.lambda$execute$0(EngineExecutionOrchestrator.java:55) ~[junit-platform-launcher-1.9.3.jar:1.9.3]
	at org.junit.platform.launcher.core.EngineExecutionOrchestrator.withInterceptedStreams(EngineExecutionOrchestrator.java:102) ~[junit-platform-launcher-1.9.3.jar:1.9.3]
	at org.junit.platform.launcher.core.EngineExecutionOrchestrator.execute(EngineExecutionOrchestrator.java:54) ~[junit-platform-launcher-1.9.3.jar:1.9.3]
	at org.junit.platform.launcher.core.DefaultLauncher.execute(DefaultLauncher.java:114) ~[junit-platform-launcher-1.9.3.jar:1.9.3]
	at org.junit.platform.launcher.core.DefaultLauncher.execute(DefaultLauncher.java:86) ~[junit-platform-launcher-1.9.3.jar:1.9.3]
	at org.junit.platform.launcher.core.DefaultLauncherSession$DelegatingLauncher.execute(DefaultLauncherSession.java:86) ~[junit-platform-launcher-1.9.3.jar:1.9.3]
	at org.apache.maven.surefire.junitplatform.LazyLauncher.execute(LazyLauncher.java:56) ~[surefire-junit-platform-3.2.2.jar:3.2.2]
	at org.apache.maven.surefire.junitplatform.JUnitPlatformProvider.execute(JUnitPlatformProvider.java:184) ~[surefire-junit-platform-3.2.2.jar:3.2.2]
	at org.apache.maven.surefire.junitplatform.JUnitPlatformProvider.invokeAllTests(JUnitPlatformProvider.java:148) ~[surefire-junit-platform-3.2.2.jar:3.2.2]
	at org.apache.maven.surefire.junitplatform.JUnitPlatformProvider.invoke(JUnitPlatformProvider.java:122) ~[surefire-junit-platform-3.2.2.jar:3.2.2]
	at org.apache.maven.surefire.booter.ForkedBooter.runSuitesInProcess(ForkedBooter.java:385) ~[surefire-booter-3.2.2.jar:3.2.2]
	at org.apache.maven.surefire.booter.ForkedBooter.execute(ForkedBooter.java:162) ~[surefire-booter-3.2.2.jar:3.2.2]
	at org.apache.maven.surefire.booter.ForkedBooter.run(ForkedBooter.java:507) ~[surefire-booter-3.2.2.jar:3.2.2]
	at org.apache.maven.surefire.booter.ForkedBooter.main(ForkedBooter.java:495) ~[surefire-booter-3.2.2.jar:3.2.2]
Caused by: java.net.BindException: Address already in use: bind
	at java.base/sun.nio.ch.Net.bind0(Native Method) ~[na:na]
	at java.base/sun.nio.ch.Net.bind(Net.java:555) ~[na:na]
	at java.base/sun.nio.ch.ServerSocketChannelImpl.netBind(ServerSocketChannelImpl.java:337) ~[na:na]
	at java.base/sun.nio.ch.ServerSocketChannelImpl.bind(ServerSocketChannelImpl.java:294) ~[na:na]
	at io.netty.channel.socket.nio.NioServerSocketChannel.doBind(NioServerSocketChannel.java:141) ~[netty-transport-4.1.94.Final.jar:4.1.94.Final]
	at io.netty.channel.AbstractChannel$AbstractUnsafe.bind(AbstractChannel.java:562) ~[netty-transport-4.1.94.Final.jar:4.1.94.Final]
	at io.netty.channel.DefaultChannelPipeline$HeadContext.bind(DefaultChannelPipeline.java:1334) ~[netty-transport-4.1.94.Final.jar:4.1.94.Final]
	at io.netty.channel.AbstractChannelHandlerContext.invokeBind(AbstractChannelHandlerContext.java:600) ~[netty-transport-4.1.94.Final.jar:4.1.94.Final]
	at io.netty.channel.AbstractChannelHandlerContext.bind(AbstractChannelHandlerContext.java:579) ~[netty-transport-4.1.94.Final.jar:4.1.94.Final]
	at io.netty.channel.DefaultChannelPipeline.bind(DefaultChannelPipeline.java:973) ~[netty-transport-4.1.94.Final.jar:4.1.94.Final]
	at io.netty.channel.AbstractChannel.bind(AbstractChannel.java:260) ~[netty-transport-4.1.94.Final.jar:4.1.94.Final]
	at io.netty.bootstrap.AbstractBootstrap$2.run(AbstractBootstrap.java:356) ~[netty-transport-4.1.94.Final.jar:4.1.94.Final]
	at io.netty.util.concurrent.AbstractEventExecutor.runTask(AbstractEventExecutor.java:174) ~[netty-common-4.1.94.Final.jar:4.1.94.Final]
	at io.netty.util.concurrent.AbstractEventExecutor.safeExecute(AbstractEventExecutor.java:167) ~[netty-common-4.1.94.Final.jar:4.1.94.Final]
	at io.netty.util.concurrent.SingleThreadEventExecutor.runAllTasks(SingleThreadEventExecutor.java:470) ~[netty-common-4.1.94.Final.jar:4.1.94.Final]
	at io.netty.channel.nio.NioEventLoop.run(NioEventLoop.java:569) ~[netty-transport-4.1.94.Final.jar:4.1.94.Final]
	at io.netty.util.concurrent.SingleThreadEventExecutor$4.run(SingleThreadEventExecutor.java:997) ~[netty-common-4.1.94.Final.jar:4.1.94.Final]
	at io.netty.util.internal.ThreadExecutorMap$2.run(ThreadExecutorMap.java:74) ~[netty-common-4.1.94.Final.jar:4.1.94.Final]
	at io.netty.util.concurrent.FastThreadLocalRunnable.run(FastThreadLocalRunnable.java:30) ~[netty-common-4.1.94.Final.jar:4.1.94.Final]
	at java.base/java.lang.Thread.run(Thread.java:842) ~[na:na]

2024-06-24T13:06:22.970+08:00 ERROR 45980 --- [           main] o.s.test.context.TestContextManager      : Caught exception while allowing TestExecutionListener [org.springframework.test.context.web.ServletTestExecutionListener] to prepare test instance [com.tongji.microservice.teamsphere.TeamsphereChatApplicationTests@19877453]

java.lang.IllegalStateException: Failed to load ApplicationContext for [WebMergedContextConfiguration@10264cb0 testClass = com.tongji.microservice.teamsphere.TeamsphereChatApplicationTests, locations = [], classes = [com.tongji.microservice.teamsphere.chatservice.TeamsphereChatApplication], contextInitializerClasses = [], activeProfiles = [], propertySourceLocations = [], propertySourceProperties = ["org.springframework.boot.test.context.SpringBootTestContextBootstrapper=true"], contextCustomizers = [org.springframework.boot.test.context.filter.ExcludeFilterContextCustomizer@7b7683d4, org.springframework.boot.test.json.DuplicateJsonObjectContextCustomizerFactory$DuplicateJsonObjectContextCustomizer@3f92a84e, org.springframework.boot.test.mock.mockito.MockitoContextCustomizer@0, org.springframework.boot.test.web.client.TestRestTemplateContextCustomizer@523d6bdb, org.springframework.boot.test.autoconfigure.actuate.observability.ObservabilityContextCustomizerFactory$DisableObservabilityContextCustomizer@1f, org.springframework.boot.test.autoconfigure.properties.PropertyMappingContextCustomizer@0, org.springframework.boot.test.autoconfigure.web.servlet.WebDriverContextCustomizerFactory$Customizer@4c2fb9dd, org.springframework.boot.test.context.SpringBootTestAnnotation@11f80278], resourceBasePath = "src/main/webapp", contextLoader = org.springframework.boot.test.context.SpringBootContextLoader, parent = null]
	at org.springframework.test.context.cache.DefaultCacheAwareContextLoaderDelegate.loadContext(DefaultCacheAwareContextLoaderDelegate.java:143) ~[spring-test-6.0.11.jar:6.0.11]
	at org.springframework.test.context.support.DefaultTestContext.getApplicationContext(DefaultTestContext.java:127) ~[spring-test-6.0.11.jar:6.0.11]
	at org.springframework.test.context.web.ServletTestExecutionListener.setUpRequestContextIfNecessary(ServletTestExecutionListener.java:191) ~[spring-test-6.0.11.jar:6.0.11]
	at org.springframework.test.context.web.ServletTestExecutionListener.prepareTestInstance(ServletTestExecutionListener.java:130) ~[spring-test-6.0.11.jar:6.0.11]
	at org.springframework.test.context.TestContextManager.prepareTestInstance(TestContextManager.java:241) ~[spring-test-6.0.11.jar:6.0.11]
	at org.springframework.test.context.junit.jupiter.SpringExtension.postProcessTestInstance(SpringExtension.java:138) ~[spring-test-6.0.11.jar:6.0.11]
	at org.junit.jupiter.engine.descriptor.ClassBasedTestDescriptor.lambda$invokeTestInstancePostProcessors$10(ClassBasedTestDescriptor.java:377) ~[junit-jupiter-engine-5.9.3.jar:5.9.3]
	at org.junit.jupiter.engine.descriptor.ClassBasedTestDescriptor.executeAndMaskThrowable(ClassBasedTestDescriptor.java:382) ~[junit-jupiter-engine-5.9.3.jar:5.9.3]
	at org.junit.jupiter.engine.descriptor.ClassBasedTestDescriptor.lambda$invokeTestInstancePostProcessors$11(ClassBasedTestDescriptor.java:377) ~[junit-jupiter-engine-5.9.3.jar:5.9.3]
	at java.base/java.util.stream.ReferencePipeline$3$1.accept(ReferencePipeline.java:197) ~[na:na]
	at java.base/java.util.stream.ReferencePipeline$2$1.accept(ReferencePipeline.java:179) ~[na:na]
	at java.base/java.util.ArrayList$ArrayListSpliterator.forEachRemaining(ArrayList.java:1625) ~[na:na]
	at java.base/java.util.stream.AbstractPipeline.copyInto(AbstractPipeline.java:509) ~[na:na]
	at java.base/java.util.stream.AbstractPipeline.wrapAndCopyInto(AbstractPipeline.java:499) ~[na:na]
	at java.base/java.util.stream.StreamSpliterators$WrappingSpliterator.forEachRemaining(StreamSpliterators.java:310) ~[na:na]
	at java.base/java.util.stream.Streams$ConcatSpliterator.forEachRemaining(Streams.java:735) ~[na:na]
	at java.base/java.util.stream.Streams$ConcatSpliterator.forEachRemaining(Streams.java:734) ~[na:na]
	at java.base/java.util.stream.ReferencePipeline$Head.forEach(ReferencePipeline.java:762) ~[na:na]
	at org.junit.jupiter.engine.descriptor.ClassBasedTestDescriptor.invokeTestInstancePostProcessors(ClassBasedTestDescriptor.java:376) ~[junit-jupiter-engine-5.9.3.jar:5.9.3]
	at org.junit.jupiter.engine.descriptor.ClassBasedTestDescriptor.lambda$instantiateAndPostProcessTestInstance$6(ClassBasedTestDescriptor.java:289) ~[junit-jupiter-engine-5.9.3.jar:5.9.3]
	at org.junit.platform.engine.support.hierarchical.ThrowableCollector.execute(ThrowableCollector.java:73) ~[junit-platform-engine-1.9.3.jar:1.9.3]
	at org.junit.jupiter.engine.descriptor.ClassBasedTestDescriptor.instantiateAndPostProcessTestInstance(ClassBasedTestDescriptor.java:288) ~[junit-jupiter-engine-5.9.3.jar:5.9.3]
	at org.junit.jupiter.engine.descriptor.ClassBasedTestDescriptor.lambda$testInstancesProvider$4(ClassBasedTestDescriptor.java:278) ~[junit-jupiter-engine-5.9.3.jar:5.9.3]
	at java.base/java.util.Optional.orElseGet(Optional.java:364) ~[na:na]
	at org.junit.jupiter.engine.descriptor.ClassBasedTestDescriptor.lambda$testInstancesProvider$5(ClassBasedTestDescriptor.java:277) ~[junit-jupiter-engine-5.9.3.jar:5.9.3]
	at org.junit.jupiter.engine.execution.TestInstancesProvider.getTestInstances(TestInstancesProvider.java:31) ~[junit-jupiter-engine-5.9.3.jar:5.9.3]
	at org.junit.jupiter.engine.descriptor.TestMethodTestDescriptor.lambda$prepare$0(TestMethodTestDescriptor.java:105) ~[junit-jupiter-engine-5.9.3.jar:5.9.3]
	at org.junit.platform.engine.support.hierarchical.ThrowableCollector.execute(ThrowableCollector.java:73) ~[junit-platform-engine-1.9.3.jar:1.9.3]
	at org.junit.jupiter.engine.descriptor.TestMethodTestDescriptor.prepare(TestMethodTestDescriptor.java:104) ~[junit-jupiter-engine-5.9.3.jar:5.9.3]
	at org.junit.jupiter.engine.descriptor.TestMethodTestDescriptor.prepare(TestMethodTestDescriptor.java:68) ~[junit-jupiter-engine-5.9.3.jar:5.9.3]
	at org.junit.platform.engine.support.hierarchical.NodeTestTask.lambda$prepare$2(NodeTestTask.java:123) ~[junit-platform-engine-1.9.3.jar:1.9.3]
	at org.junit.platform.engine.support.hierarchical.ThrowableCollector.execute(ThrowableCollector.java:73) ~[junit-platform-engine-1.9.3.jar:1.9.3]
	at org.junit.platform.engine.support.hierarchical.NodeTestTask.prepare(NodeTestTask.java:123) ~[junit-platform-engine-1.9.3.jar:1.9.3]
	at org.junit.platform.engine.support.hierarchical.NodeTestTask.execute(NodeTestTask.java:90) ~[junit-platform-engine-1.9.3.jar:1.9.3]
	at java.base/java.util.ArrayList.forEach(ArrayList.java:1511) ~[na:na]
	at org.junit.platform.engine.support.hierarchical.SameThreadHierarchicalTestExecutorService.invokeAll(SameThreadHierarchicalTestExecutorService.java:41) ~[junit-platform-engine-1.9.3.jar:1.9.3]
	at org.junit.platform.engine.support.hierarchical.NodeTestTask.lambda$executeRecursively$6(NodeTestTask.java:155) ~[junit-platform-engine-1.9.3.jar:1.9.3]
	at org.junit.platform.engine.support.hierarchical.ThrowableCollector.execute(ThrowableCollector.java:73) ~[junit-platform-engine-1.9.3.jar:1.9.3]
	at org.junit.platform.engine.support.hierarchical.NodeTestTask.lambda$executeRecursively$8(NodeTestTask.java:141) ~[junit-platform-engine-1.9.3.jar:1.9.3]
	at org.junit.platform.engine.support.hierarchical.Node.around(Node.java:137) ~[junit-platform-engine-1.9.3.jar:1.9.3]
	at org.junit.platform.engine.support.hierarchical.NodeTestTask.lambda$executeRecursively$9(NodeTestTask.java:139) ~[junit-platform-engine-1.9.3.jar:1.9.3]
	at org.junit.platform.engine.support.hierarchical.ThrowableCollector.execute(ThrowableCollector.java:73) ~[junit-platform-engine-1.9.3.jar:1.9.3]
	at org.junit.platform.engine.support.hierarchical.NodeTestTask.executeRecursively(NodeTestTask.java:138) ~[junit-platform-engine-1.9.3.jar:1.9.3]
	at org.junit.platform.engine.support.hierarchical.NodeTestTask.execute(NodeTestTask.java:95) ~[junit-platform-engine-1.9.3.jar:1.9.3]
	at java.base/java.util.ArrayList.forEach(ArrayList.java:1511) ~[na:na]
	at org.junit.platform.engine.support.hierarchical.SameThreadHierarchicalTestExecutorService.invokeAll(SameThreadHierarchicalTestExecutorService.java:41) ~[junit-platform-engine-1.9.3.jar:1.9.3]
	at org.junit.platform.engine.support.hierarchical.NodeTestTask.lambda$executeRecursively$6(NodeTestTask.java:155) ~[junit-platform-engine-1.9.3.jar:1.9.3]
	at org.junit.platform.engine.support.hierarchical.ThrowableCollector.execute(ThrowableCollector.java:73) ~[junit-platform-engine-1.9.3.jar:1.9.3]
	at org.junit.platform.engine.support.hierarchical.NodeTestTask.lambda$executeRecursively$8(NodeTestTask.java:141) ~[junit-platform-engine-1.9.3.jar:1.9.3]
	at org.junit.platform.engine.support.hierarchical.Node.around(Node.java:137) ~[junit-platform-engine-1.9.3.jar:1.9.3]
	at org.junit.platform.engine.support.hierarchical.NodeTestTask.lambda$executeRecursively$9(NodeTestTask.java:139) ~[junit-platform-engine-1.9.3.jar:1.9.3]
	at org.junit.platform.engine.support.hierarchical.ThrowableCollector.execute(ThrowableCollector.java:73) ~[junit-platform-engine-1.9.3.jar:1.9.3]
	at org.junit.platform.engine.support.hierarchical.NodeTestTask.executeRecursively(NodeTestTask.java:138) ~[junit-platform-engine-1.9.3.jar:1.9.3]
	at org.junit.platform.engine.support.hierarchical.NodeTestTask.execute(NodeTestTask.java:95) ~[junit-platform-engine-1.9.3.jar:1.9.3]
	at org.junit.platform.engine.support.hierarchical.SameThreadHierarchicalTestExecutorService.submit(SameThreadHierarchicalTestExecutorService.java:35) ~[junit-platform-engine-1.9.3.jar:1.9.3]
	at org.junit.platform.engine.support.hierarchical.HierarchicalTestExecutor.execute(HierarchicalTestExecutor.java:57) ~[junit-platform-engine-1.9.3.jar:1.9.3]
	at org.junit.platform.engine.support.hierarchical.HierarchicalTestEngine.execute(HierarchicalTestEngine.java:54) ~[junit-platform-engine-1.9.3.jar:1.9.3]
	at org.junit.platform.launcher.core.EngineExecutionOrchestrator.execute(EngineExecutionOrchestrator.java:147) ~[junit-platform-launcher-1.9.3.jar:1.9.3]
	at org.junit.platform.launcher.core.EngineExecutionOrchestrator.execute(EngineExecutionOrchestrator.java:127) ~[junit-platform-launcher-1.9.3.jar:1.9.3]
	at org.junit.platform.launcher.core.EngineExecutionOrchestrator.execute(EngineExecutionOrchestrator.java:90) ~[junit-platform-launcher-1.9.3.jar:1.9.3]
	at org.junit.platform.launcher.core.EngineExecutionOrchestrator.lambda$execute$0(EngineExecutionOrchestrator.java:55) ~[junit-platform-launcher-1.9.3.jar:1.9.3]
	at org.junit.platform.launcher.core.EngineExecutionOrchestrator.withInterceptedStreams(EngineExecutionOrchestrator.java:102) ~[junit-platform-launcher-1.9.3.jar:1.9.3]
	at org.junit.platform.launcher.core.EngineExecutionOrchestrator.execute(EngineExecutionOrchestrator.java:54) ~[junit-platform-launcher-1.9.3.jar:1.9.3]
	at org.junit.platform.launcher.core.DefaultLauncher.execute(DefaultLauncher.java:114) ~[junit-platform-launcher-1.9.3.jar:1.9.3]
	at org.junit.platform.launcher.core.DefaultLauncher.execute(DefaultLauncher.java:86) ~[junit-platform-launcher-1.9.3.jar:1.9.3]
	at org.junit.platform.launcher.core.DefaultLauncherSession$DelegatingLauncher.execute(DefaultLauncherSession.java:86) ~[junit-platform-launcher-1.9.3.jar:1.9.3]
	at org.apache.maven.surefire.junitplatform.LazyLauncher.execute(LazyLauncher.java:56) ~[surefire-junit-platform-3.2.2.jar:3.2.2]
	at org.apache.maven.surefire.junitplatform.JUnitPlatformProvider.execute(JUnitPlatformProvider.java:184) ~[surefire-junit-platform-3.2.2.jar:3.2.2]
	at org.apache.maven.surefire.junitplatform.JUnitPlatformProvider.invokeAllTests(JUnitPlatformProvider.java:148) ~[surefire-junit-platform-3.2.2.jar:3.2.2]
	at org.apache.maven.surefire.junitplatform.JUnitPlatformProvider.invoke(JUnitPlatformProvider.java:122) ~[surefire-junit-platform-3.2.2.jar:3.2.2]
	at org.apache.maven.surefire.booter.ForkedBooter.runSuitesInProcess(ForkedBooter.java:385) ~[surefire-booter-3.2.2.jar:3.2.2]
	at org.apache.maven.surefire.booter.ForkedBooter.execute(ForkedBooter.java:162) ~[surefire-booter-3.2.2.jar:3.2.2]
	at org.apache.maven.surefire.booter.ForkedBooter.run(ForkedBooter.java:507) ~[surefire-booter-3.2.2.jar:3.2.2]
	at org.apache.maven.surefire.booter.ForkedBooter.main(ForkedBooter.java:495) ~[surefire-booter-3.2.2.jar:3.2.2]
Caused by: org.springframework.beans.factory.BeanCreationException: Error creating bean with name 'socketIOService': Invocation of init method failed
	at org.springframework.beans.factory.annotation.InitDestroyAnnotationBeanPostProcessor.postProcessBeforeInitialization(InitDestroyAnnotationBeanPostProcessor.java:222) ~[spring-beans-6.0.11.jar:6.0.11]
	at org.springframework.beans.factory.support.AbstractAutowireCapableBeanFactory.applyBeanPostProcessorsBeforeInitialization(AbstractAutowireCapableBeanFactory.java:419) ~[spring-beans-6.0.11.jar:6.0.11]
	at org.springframework.beans.factory.support.AbstractAutowireCapableBeanFactory.initializeBean(AbstractAutowireCapableBeanFactory.java:1762) ~[spring-beans-6.0.11.jar:6.0.11]
	at org.springframework.beans.factory.support.AbstractAutowireCapableBeanFactory.doCreateBean(AbstractAutowireCapableBeanFactory.java:598) ~[spring-beans-6.0.11.jar:6.0.11]
	at org.springframework.beans.factory.support.AbstractAutowireCapableBeanFactory.createBean(AbstractAutowireCapableBeanFactory.java:520) ~[spring-beans-6.0.11.jar:6.0.11]
	at org.springframework.beans.factory.support.AbstractBeanFactory.lambda$doGetBean$0(AbstractBeanFactory.java:326) ~[spring-beans-6.0.11.jar:6.0.11]
	at org.springframework.beans.factory.support.DefaultSingletonBeanRegistry.getSingleton(DefaultSingletonBeanRegistry.java:234) ~[spring-beans-6.0.11.jar:6.0.11]
	at org.springframework.beans.factory.support.AbstractBeanFactory.doGetBean(AbstractBeanFactory.java:324) ~[spring-beans-6.0.11.jar:6.0.11]
	at org.springframework.beans.factory.support.AbstractBeanFactory.getBean(AbstractBeanFactory.java:200) ~[spring-beans-6.0.11.jar:6.0.11]
	at org.springframework.beans.factory.support.DefaultListableBeanFactory.preInstantiateSingletons(DefaultListableBeanFactory.java:973) ~[spring-beans-6.0.11.jar:6.0.11]
	at org.springframework.context.support.AbstractApplicationContext.finishBeanFactoryInitialization(AbstractApplicationContext.java:942) ~[spring-context-6.0.11.jar:6.0.11]
	at org.springframework.context.support.AbstractApplicationContext.refresh(AbstractApplicationContext.java:608) ~[spring-context-6.0.11.jar:6.0.11]
	at org.springframework.boot.SpringApplication.refresh(SpringApplication.java:734) ~[spring-boot-3.1.2.jar:3.1.2]
	at org.springframework.boot.SpringApplication.refreshContext(SpringApplication.java:436) ~[spring-boot-3.1.2.jar:3.1.2]
	at org.springframework.boot.SpringApplication.run(SpringApplication.java:312) ~[spring-boot-3.1.2.jar:3.1.2]
	at org.springframework.boot.test.context.SpringBootContextLoader.lambda$loadContext$3(SpringBootContextLoader.java:137) ~[spring-boot-test-3.1.2.jar:3.1.2]
	at org.springframework.util.function.ThrowingSupplier.get(ThrowingSupplier.java:58) ~[spring-core-6.0.11.jar:6.0.11]
	at org.springframework.util.function.ThrowingSupplier.get(ThrowingSupplier.java:46) ~[spring-core-6.0.11.jar:6.0.11]
	at org.springframework.boot.SpringApplication.withHook(SpringApplication.java:1406) ~[spring-boot-3.1.2.jar:3.1.2]
	at org.springframework.boot.test.context.SpringBootContextLoader$ContextLoaderHook.run(SpringBootContextLoader.java:545) ~[spring-boot-test-3.1.2.jar:3.1.2]
	at org.springframework.boot.test.context.SpringBootContextLoader.loadContext(SpringBootContextLoader.java:137) ~[spring-boot-test-3.1.2.jar:3.1.2]
	at org.springframework.boot.test.context.SpringBootContextLoader.loadContext(SpringBootContextLoader.java:108) ~[spring-boot-test-3.1.2.jar:3.1.2]
	at org.springframework.test.context.cache.DefaultCacheAwareContextLoaderDelegate.loadContextInternal(DefaultCacheAwareContextLoaderDelegate.java:187) ~[spring-test-6.0.11.jar:6.0.11]
	at org.springframework.test.context.cache.DefaultCacheAwareContextLoaderDelegate.loadContext(DefaultCacheAwareContextLoaderDelegate.java:119) ~[spring-test-6.0.11.jar:6.0.11]
	... 73 common frames omitted
Caused by: java.net.BindException: Address already in use: bind
	at java.base/sun.nio.ch.Net.bind0(Native Method) ~[na:na]
	at java.base/sun.nio.ch.Net.bind(Net.java:555) ~[na:na]
	at java.base/sun.nio.ch.ServerSocketChannelImpl.netBind(ServerSocketChannelImpl.java:337) ~[na:na]
	at java.base/sun.nio.ch.ServerSocketChannelImpl.bind(ServerSocketChannelImpl.java:294) ~[na:na]
	at io.netty.channel.socket.nio.NioServerSocketChannel.doBind(NioServerSocketChannel.java:141) ~[netty-transport-4.1.94.Final.jar:4.1.94.Final]
	at io.netty.channel.AbstractChannel$AbstractUnsafe.bind(AbstractChannel.java:562) ~[netty-transport-4.1.94.Final.jar:4.1.94.Final]
	at io.netty.channel.DefaultChannelPipeline$HeadContext.bind(DefaultChannelPipeline.java:1334) ~[netty-transport-4.1.94.Final.jar:4.1.94.Final]
	at io.netty.channel.AbstractChannelHandlerContext.invokeBind(AbstractChannelHandlerContext.java:600) ~[netty-transport-4.1.94.Final.jar:4.1.94.Final]
	at io.netty.channel.AbstractChannelHandlerContext.bind(AbstractChannelHandlerContext.java:579) ~[netty-transport-4.1.94.Final.jar:4.1.94.Final]
	at io.netty.channel.DefaultChannelPipeline.bind(DefaultChannelPipeline.java:973) ~[netty-transport-4.1.94.Final.jar:4.1.94.Final]
	at io.netty.channel.AbstractChannel.bind(AbstractChannel.java:260) ~[netty-transport-4.1.94.Final.jar:4.1.94.Final]
	at io.netty.bootstrap.AbstractBootstrap$2.run(AbstractBootstrap.java:356) ~[netty-transport-4.1.94.Final.jar:4.1.94.Final]
	at io.netty.util.concurrent.AbstractEventExecutor.runTask(AbstractEventExecutor.java:174) ~[netty-common-4.1.94.Final.jar:4.1.94.Final]
	at io.netty.util.concurrent.AbstractEventExecutor.safeExecute(AbstractEventExecutor.java:167) ~[netty-common-4.1.94.Final.jar:4.1.94.Final]
	at io.netty.util.concurrent.SingleThreadEventExecutor.runAllTasks(SingleThreadEventExecutor.java:470) ~[netty-common-4.1.94.Final.jar:4.1.94.Final]
	at io.netty.channel.nio.NioEventLoop.run(NioEventLoop.java:569) ~[netty-transport-4.1.94.Final.jar:4.1.94.Final]
	at io.netty.util.concurrent.SingleThreadEventExecutor$4.run(SingleThreadEventExecutor.java:997) ~[netty-common-4.1.94.Final.jar:4.1.94.Final]
	at io.netty.util.internal.ThreadExecutorMap$2.run(ThreadExecutorMap.java:74) ~[netty-common-4.1.94.Final.jar:4.1.94.Final]
	at io.netty.util.concurrent.FastThreadLocalRunnable.run(FastThreadLocalRunnable.java:30) ~[netty-common-4.1.94.Final.jar:4.1.94.Final]
	at java.base/java.lang.Thread.run(Thread.java:842) ~[na:na]

]]></system-out>
    <system-err><![CDATA[


============================
CONDITIONS EVALUATION REPORT
============================


Positive matches:
-----------------

    None


Negative matches:
-----------------

    None


Exclusions:
-----------

    None


Unconditional classes:
----------------------

    None



]]></system-err>
  </testcase>
</testsuite>te>